#
# A fatal error has been detected by the Java Runtime Environment:
#
#  EXCEPTION_ACCESS_VIOLATION (0xc0000005) at pc=0x00007ffa78e8b279, pid=7008, tid=7040
#
# JRE version: OpenJDK Runtime Environment (11.0.11+9) (build 11.0.11+9-b60-7590822)
# Java VM: OpenJDK 64-Bit Server VM (11.0.11+9-b60-7590822, mixed mode, tiered, compressed oops, g1 gc, windows-amd64)
# Problematic frame:
# V  [jvm.dll+0x2db279]
#
# No core dump will be written. Minidumps are not enabled by default on client versions of Windows
#
# If you would like to submit a bug report, please visit:
#   https://bugreport.java.com/bugreport/crash.jsp
#

---------------  S U M M A R Y ------------

Command Line: --add-opens=java.base/java.util=ALL-UNNAMED --add-opens=java.base/java.lang=ALL-UNNAMED --add-opens=java.base/java.lang.invoke=ALL-UNNAMED --add-opens=java.base/java.util=ALL-UNNAMED --add-opens=java.prefs/java.util.prefs=ALL-UNNAMED --add-opens=java.prefs/java.util.prefs=ALL-UNNAMED --add-opens=java.base/java.nio.charset=ALL-UNNAMED --add-opens=java.base/java.net=ALL-UNNAMED --add-opens=java.base/java.util.concurrent.atomic=ALL-UNNAMED -Xmx2048m -Dfile.encoding=UTF-8 -Duser.country=US -Duser.language=en -Duser.variant org.gradle.launcher.daemon.bootstrap.GradleDaemon 7.2

Host: Intel(R) Core(TM) i5-4670T CPU @ 2.30GHz, 4 cores, 15G,  Windows 10 , 64 bit Build 22000 (10.0.22000.434)
Time: Fri Feb  4 12:46:11 2022 India Standard Time elapsed time: 23.999506 seconds (0d 0h 0m 23s)

---------------  T H R E A D  ---------------

Current thread (0x000001f2ce7a8800):  ConcurrentGCThread "G1 Conc#0" [stack: 0x000000a99c000000,0x000000a99c100000] [id=7040]

Stack: [0x000000a99c000000,0x000000a99c100000],  sp=0x000000a99c0ff2d0,  free space=1020k
Native frames: (J=compiled Java code, j=interpreted, Vv=VM code, C=native code)
V  [jvm.dll+0x2db279]
V  [jvm.dll+0x2db1a6]
V  [jvm.dll+0x2d447d]
V  [jvm.dll+0x2d28f1]
V  [jvm.dll+0x2e0cdf]
V  [jvm.dll+0x2e2b2b]
V  [jvm.dll+0x2e46fb]
V  [jvm.dll+0x2e3319]
V  [jvm.dll+0x2e7656]
V  [jvm.dll+0x74d230]
V  [jvm.dll+0x6e80b5]
V  [jvm.dll+0x5f1036]
C  [ucrtbase.dll+0x26c0c]
C  [KERNEL32.DLL+0x154e0]
C  [ntdll.dll+0x485b]


siginfo: EXCEPTION_ACCESS_VIOLATION (0xc0000005), reading address 0x0000000000000160


Register to memory mapping:

RIP=0x00007ffa78e8b279 jvm.dll
RAX=0x000001f2ce787200 points into unknown readable memory: 0x0000000000000000 | 00 00 00 00 00 00 00 00
RBX=0x0000000000040000 is an unknown value
RCX=0x000001f2ce79ebb0 points into unknown readable memory: 0x000001f2ce7a7800 | 00 78 7a ce f2 01 00 00
RDX=0x0 is NULL
RSP=0x000000a99c0ff2d0 points into unknown readable memory: 0x0000000000000091 | 91 00 00 00 00 00 00 00
RBP=0x000001f2ce79ebb0 points into unknown readable memory: 0x000001f2ce7a7800 | 00 78 7a ce f2 01 00 00
RSI=0x000000a99c0ff4c8 points into unknown readable memory: 0x00007ffa793d2fd0 | d0 2f 3d 79 fa 7f 00 00
RDI=0x0000000000040000 is an unknown value
R8 =0x0 is NULL
R9 =0x0000000000040000 is an unknown value
R10=0x000001f2ce79ebb0 points into unknown readable memory: 0x000001f2ce7a7800 | 00 78 7a ce f2 01 00 00
R11=0x000001f2e5c60000 points into unknown readable memory: 0x0000000000000001 | 01 00 00 00 00 00 00 00
R12=0x000000000000000c is an unknown value
R13=0xaaaaaaaaaaaaaaab is an unknown value
R14=0x0 is NULL
R15=0x000000a99c0ff4a0 points into unknown readable memory: 0x000001f2ce79ebb0 | b0 eb 79 ce f2 01 00 00


Registers:
RAX=0x000001f2ce787200, RBX=0x0000000000040000, RCX=0x000001f2ce79ebb0, RDX=0x0000000000000000
RSP=0x000000a99c0ff2d0, RBP=0x000001f2ce79ebb0, RSI=0x000000a99c0ff4c8, RDI=0x0000000000040000
R8 =0x0000000000000000, R9 =0x0000000000040000, R10=0x000001f2ce79ebb0, R11=0x000001f2e5c60000
R12=0x000000000000000c, R13=0xaaaaaaaaaaaaaaab, R14=0x0000000000000000, R15=0x000000a99c0ff4a0
RIP=0x00007ffa78e8b279, EFLAGS=0x0000000000010202

Top of Stack: (sp=0x000000a99c0ff2d0)
0x000000a99c0ff2d0:   0000000000000091 0000000000000001
0x000000a99c0ff2e0:   0000000000000000 00007ffa78e8b1a6
0x000000a99c0ff2f0:   000001f2ce7a9101 00007ffa78e8b1a6
0x000000a99c0ff300:   000000000004c4b4 00000000003b9aca
0x000000a99c0ff310:   000001f2ce7aa740 000000a99c0ff4c8
0x000000a99c0ff320:   0000000000000000 00007ffa78e82fc5
0x000000a99c0ff330:   000000008917a974 00007ffa78e8447d
0x000000a99c0ff340:   0000000089178960 0000000089179564
0x000000a99c0ff350:   000000a99c0ff4a0 000001f2ce7a9101
0x000000a99c0ff360:   0000000100013f08 00007ffa78e828f1
0x000000a99c0ff370:   0000000000000403 0000000089178960
0x000000a99c0ff380:   0000000089178950 0000000000000000
0x000000a99c0ff390:   0000000089178960 00007ffa78e90cdf
0x000000a99c0ff3a0:   000001f2ce7aa740 0000000001240000
0x000000a99c0ff3b0:   000000a99c0ff4a0 0000000000000000
0x000000a99c0ff3c0:   0000000089178960 00007ffa78e92b2b 

Instructions: (pc=0x00007ffa78e8b279)
0x00007ffa78e8b179:   00 00 00 00 48 8b fa 4c 8b ca 49 8b 42 08 8b 53
0x00007ffa78e8b189:   10 8b 88 c0 02 00 00 48 8b 80 b0 02 00 00 49 d3
0x00007ffa78e8b199:   e8 49 8b ca 4e 8b 04 c0 e8 ba 00 00 00 84 c0 75
0x00007ffa78e8b1a9:   0b 48 8b 5c 24 48 48 83 c4 30 5f c3 48 8b 43 20
0x00007ffa78e8b1b9:   48 8b 88 d8 02 00 00 48 8b 83 98 00 00 00 48 85
0x00007ffa78e8b1c9:   c0 74 0e 48 3b f8 72 0e 48 3b bb a0 00 00 00 72
0x00007ffa78e8b1d9:   77 48 3b f9 73 72 80 3d 92 16 72 00 00 74 15 8b
0x00007ffa78e8b1e9:   47 08 8b 0d a7 8a 6d 00 48 d3 e0 48 03 05 95 8a
0x00007ffa78e8b1f9:   6d 00 eb 04 48 8b 47 08 81 78 08 00 00 00 c0 72
0x00007ffa78e8b209:   35 48 8b 83 b0 00 00 00 48 39 83 a8 00 00 00 73
0x00007ffa78e8b219:   10 48 8b 83 c8 00 00 00 48 39 83 c0 00 00 00 72
0x00007ffa78e8b229:   27 48 8b cb e8 9e a3 00 00 b0 01 48 8b 5c 24 48
0x00007ffa78e8b239:   48 83 c4 30 5f c3 48 8d 54 24 40 48 89 7c 24 40
0x00007ffa78e8b249:   48 8b cb e8 2f 19 00 00 b0 01 48 8b 5c 24 48 48
0x00007ffa78e8b259:   83 c4 30 5f c3 cc cc 48 89 5c 24 18 48 89 6c 24
0x00007ffa78e8b269:   20 41 56 48 83 ec 20 49 8b d9 44 8b f2 48 8b e9
0x00007ffa78e8b279:   4d 3b 88 60 01 00 00 72 13 32 c0 48 8b 5c 24 40
0x00007ffa78e8b289:   48 8b 6c 24 48 48 83 c4 20 41 5e c3 48 8b 81 90
0x00007ffa78e8b299:   00 00 00 48 8b d3 48 89 74 24 30 48 2b 10 8b 48
0x00007ffa78e8b2a9:   10 48 c1 ea 03 48 d3 ea 48 8d 48 18 e8 46 33 e3
0x00007ffa78e8b2b9:   ff 0f b6 f0 84 c0 74 6f 48 89 7c 24 38 48 8b 7c
0x00007ffa78e8b2c9:   24 50 48 85 ff 75 2d 40 38 3d a1 15 72 00 74 15
0x00007ffa78e8b2d9:   8b 53 08 8b 0d b6 89 6d 00 48 d3 e2 48 03 15 a4
0x00007ffa78e8b2e9:   89 6d 00 eb 04 48 8b 53 08 48 8b cb e8 66 1f eb
0x00007ffa78e8b2f9:   ff 48 63 f8 48 8b 85 f0 02 00 00 8b 0d 8e 1b 72
0x00007ffa78e8b309:   00 4a 8b 14 f0 48 8b 42 18 48 8b 40 10 48 2b d8
0x00007ffa78e8b319:   48 d3 eb 48 8d 4a 38 8b d3 e8 b9 e4 ff ff 48 01
0x00007ffa78e8b329:   78 08 48 8b 7c 24 38 48 8b 5c 24 40 40 0f b6 c6
0x00007ffa78e8b339:   48 8b 74 24 30 48 8b 6c 24 48 48 83 c4 20 41 5e
0x00007ffa78e8b349:   c3 cc cc cc cc cc cc 4c 8b 81 b8 02 00 00 48 8b
0x00007ffa78e8b359:   81 a8 02 00 00 8b 91 c0 02 00 00 49 03 c0 8b ca
0x00007ffa78e8b369:   48 d3 e0 49 d3 e0 49 2b c0 48 83 e0 f8 c3 cc cc 


Stack slot to memory mapping:
stack at sp + 0 slots: 0x0000000000000091 is an unknown value
stack at sp + 1 slots: 0x0000000000000001 is an unknown value
stack at sp + 2 slots: 0x0 is NULL
stack at sp + 3 slots: 0x00007ffa78e8b1a6 jvm.dll
stack at sp + 4 slots: 0x000001f2ce7a9101 points into unknown readable memory: 00 00 00 00 00 00 00
stack at sp + 5 slots: 0x00007ffa78e8b1a6 jvm.dll
stack at sp + 6 slots: 0x000000000004c4b4 is an unknown value
stack at sp + 7 slots: 0x00000000003b9aca is an unknown value


---------------  P R O C E S S  ---------------

Threads class SMR info:
_java_thread_list=0x000001f2f0633df0, length=87, elements={
0x000001f2ce75c800, 0x000001f2ea30b000, 0x000001f2eab32800, 0x000001f2eab8a800,
0x000001f2eab8e000, 0x000001f2eab8f800, 0x000001f2eab92000, 0x000001f2eab99800,
0x000001f2eab9e000, 0x000001f2ead07000, 0x000001f2ecb5d800, 0x000001f2ebafb000,
0x000001f2edfd1800, 0x000001f2eccaf000, 0x000001f2ecdf3000, 0x000001f2ed16e800,
0x000001f2ed8e1000, 0x000001f2eddf4800, 0x000001f2edc97800, 0x000001f2ece02800,
0x000001f2ece03800, 0x000001f2ece06000, 0x000001f2ece01800, 0x000001f2ece05000,
0x000001f2ece00000, 0x000001f2ece06800, 0x000001f2ece01000, 0x000001f2efe97800,
0x000001f2efe9c800, 0x000001f2efe98000, 0x000001f2efe9a800, 0x000001f2efe9f800,
0x000001f2efe9b800, 0x000001f2efe9a000, 0x000001f2efea3800, 0x000001f2efea3000,
0x000001f2efea0800, 0x000001f2efea5800, 0x000001f2efea4800, 0x000001f2efea1000,
0x000001f2efea2000, 0x000001f2f0d4c000, 0x000001f2f0d4e800, 0x000001f2f0d4d000,
0x000001f2f0d4d800, 0x000001f2f0d4f000, 0x000001f2f0d49800, 0x000001f2f0d50000,
0x000001f2f0d4a800, 0x000001f2f0d4b000, 0x000001f2f0d56800, 0x000001f2f0d51800,
0x000001f2f0d52800, 0x000001f2f0d55800, 0x000001f2f0d51000, 0x000001f2f0d53800,
0x000001f2f0d57800, 0x000001f2f0d54000, 0x000001f2f0d55000, 0x000001f2f0d58000,
0x000001f2f067d800, 0x000001f2f067e800, 0x000001f2f0681800, 0x000001f2f067c000,
0x000001f2f0680000, 0x000001f2f067c800, 0x000001f2f0682800, 0x000001f2f0685000,
0x000001f2f0680800, 0x000001f2f0683000, 0x000001f2f0684000, 0x000001f2f067f000,
0x000001f2f0686800, 0x000001f2f0687800, 0x000001f2f0689000, 0x000001f2f0688000,
0x000001f2f0689800, 0x000001f2f068a800, 0x000001f2ee104800, 0x000001f2ee102800,
0x000001f2ee105000, 0x000001f2ee0ff800, 0x000001f2ee101000, 0x000001f2ee103800,
0x000001f2ee100000, 0x000001f2ee102000, 0x000001f2ee10b800
}

Java Threads: ( => current thread )
  0x000001f2ce75c800 JavaThread "main" [_thread_blocked, id=13268, stack(0x000000a99bd00000,0x000000a99be00000)]
  0x000001f2ea30b000 JavaThread "Reference Handler" daemon [_thread_blocked, id=11644, stack(0x000000a99c400000,0x000000a99c500000)]
  0x000001f2eab32800 JavaThread "Finalizer" daemon [_thread_blocked, id=13456, stack(0x000000a99c500000,0x000000a99c600000)]
  0x000001f2eab8a800 JavaThread "Signal Dispatcher" daemon [_thread_blocked, id=8364, stack(0x000000a99c600000,0x000000a99c700000)]
  0x000001f2eab8e000 JavaThread "Attach Listener" daemon [_thread_blocked, id=4716, stack(0x000000a99c700000,0x000000a99c800000)]
  0x000001f2eab8f800 JavaThread "Service Thread" daemon [_thread_blocked, id=13724, stack(0x000000a99c800000,0x000000a99c900000)]
  0x000001f2eab92000 JavaThread "C2 CompilerThread0" daemon [_thread_blocked, id=12236, stack(0x000000a99c900000,0x000000a99ca00000)]
  0x000001f2eab99800 JavaThread "C1 CompilerThread0" daemon [_thread_blocked, id=13840, stack(0x000000a99ca00000,0x000000a99cb00000)]
  0x000001f2eab9e000 JavaThread "Sweeper thread" daemon [_thread_blocked, id=9540, stack(0x000000a99cb00000,0x000000a99cc00000)]
  0x000001f2ead07000 JavaThread "Common-Cleaner" daemon [_thread_blocked, id=13164, stack(0x000000a99cc00000,0x000000a99cd00000)]
  0x000001f2ecb5d800 JavaThread "Daemon health stats" [_thread_blocked, id=8660, stack(0x000000a99d200000,0x000000a99d300000)]
  0x000001f2ebafb000 JavaThread "Incoming local TCP Connector on port 54964" [_thread_in_native, id=7044, stack(0x000000a99ce00000,0x000000a99cf00000)]
  0x000001f2edfd1800 JavaThread "Daemon periodic checks" [_thread_blocked, id=13524, stack(0x000000a99d300000,0x000000a99d400000)]
  0x000001f2eccaf000 JavaThread "Daemon" [_thread_blocked, id=5384, stack(0x000000a99d400000,0x000000a99d500000)]
  0x000001f2ecdf3000 JavaThread "Handler for socket connection from /127.0.0.1:54964 to /127.0.0.1:54965" [_thread_in_native, id=8116, stack(0x000000a99d500000,0x000000a99d600000)]
  0x000001f2ed16e800 JavaThread "Cancel handler" [_thread_blocked, id=6860, stack(0x000000a99d600000,0x000000a99d700000)]
  0x000001f2ed8e1000 JavaThread "Daemon worker" [_thread_blocked, id=11204, stack(0x000000a99d700000,0x000000a99d800000)]
  0x000001f2eddf4800 JavaThread "Asynchronous log dispatcher for DefaultDaemonConnection: socket connection from /127.0.0.1:54964 to /127.0.0.1:54965" [_thread_blocked, id=11916, stack(0x000000a99d800000,0x000000a99d900000)]
  0x000001f2edc97800 JavaThread "Stdin handler" [_thread_blocked, id=12372, stack(0x000000a99d900000,0x000000a99da00000)]
  0x000001f2ece02800 JavaThread "Daemon client event forwarder" [_thread_blocked, id=10588, stack(0x000000a99da00000,0x000000a99db00000)]
  0x000001f2ece03800 JavaThread "Cache worker for journal cache (C:\Users\syeds\.gradle\caches\journal-1)" [_thread_blocked, id=12624, stack(0x000000a99db00000,0x000000a99dc00000)]
  0x000001f2ece06000 JavaThread "File lock request listener" [_thread_in_native, id=14112, stack(0x000000a99dc00000,0x000000a99dd00000)]
  0x000001f2ece01800 JavaThread "Cache worker for file hash cache (C:\Users\syeds\.gradle\caches\7.2\fileHashes)" [_thread_blocked, id=12276, stack(0x000000a99dd00000,0x000000a99de00000)]
  0x000001f2ece05000 JavaThread "Cache worker for file hash cache (C:\Users\syeds\OneDrive\Desktop\WorkSpace\Demo\practical-latest\.gradle\7.2\fileHashes)" [_thread_blocked, id=10988, stack(0x000000a99df00000,0x000000a99e000000)]
  0x000001f2ece00000 JavaThread "File watcher server" daemon [_thread_in_native, id=12348, stack(0x000000a99e000000,0x000000a99e100000)]
  0x000001f2ece06800 JavaThread "File watcher consumer" daemon [_thread_blocked, id=7824, stack(0x000000a99e100000,0x000000a99e200000)]
  0x000001f2ece01000 JavaThread "Cache worker for checksums cache (C:\Users\syeds\OneDrive\Desktop\WorkSpace\Demo\practical-latest\.gradle\checksums)" [_thread_blocked, id=7924, stack(0x000000a99e200000,0x000000a99e300000)]
  0x000001f2efe97800 JavaThread "Cache worker for cache directory md-supplier (C:\Users\syeds\.gradle\caches\7.2\md-supplier)" [_thread_blocked, id=9340, stack(0x000000a99e300000,0x000000a99e400000)]
  0x000001f2efe9c800 JavaThread "Cache worker for cache directory md-rule (C:\Users\syeds\.gradle\caches\7.2\md-rule)" [_thread_blocked, id=5776, stack(0x000000a99e400000,0x000000a99e500000)]
  0x000001f2efe98000 JavaThread "Cache worker for execution history cache (C:\Users\syeds\.gradle\caches\7.2\executionHistory)" [_thread_blocked, id=11196, stack(0x000000a99e500000,0x000000a99e600000)]
  0x000001f2efe9a800 JavaThread "jar transforms" [_thread_blocked, id=11992, stack(0x000000a99e600000,0x000000a99e700000)]
  0x000001f2efe9f800 JavaThread "jar transforms Thread 2" [_thread_blocked, id=8312, stack(0x000000a99e700000,0x000000a99e800000)]
  0x000001f2efe9b800 JavaThread "Cache worker for file content cache (C:\Users\syeds\.gradle\caches\7.2\fileContent)" [_thread_blocked, id=6344, stack(0x000000a99e800000,0x000000a99e900000)]
  0x000001f2efe9a000 JavaThread "Cache worker for dependencies-accessors (C:\Users\syeds\OneDrive\Desktop\WorkSpace\Demo\practical-latest\.gradle\7.2\dependencies-accessors)" [_thread_blocked, id=13096, stack(0x000000a99e900000,0x000000a99ea00000)]
  0x000001f2efea3800 JavaThread "jar transforms Thread 3" [_thread_blocked, id=2248, stack(0x000000a99ea00000,0x000000a99eb00000)]
  0x000001f2efea3000 JavaThread "Cache worker for Build Output Cleanup Cache (C:\Users\syeds\OneDrive\Desktop\WorkSpace\Demo\practical-latest\.gradle\buildOutputCleanup)" [_thread_blocked, id=13968, stack(0x000000a99eb00000,0x000000a99ec00000)]
  0x000001f2efea0800 JavaThread "Unconstrained build operations" [_thread_blocked, id=12268, stack(0x000000a99ec00000,0x000000a99ed00000)]
  0x000001f2efea5800 JavaThread "Unconstrained build operations Thread 2" [_thread_blocked, id=11964, stack(0x000000a99ed00000,0x000000a99ee00000)]
  0x000001f2efea4800 JavaThread "Unconstrained build operations Thread 3" [_thread_blocked, id=14192, stack(0x000000a99ee00000,0x000000a99ef00000)]
  0x000001f2efea1000 JavaThread "Unconstrained build operations Thread 4" [_thread_blocked, id=13180, stack(0x000000a99ef00000,0x000000a99f000000)]
  0x000001f2efea2000 JavaThread "Unconstrained build operations Thread 5" [_thread_blocked, id=8764, stack(0x000000a99f000000,0x000000a99f100000)]
  0x000001f2f0d4c000 JavaThread "Unconstrained build operations Thread 6" [_thread_blocked, id=10808, stack(0x000000a99f100000,0x000000a99f200000)]
  0x000001f2f0d4e800 JavaThread "Unconstrained build operations Thread 7" [_thread_blocked, id=4420, stack(0x000000a99f200000,0x000000a99f300000)]
  0x000001f2f0d4d000 JavaThread "Unconstrained build operations Thread 8" [_thread_blocked, id=13324, stack(0x000000a99f300000,0x000000a99f400000)]
  0x000001f2f0d4d800 JavaThread "Unconstrained build operations Thread 9" [_thread_blocked, id=5556, stack(0x000000a99f400000,0x000000a99f500000)]
  0x000001f2f0d4f000 JavaThread "Unconstrained build operations Thread 10" [_thread_blocked, id=11932, stack(0x000000a99f500000,0x000000a99f600000)]
  0x000001f2f0d49800 JavaThread "Unconstrained build operations Thread 11" [_thread_blocked, id=14104, stack(0x000000a99f600000,0x000000a99f700000)]
  0x000001f2f0d50000 JavaThread "Unconstrained build operations Thread 12" [_thread_blocked, id=2672, stack(0x000000a99f700000,0x000000a99f800000)]
  0x000001f2f0d4a800 JavaThread "Unconstrained build operations Thread 13" [_thread_blocked, id=5780, stack(0x000000a99f800000,0x000000a99f900000)]
  0x000001f2f0d4b000 JavaThread "Unconstrained build operations Thread 14" [_thread_blocked, id=1892, stack(0x000000a99f900000,0x000000a99fa00000)]
  0x000001f2f0d56800 JavaThread "Unconstrained build operations Thread 15" [_thread_blocked, id=2484, stack(0x000000a99fa00000,0x000000a99fb00000)]
  0x000001f2f0d51800 JavaThread "Unconstrained build operations Thread 16" [_thread_blocked, id=9908, stack(0x000000a99fb00000,0x000000a99fc00000)]
  0x000001f2f0d52800 JavaThread "Unconstrained build operations Thread 17" [_thread_blocked, id=6756, stack(0x000000a99fc00000,0x000000a99fd00000)]
  0x000001f2f0d55800 JavaThread "Unconstrained build operations Thread 18" [_thread_blocked, id=12336, stack(0x000000a99fd00000,0x000000a99fe00000)]
  0x000001f2f0d51000 JavaThread "Unconstrained build operations Thread 19" [_thread_blocked, id=11756, stack(0x000000a99fe00000,0x000000a99ff00000)]
  0x000001f2f0d53800 JavaThread "Unconstrained build operations Thread 20" [_thread_blocked, id=128, stack(0x000000a99ff00000,0x000000a9a0000000)]
  0x000001f2f0d57800 JavaThread "Unconstrained build operations Thread 21" [_thread_blocked, id=5468, stack(0x000000a9a0000000,0x000000a9a0100000)]
  0x000001f2f0d54000 JavaThread "Unconstrained build operations Thread 22" [_thread_blocked, id=7836, stack(0x000000a9a0100000,0x000000a9a0200000)]
  0x000001f2f0d55000 JavaThread "Unconstrained build operations Thread 23" [_thread_blocked, id=13224, stack(0x000000a9a0200000,0x000000a9a0300000)]
  0x000001f2f0d58000 JavaThread "Unconstrained build operations Thread 24" [_thread_blocked, id=7636, stack(0x000000a9a0300000,0x000000a9a0400000)]
  0x000001f2f067d800 JavaThread "Unconstrained build operations Thread 25" [_thread_blocked, id=2488, stack(0x000000a9a0400000,0x000000a9a0500000)]
  0x000001f2f067e800 JavaThread "Unconstrained build operations Thread 26" [_thread_blocked, id=13868, stack(0x000000a9a0500000,0x000000a9a0600000)]
  0x000001f2f0681800 JavaThread "Unconstrained build operations Thread 27" [_thread_blocked, id=2448, stack(0x000000a9a0600000,0x000000a9a0700000)]
  0x000001f2f067c000 JavaThread "Unconstrained build operations Thread 28" [_thread_blocked, id=5816, stack(0x000000a9a0700000,0x000000a9a0800000)]
  0x000001f2f0680000 JavaThread "Unconstrained build operations Thread 29" [_thread_blocked, id=8752, stack(0x000000a9a0800000,0x000000a9a0900000)]
  0x000001f2f067c800 JavaThread "Unconstrained build operations Thread 30" [_thread_blocked, id=11616, stack(0x000000a9a0900000,0x000000a9a0a00000)]
  0x000001f2f0682800 JavaThread "Unconstrained build operations Thread 31" [_thread_blocked, id=10432, stack(0x000000a9a0a00000,0x000000a9a0b00000)]
  0x000001f2f0685000 JavaThread "Unconstrained build operations Thread 32" [_thread_blocked, id=12172, stack(0x000000a9a0b00000,0x000000a9a0c00000)]
  0x000001f2f0680800 JavaThread "Unconstrained build operations Thread 33" [_thread_blocked, id=13660, stack(0x000000a9a0c00000,0x000000a9a0d00000)]
  0x000001f2f0683000 JavaThread "Unconstrained build operations Thread 34" [_thread_blocked, id=11976, stack(0x000000a9a0d00000,0x000000a9a0e00000)]
  0x000001f2f0684000 JavaThread "Unconstrained build operations Thread 35" [_thread_blocked, id=14176, stack(0x000000a9a0e00000,0x000000a9a0f00000)]
  0x000001f2f067f000 JavaThread "Unconstrained build operations Thread 36" [_thread_blocked, id=3460, stack(0x000000a9a0f00000,0x000000a9a1000000)]
  0x000001f2f0686800 JavaThread "Unconstrained build operations Thread 37" [_thread_blocked, id=10440, stack(0x000000a9a1000000,0x000000a9a1100000)]
  0x000001f2f0687800 JavaThread "Unconstrained build operations Thread 38" [_thread_blocked, id=14288, stack(0x000000a9a1100000,0x000000a9a1200000)]
  0x000001f2f0689000 JavaThread "Unconstrained build operations Thread 39" [_thread_blocked, id=12408, stack(0x000000a9a1200000,0x000000a9a1300000)]
  0x000001f2f0688000 JavaThread "Unconstrained build operations Thread 40" [_thread_blocked, id=12128, stack(0x000000a9a1300000,0x000000a9a1400000)]
  0x000001f2f0689800 JavaThread "jar transforms Thread 4" [_thread_blocked, id=13612, stack(0x000000a9a1400000,0x000000a9a1500000)]
  0x000001f2f068a800 JavaThread "Memory manager" [_thread_blocked, id=4804, stack(0x000000a9a1500000,0x000000a9a1600000)]
  0x000001f2ee104800 JavaThread "build event listener" [_thread_blocked, id=7748, stack(0x000000a9a1600000,0x000000a9a1700000)]
  0x000001f2ee102800 JavaThread "pool-3-thread-1" [_thread_blocked, id=8268, stack(0x000000a9a1700000,0x000000a9a1800000)]
  0x000001f2ee105000 JavaThread "build event listener" [_thread_blocked, id=12928, stack(0x000000a9a1800000,0x000000a9a1900000)]
  0x000001f2ee0ff800 JavaThread "Execution worker for ':'" [_thread_blocked, id=2648, stack(0x000000a9a1900000,0x000000a9a1a00000)]
  0x000001f2ee101000 JavaThread "Execution worker for ':' Thread 2" [_thread_blocked, id=13632, stack(0x000000a9a1a00000,0x000000a9a1b00000)]
  0x000001f2ee103800 JavaThread "Execution worker for ':' Thread 3" [_thread_blocked, id=10080, stack(0x000000a9a1b00000,0x000000a9a1c00000)]
  0x000001f2ee100000 JavaThread "Cache worker for execution history cache (C:\Users\syeds\OneDrive\Desktop\WorkSpace\Demo\practical-latest\.gradle\7.2\executionHistory)" [_thread_blocked, id=8492, stack(0x000000a9a1c00000,0x000000a9a1d00000)]
  0x000001f2ee102000 JavaThread "WorkerExecutor Queue" [_thread_blocked, id=11844, stack(0x000000a9a1d00000,0x000000a9a1e00000)]
  0x000001f2ee10b800 JavaThread "C2 CompilerThread1" daemon [_thread_blocked, id=11956, stack(0x000000a99de00000,0x000000a99df00000)]

Other Threads:
  0x000001f2ea304800 VMThread "VM Thread" [stack: 0x000000a99c300000,0x000000a99c400000] [id=13240]
  0x000001f2ead3c800 WatcherThread [stack: 0x000000a99cd00000,0x000000a99ce00000] [id=12316]
  0x000001f2ce775000 GCTaskThread "GC Thread#0" [stack: 0x000000a99be00000,0x000000a99bf00000] [id=7868]
  0x000001f2eb3f7000 GCTaskThread "GC Thread#1" [stack: 0x000000a99cf00000,0x000000a99d000000] [id=7660]
  0x000001f2eb5e3000 GCTaskThread "GC Thread#2" [stack: 0x000000a99d000000,0x000000a99d100000] [id=9292]
  0x000001f2eb5e3800 GCTaskThread "GC Thread#3" [stack: 0x000000a99d100000,0x000000a99d200000] [id=1832]
  0x000001f2ce7a7800 ConcurrentGCThread "G1 Main Marker" [stack: 0x000000a99bf00000,0x000000a99c000000] [id=2148]
=>0x000001f2ce7a8800 ConcurrentGCThread "G1 Conc#0" [stack: 0x000000a99c000000,0x000000a99c100000] [id=7040]
  0x000001f2ce83e000 ConcurrentGCThread "G1 Refine#0" [stack: 0x000000a99c100000,0x000000a99c200000] [id=2020]
  0x000001f2ee393000 ConcurrentGCThread "G1 Refine#1" [stack: 0x000000a9a1e00000,0x000000a9a1f00000] [id=12524]
  0x000001f2f72f6800 ConcurrentGCThread "G1 Refine#2" [stack: 0x000000a9a1f00000,0x000000a9a2000000] [id=13436]
  0x000001f2ea178800 ConcurrentGCThread "G1 Young RemSet Sampling" [stack: 0x000000a99c200000,0x000000a99c300000] [id=10316]

Threads with active compile tasks:
C2 CompilerThread0  24108 13648       4       org.apache.xerces.dom.DeferredDocumentImpl::setDeferredAttribute (227 bytes)
C2 CompilerThread1  24108 13641       4       org.apache.xerces.impl.XMLDocumentFragmentScannerImpl::scanAttribute (237 bytes)

VM state:not at safepoint (normal execution)

VM Mutex/Monitor currently owned by a thread:  ([mutex/lock_event])
[0x000001f2ce7582b0] Compile_lock - owner thread: 0x000001f2ece06800
[0x000001f2ce7595d0] MethodCompileQueue_lock - owner thread: 0x000001f2ee10b800

Heap address: 0x0000000080000000, size: 2048 MB, Compressed Oops mode: 32-bit
Narrow klass base: 0x0000000000000000, Narrow klass shift: 3
Compressed class space size: 1073741824 Address: 0x0000000100000000

Heap:
 garbage-first heap   total 262144K, used 179712K [0x0000000080000000, 0x0000000100000000)
  region size 1024K, 19 young (19456K), 7 survivors (7168K)
 Metaspace       used 109820K, capacity 112151K, committed 112420K, reserved 1146880K
  class space    used 13610K, capacity 14550K, committed 14592K, reserved 1048576K
Heap Regions: E=young(eden), S=young(survivor), O=old, HS=humongous(starts), HC=humongous(continues), CS=collection set, F=free, A=archive, TAMS=top-at-mark-start (previous, next)
|   0|0x0000000080000000, 0x0000000080100000, 0x0000000080100000|100%| O|  |TAMS 0x0000000080100000, 0x0000000080100000| Untracked 
|   1|0x0000000080100000, 0x0000000080200000, 0x0000000080200000|100%| O|  |TAMS 0x0000000080200000, 0x0000000080200000| Untracked 
|   2|0x0000000080200000, 0x0000000080300000, 0x0000000080300000|100%| O|  |TAMS 0x0000000080300000, 0x0000000080300000| Untracked 
|   3|0x0000000080300000, 0x0000000080400000, 0x0000000080400000|100%|HS|  |TAMS 0x0000000080400000, 0x0000000080400000| Complete 
|   4|0x0000000080400000, 0x0000000080500000, 0x0000000080500000|100%|HC|  |TAMS 0x0000000080500000, 0x0000000080500000| Complete 
|   5|0x0000000080500000, 0x0000000080600000, 0x0000000080600000|100%|HC|  |TAMS 0x0000000080600000, 0x0000000080600000| Complete 
|   6|0x0000000080600000, 0x0000000080700000, 0x0000000080700000|100%| O|  |TAMS 0x0000000080700000, 0x0000000080700000| Untracked 
|   7|0x0000000080700000, 0x0000000080800000, 0x0000000080800000|100%| O|  |TAMS 0x0000000080800000, 0x0000000080800000| Untracked 
|   8|0x0000000080800000, 0x0000000080900000, 0x0000000080900000|100%| O|  |TAMS 0x0000000080900000, 0x0000000080900000| Untracked 
|   9|0x0000000080900000, 0x0000000080a00000, 0x0000000080a00000|100%| O|  |TAMS 0x0000000080a00000, 0x0000000080a00000| Untracked 
|  10|0x0000000080a00000, 0x0000000080b00000, 0x0000000080b00000|100%| O|  |TAMS 0x0000000080b00000, 0x0000000080b00000| Untracked 
|  11|0x0000000080b00000, 0x0000000080c00000, 0x0000000080c00000|100%| O|  |TAMS 0x0000000080c00000, 0x0000000080c00000| Untracked 
|  12|0x0000000080c00000, 0x0000000080d00000, 0x0000000080d00000|100%| O|  |TAMS 0x0000000080d00000, 0x0000000080d00000| Untracked 
|  13|0x0000000080d00000, 0x0000000080e00000, 0x0000000080e00000|100%|HS|  |TAMS 0x0000000080e00000, 0x0000000080e00000| Complete 
|  14|0x0000000080e00000, 0x0000000080f00000, 0x0000000080f00000|100%|HS|  |TAMS 0x0000000080f00000, 0x0000000080f00000| Complete 
|  15|0x0000000080f00000, 0x0000000081000000, 0x0000000081000000|100%|HS|  |TAMS 0x0000000081000000, 0x0000000081000000| Complete 
|  16|0x0000000081000000, 0x0000000081100000, 0x0000000081100000|100%| O|  |TAMS 0x0000000081100000, 0x0000000081100000| Untracked 
|  17|0x0000000081100000, 0x0000000081200000, 0x0000000081200000|100%| O|  |TAMS 0x0000000081200000, 0x0000000081200000| Untracked 
|  18|0x0000000081200000, 0x0000000081300000, 0x0000000081300000|100%| O|  |TAMS 0x0000000081300000, 0x0000000081300000| Untracked 
|  19|0x0000000081300000, 0x0000000081400000, 0x0000000081400000|100%| O|  |TAMS 0x0000000081400000, 0x0000000081400000| Untracked 
|  20|0x0000000081400000, 0x0000000081500000, 0x0000000081500000|100%|HS|  |TAMS 0x0000000081500000, 0x0000000081500000| Complete 
|  21|0x0000000081500000, 0x0000000081600000, 0x0000000081600000|100%|HC|  |TAMS 0x0000000081600000, 0x0000000081600000| Complete 
|  22|0x0000000081600000, 0x0000000081700000, 0x0000000081700000|100%|HC|  |TAMS 0x0000000081700000, 0x0000000081700000| Complete 
|  23|0x0000000081700000, 0x0000000081800000, 0x0000000081800000|100%|HS|  |TAMS 0x0000000081800000, 0x0000000081800000| Complete 
|  24|0x0000000081800000, 0x0000000081900000, 0x0000000081900000|100%|HC|  |TAMS 0x0000000081900000, 0x0000000081900000| Complete 
|  25|0x0000000081900000, 0x0000000081a00000, 0x0000000081a00000|100%| O|  |TAMS 0x0000000081a00000, 0x0000000081a00000| Untracked 
|  26|0x0000000081a00000, 0x0000000081b00000, 0x0000000081b00000|100%| O|  |TAMS 0x0000000081b00000, 0x0000000081b00000| Untracked 
|  27|0x0000000081b00000, 0x0000000081c00000, 0x0000000081c00000|100%| O|  |TAMS 0x0000000081c00000, 0x0000000081c00000| Untracked 
|  28|0x0000000081c00000, 0x0000000081d00000, 0x0000000081d00000|100%| O|  |TAMS 0x0000000081d00000, 0x0000000081d00000| Untracked 
|  29|0x0000000081d00000, 0x0000000081e00000, 0x0000000081e00000|100%| O|  |TAMS 0x0000000081e00000, 0x0000000081e00000| Untracked 
|  30|0x0000000081e00000, 0x0000000081f00000, 0x0000000081f00000|100%| O|  |TAMS 0x0000000081f00000, 0x0000000081f00000| Untracked 
|  31|0x0000000081f00000, 0x0000000082000000, 0x0000000082000000|100%| O|  |TAMS 0x0000000082000000, 0x0000000082000000| Untracked 
|  32|0x0000000082000000, 0x0000000082100000, 0x0000000082100000|100%| O|  |TAMS 0x0000000082100000, 0x0000000082100000| Untracked 
|  33|0x0000000082100000, 0x0000000082200000, 0x0000000082200000|100%| O|  |TAMS 0x0000000082200000, 0x0000000082200000| Untracked 
|  34|0x0000000082200000, 0x0000000082300000, 0x0000000082300000|100%| O|  |TAMS 0x0000000082300000, 0x0000000082300000| Untracked 
|  35|0x0000000082300000, 0x0000000082400000, 0x0000000082400000|100%| O|  |TAMS 0x0000000082400000, 0x0000000082400000| Untracked 
|  36|0x0000000082400000, 0x0000000082500000, 0x0000000082500000|100%| O|  |TAMS 0x0000000082500000, 0x0000000082500000| Untracked 
|  37|0x0000000082500000, 0x0000000082600000, 0x0000000082600000|100%| O|  |TAMS 0x0000000082600000, 0x0000000082600000| Untracked 
|  38|0x0000000082600000, 0x0000000082700000, 0x0000000082700000|100%| O|  |TAMS 0x0000000082700000, 0x0000000082700000| Untracked 
|  39|0x0000000082700000, 0x0000000082800000, 0x0000000082800000|100%| O|  |TAMS 0x0000000082800000, 0x0000000082800000| Untracked 
|  40|0x0000000082800000, 0x0000000082900000, 0x0000000082900000|100%| O|  |TAMS 0x0000000082900000, 0x0000000082900000| Untracked 
|  41|0x0000000082900000, 0x0000000082a00000, 0x0000000082a00000|100%| O|  |TAMS 0x0000000082a00000, 0x0000000082a00000| Untracked 
|  42|0x0000000082a00000, 0x0000000082b00000, 0x0000000082b00000|100%| O|  |TAMS 0x0000000082b00000, 0x0000000082b00000| Untracked 
|  43|0x0000000082b00000, 0x0000000082c00000, 0x0000000082c00000|100%| O|  |TAMS 0x0000000082c00000, 0x0000000082c00000| Untracked 
|  44|0x0000000082c00000, 0x0000000082d00000, 0x0000000082d00000|100%| O|  |TAMS 0x0000000082d00000, 0x0000000082d00000| Untracked 
|  45|0x0000000082d00000, 0x0000000082e00000, 0x0000000082e00000|100%| O|  |TAMS 0x0000000082e00000, 0x0000000082e00000| Untracked 
|  46|0x0000000082e00000, 0x0000000082f00000, 0x0000000082f00000|100%| O|  |TAMS 0x0000000082f00000, 0x0000000082f00000| Untracked 
|  47|0x0000000082f00000, 0x0000000083000000, 0x0000000083000000|100%| O|  |TAMS 0x0000000083000000, 0x0000000083000000| Untracked 
|  48|0x0000000083000000, 0x0000000083100000, 0x0000000083100000|100%| O|  |TAMS 0x0000000083000000, 0x0000000083100000| Untracked 
|  49|0x0000000083100000, 0x0000000083200000, 0x0000000083200000|100%| O|  |TAMS 0x0000000083100000, 0x0000000083200000| Untracked 
|  50|0x0000000083200000, 0x0000000083300000, 0x0000000083300000|100%| O|  |TAMS 0x0000000083200000, 0x0000000083300000| Untracked 
|  51|0x0000000083300000, 0x0000000083400000, 0x0000000083400000|100%| O|  |TAMS 0x0000000083300000, 0x0000000083400000| Untracked 
|  52|0x0000000083400000, 0x0000000083500000, 0x0000000083500000|100%| O|  |TAMS 0x0000000083400000, 0x0000000083500000| Untracked 
|  53|0x0000000083500000, 0x0000000083600000, 0x0000000083600000|100%| O|  |TAMS 0x0000000083500000, 0x0000000083600000| Untracked 
|  54|0x0000000083600000, 0x0000000083700000, 0x0000000083700000|100%| O|  |TAMS 0x0000000083600000, 0x0000000083700000| Untracked 
|  55|0x0000000083700000, 0x0000000083800000, 0x0000000083800000|100%| O|  |TAMS 0x0000000083700000, 0x0000000083800000| Untracked 
|  56|0x0000000083800000, 0x0000000083900000, 0x0000000083900000|100%| O|  |TAMS 0x0000000083800000, 0x0000000083900000| Untracked 
|  57|0x0000000083900000, 0x0000000083a00000, 0x0000000083a00000|100%| O|  |TAMS 0x0000000083900000, 0x0000000083a00000| Untracked 
|  58|0x0000000083a00000, 0x0000000083b00000, 0x0000000083b00000|100%| O|  |TAMS 0x0000000083a00000, 0x0000000083b00000| Untracked 
|  59|0x0000000083b00000, 0x0000000083c00000, 0x0000000083c00000|100%| O|  |TAMS 0x0000000083b00000, 0x0000000083c00000| Untracked 
|  60|0x0000000083c00000, 0x0000000083d00000, 0x0000000083d00000|100%| O|  |TAMS 0x0000000083c00000, 0x0000000083d00000| Untracked 
|  61|0x0000000083d00000, 0x0000000083e00000, 0x0000000083e00000|100%| O|  |TAMS 0x0000000083d00000, 0x0000000083e00000| Untracked 
|  62|0x0000000083e00000, 0x0000000083f00000, 0x0000000083f00000|100%| O|  |TAMS 0x0000000083e00000, 0x0000000083f00000| Untracked 
|  63|0x0000000083f00000, 0x0000000084000000, 0x0000000084000000|100%| O|  |TAMS 0x0000000083f00000, 0x0000000084000000| Untracked 
|  64|0x0000000084000000, 0x0000000084100000, 0x0000000084100000|100%| O|  |TAMS 0x0000000084000000, 0x0000000084100000| Untracked 
|  65|0x0000000084100000, 0x0000000084200000, 0x0000000084200000|100%| O|  |TAMS 0x0000000084100000, 0x0000000084200000| Untracked 
|  66|0x0000000084200000, 0x0000000084300000, 0x0000000084300000|100%| O|  |TAMS 0x0000000084200000, 0x0000000084300000| Untracked 
|  67|0x0000000084300000, 0x0000000084400000, 0x0000000084400000|100%| O|  |TAMS 0x0000000084300000, 0x0000000084400000| Untracked 
|  68|0x0000000084400000, 0x0000000084500000, 0x0000000084500000|100%| O|  |TAMS 0x0000000084400000, 0x0000000084500000| Untracked 
|  69|0x0000000084500000, 0x0000000084600000, 0x0000000084600000|100%| O|  |TAMS 0x0000000084500000, 0x0000000084600000| Untracked 
|  70|0x0000000084600000, 0x0000000084700000, 0x0000000084700000|100%| O|  |TAMS 0x0000000084600000, 0x0000000084700000| Untracked 
|  71|0x0000000084700000, 0x0000000084800000, 0x0000000084800000|100%| O|  |TAMS 0x0000000084700000, 0x0000000084800000| Untracked 
|  72|0x0000000084800000, 0x0000000084900000, 0x0000000084900000|100%| O|  |TAMS 0x0000000084800000, 0x0000000084900000| Untracked 
|  73|0x0000000084900000, 0x0000000084a00000, 0x0000000084a00000|100%|HS|  |TAMS 0x0000000084900000, 0x0000000084a00000| Complete 
|  74|0x0000000084a00000, 0x0000000084b00000, 0x0000000084b00000|100%| O|  |TAMS 0x0000000084a00000, 0x0000000084b00000| Untracked 
|  75|0x0000000084b00000, 0x0000000084c00000, 0x0000000084c00000|100%|HS|  |TAMS 0x0000000084b00000, 0x0000000084c00000| Complete 
|  76|0x0000000084c00000, 0x0000000084d00000, 0x0000000084d00000|100%|HC|  |TAMS 0x0000000084c00000, 0x0000000084d00000| Complete 
|  77|0x0000000084d00000, 0x0000000084e00000, 0x0000000084e00000|100%|HC|  |TAMS 0x0000000084d00000, 0x0000000084e00000| Complete 
|  78|0x0000000084e00000, 0x0000000084f00000, 0x0000000084f00000|100%| O|  |TAMS 0x0000000084e00000, 0x0000000084f00000| Untracked 
|  79|0x0000000084f00000, 0x0000000085000000, 0x0000000085000000|100%| O|  |TAMS 0x0000000084f00000, 0x0000000085000000| Untracked 
|  80|0x0000000085000000, 0x0000000085100000, 0x0000000085100000|100%| O|  |TAMS 0x0000000085000000, 0x0000000085100000| Untracked 
|  81|0x0000000085100000, 0x0000000085200000, 0x0000000085200000|100%| O|  |TAMS 0x0000000085100000, 0x0000000085200000| Untracked 
|  82|0x0000000085200000, 0x0000000085300000, 0x0000000085300000|100%| O|  |TAMS 0x0000000085200000, 0x0000000085300000| Untracked 
|  83|0x0000000085300000, 0x0000000085400000, 0x0000000085400000|100%| O|  |TAMS 0x0000000085300000, 0x0000000085400000| Untracked 
|  84|0x0000000085400000, 0x0000000085500000, 0x0000000085500000|100%| O|  |TAMS 0x0000000085400000, 0x0000000085500000| Untracked 
|  85|0x0000000085500000, 0x0000000085600000, 0x0000000085600000|100%| O|  |TAMS 0x0000000085500000, 0x0000000085600000| Untracked 
|  86|0x0000000085600000, 0x0000000085700000, 0x0000000085700000|100%| O|  |TAMS 0x0000000085600000, 0x0000000085700000| Untracked 
|  87|0x0000000085700000, 0x0000000085800000, 0x0000000085800000|100%| O|  |TAMS 0x0000000085700000, 0x0000000085800000| Untracked 
|  88|0x0000000085800000, 0x0000000085900000, 0x0000000085900000|100%| O|  |TAMS 0x0000000085800000, 0x0000000085900000| Untracked 
|  89|0x0000000085900000, 0x0000000085a00000, 0x0000000085a00000|100%| O|  |TAMS 0x0000000085900000, 0x0000000085a00000| Untracked 
|  90|0x0000000085a00000, 0x0000000085b00000, 0x0000000085b00000|100%|HS|  |TAMS 0x0000000085a00000, 0x0000000085b00000| Complete 
|  91|0x0000000085b00000, 0x0000000085c00000, 0x0000000085c00000|100%|HC|  |TAMS 0x0000000085b00000, 0x0000000085c00000| Complete 
|  92|0x0000000085c00000, 0x0000000085d00000, 0x0000000085d00000|100%| O|  |TAMS 0x0000000085c00000, 0x0000000085d00000| Untracked 
|  93|0x0000000085d00000, 0x0000000085e00000, 0x0000000085e00000|100%| O|  |TAMS 0x0000000085d00000, 0x0000000085e00000| Untracked 
|  94|0x0000000085e00000, 0x0000000085f00000, 0x0000000085f00000|100%| O|  |TAMS 0x0000000085e00000, 0x0000000085f00000| Untracked 
|  95|0x0000000085f00000, 0x0000000086000000, 0x0000000086000000|100%| O|  |TAMS 0x0000000085f00000, 0x0000000086000000| Untracked 
|  96|0x0000000086000000, 0x0000000086100000, 0x0000000086100000|100%| O|  |TAMS 0x0000000086000000, 0x0000000086100000| Untracked 
|  97|0x0000000086100000, 0x0000000086200000, 0x0000000086200000|100%| O|  |TAMS 0x0000000086100000, 0x0000000086200000| Untracked 
|  98|0x0000000086200000, 0x0000000086300000, 0x0000000086300000|100%| O|  |TAMS 0x0000000086200000, 0x0000000086300000| Untracked 
|  99|0x0000000086300000, 0x0000000086400000, 0x0000000086400000|100%| O|  |TAMS 0x0000000086300000, 0x0000000086400000| Untracked 
| 100|0x0000000086400000, 0x0000000086500000, 0x0000000086500000|100%| O|  |TAMS 0x0000000086400000, 0x0000000086500000| Untracked 
| 101|0x0000000086500000, 0x0000000086600000, 0x0000000086600000|100%| O|  |TAMS 0x0000000086500000, 0x0000000086600000| Untracked 
| 102|0x0000000086600000, 0x0000000086700000, 0x0000000086700000|100%| O|  |TAMS 0x0000000086600000, 0x0000000086700000| Untracked 
| 103|0x0000000086700000, 0x0000000086800000, 0x0000000086800000|100%| O|  |TAMS 0x0000000086700000, 0x0000000086800000| Untracked 
| 104|0x0000000086800000, 0x0000000086900000, 0x0000000086900000|100%| O|  |TAMS 0x0000000086800000, 0x0000000086900000| Untracked 
| 105|0x0000000086900000, 0x0000000086a00000, 0x0000000086a00000|100%| O|  |TAMS 0x0000000086900000, 0x0000000086a00000| Untracked 
| 106|0x0000000086a00000, 0x0000000086b00000, 0x0000000086b00000|100%| O|  |TAMS 0x0000000086a00000, 0x0000000086b00000| Untracked 
| 107|0x0000000086b00000, 0x0000000086c00000, 0x0000000086c00000|100%| O|  |TAMS 0x0000000086b00000, 0x0000000086c00000| Untracked 
| 108|0x0000000086c00000, 0x0000000086d00000, 0x0000000086d00000|100%| O|  |TAMS 0x0000000086c00000, 0x0000000086d00000| Untracked 
| 109|0x0000000086d00000, 0x0000000086e00000, 0x0000000086e00000|100%| O|  |TAMS 0x0000000086d00000, 0x0000000086e00000| Untracked 
| 110|0x0000000086e00000, 0x0000000086f00000, 0x0000000086f00000|100%| O|  |TAMS 0x0000000086e00000, 0x0000000086f00000| Untracked 
| 111|0x0000000086f00000, 0x0000000087000000, 0x0000000087000000|100%| O|  |TAMS 0x0000000086f00000, 0x0000000087000000| Untracked 
| 112|0x0000000087000000, 0x0000000087100000, 0x0000000087100000|100%| O|  |TAMS 0x0000000087000000, 0x0000000087100000| Untracked 
| 113|0x0000000087100000, 0x0000000087200000, 0x0000000087200000|100%| O|  |TAMS 0x0000000087100000, 0x0000000087200000| Untracked 
| 114|0x0000000087200000, 0x0000000087300000, 0x0000000087300000|100%| O|  |TAMS 0x0000000087200000, 0x0000000087300000| Untracked 
| 115|0x0000000087300000, 0x0000000087400000, 0x0000000087400000|100%| O|  |TAMS 0x0000000087300000, 0x0000000087400000| Untracked 
| 116|0x0000000087400000, 0x0000000087500000, 0x0000000087500000|100%| O|  |TAMS 0x0000000087400000, 0x0000000087500000| Untracked 
| 117|0x0000000087500000, 0x0000000087600000, 0x0000000087600000|100%| O|  |TAMS 0x0000000087500000, 0x0000000087600000| Untracked 
| 118|0x0000000087600000, 0x0000000087700000, 0x0000000087700000|100%| O|  |TAMS 0x0000000087600000, 0x0000000087700000| Untracked 
| 119|0x0000000087700000, 0x0000000087800000, 0x0000000087800000|100%| O|  |TAMS 0x0000000087700000, 0x0000000087800000| Untracked 
| 120|0x0000000087800000, 0x0000000087900000, 0x0000000087900000|100%| O|  |TAMS 0x0000000087800000, 0x0000000087900000| Untracked 
| 121|0x0000000087900000, 0x0000000087a00000, 0x0000000087a00000|100%| O|  |TAMS 0x0000000087900000, 0x0000000087a00000| Untracked 
| 122|0x0000000087a00000, 0x0000000087b00000, 0x0000000087b00000|100%| O|  |TAMS 0x0000000087a00000, 0x0000000087b00000| Untracked 
| 123|0x0000000087b00000, 0x0000000087c00000, 0x0000000087c00000|100%| O|  |TAMS 0x0000000087b00000, 0x0000000087c00000| Untracked 
| 124|0x0000000087c00000, 0x0000000087d00000, 0x0000000087d00000|100%| O|  |TAMS 0x0000000087c00000, 0x0000000087d00000| Untracked 
| 125|0x0000000087d00000, 0x0000000087e00000, 0x0000000087e00000|100%| O|  |TAMS 0x0000000087d00000, 0x0000000087e00000| Untracked 
| 126|0x0000000087e00000, 0x0000000087f00000, 0x0000000087f00000|100%| O|  |TAMS 0x0000000087e00000, 0x0000000087f00000| Untracked 
| 127|0x0000000087f00000, 0x0000000088000000, 0x0000000088000000|100%| O|  |TAMS 0x0000000087f00000, 0x0000000088000000| Untracked 
| 128|0x0000000088000000, 0x0000000088100000, 0x0000000088100000|100%| O|  |TAMS 0x0000000088000000, 0x0000000088100000| Untracked 
| 129|0x0000000088100000, 0x0000000088200000, 0x0000000088200000|100%| O|  |TAMS 0x0000000088100000, 0x0000000088200000| Untracked 
| 130|0x0000000088200000, 0x0000000088300000, 0x0000000088300000|100%| O|  |TAMS 0x0000000088200000, 0x0000000088300000| Untracked 
| 131|0x0000000088300000, 0x0000000088400000, 0x0000000088400000|100%| O|  |TAMS 0x0000000088300000, 0x0000000088400000| Untracked 
| 132|0x0000000088400000, 0x0000000088500000, 0x0000000088500000|100%| O|  |TAMS 0x0000000088400000, 0x0000000088500000| Untracked 
| 133|0x0000000088500000, 0x0000000088600000, 0x0000000088600000|100%| O|  |TAMS 0x0000000088500000, 0x0000000088600000| Untracked 
| 134|0x0000000088600000, 0x0000000088700000, 0x0000000088700000|100%| O|  |TAMS 0x0000000088600000, 0x0000000088700000| Untracked 
| 135|0x0000000088700000, 0x0000000088800000, 0x0000000088800000|100%| O|  |TAMS 0x0000000088700000, 0x0000000088800000| Untracked 
| 136|0x0000000088800000, 0x0000000088900000, 0x0000000088900000|100%| O|  |TAMS 0x0000000088800000, 0x0000000088900000| Untracked 
| 137|0x0000000088900000, 0x0000000088a00000, 0x0000000088a00000|100%| O|  |TAMS 0x0000000088900000, 0x0000000088a00000| Untracked 
| 138|0x0000000088a00000, 0x0000000088b00000, 0x0000000088b00000|100%| O|  |TAMS 0x0000000088a00000, 0x0000000088b00000| Untracked 
| 139|0x0000000088b00000, 0x0000000088c00000, 0x0000000088c00000|100%| O|  |TAMS 0x0000000088b00000, 0x0000000088c00000| Untracked 
| 140|0x0000000088c00000, 0x0000000088d00000, 0x0000000088d00000|100%|HS|  |TAMS 0x0000000088c00000, 0x0000000088c00000| Complete 
| 141|0x0000000088d00000, 0x0000000088e00000, 0x0000000088e00000|100%| O|  |TAMS 0x0000000088d00000, 0x0000000088e00000| Untracked 
| 142|0x0000000088e00000, 0x0000000088f00000, 0x0000000088f00000|100%| O|  |TAMS 0x0000000088e00000, 0x0000000088f00000| Untracked 
| 143|0x0000000088f00000, 0x0000000089000000, 0x0000000089000000|100%| O|  |TAMS 0x0000000088f00000, 0x0000000089000000| Untracked 
| 144|0x0000000089000000, 0x0000000089100000, 0x0000000089100000|100%| O|  |TAMS 0x0000000089000000, 0x0000000089100000| Untracked 
| 145|0x0000000089100000, 0x0000000089200000, 0x0000000089200000|100%| O|  |TAMS 0x0000000089100000, 0x0000000089200000| Untracked 
| 146|0x0000000089200000, 0x0000000089300000, 0x0000000089300000|100%| O|  |TAMS 0x0000000089200000, 0x0000000089300000| Untracked 
| 147|0x0000000089300000, 0x0000000089400000, 0x0000000089400000|100%| O|  |TAMS 0x0000000089300000, 0x0000000089400000| Untracked 
| 148|0x0000000089400000, 0x0000000089500000, 0x0000000089500000|100%| O|  |TAMS 0x0000000089400000, 0x0000000089500000| Untracked 
| 149|0x0000000089500000, 0x0000000089600000, 0x0000000089600000|100%| O|  |TAMS 0x0000000089500000, 0x0000000089600000| Untracked 
| 150|0x0000000089600000, 0x0000000089700000, 0x0000000089700000|100%| O|  |TAMS 0x0000000089600000, 0x0000000089700000| Untracked 
| 151|0x0000000089700000, 0x0000000089800000, 0x0000000089800000|100%| O|  |TAMS 0x0000000089700000, 0x0000000089800000| Untracked 
| 152|0x0000000089800000, 0x0000000089900000, 0x0000000089900000|100%| O|  |TAMS 0x0000000089800000, 0x0000000089900000| Untracked 
| 153|0x0000000089900000, 0x0000000089a00000, 0x0000000089a00000|100%|HS|  |TAMS 0x0000000089900000, 0x0000000089900000| Complete 
| 154|0x0000000089a00000, 0x0000000089b00000, 0x0000000089b00000|100%|HC|  |TAMS 0x0000000089a00000, 0x0000000089a00000| Complete 
| 155|0x0000000089b00000, 0x0000000089b00000, 0x0000000089c00000|  0%| F|  |TAMS 0x0000000089b00000, 0x0000000089b00000| Untracked 
| 156|0x0000000089c00000, 0x0000000089c00000, 0x0000000089d00000|  0%| F|  |TAMS 0x0000000089c00000, 0x0000000089c00000| Untracked 
| 157|0x0000000089d00000, 0x0000000089d00000, 0x0000000089e00000|  0%| F|  |TAMS 0x0000000089d00000, 0x0000000089d00000| Untracked 
| 158|0x0000000089e00000, 0x0000000089e00000, 0x0000000089f00000|  0%| F|  |TAMS 0x0000000089e00000, 0x0000000089e00000| Untracked 
| 159|0x0000000089f00000, 0x0000000089f00000, 0x000000008a000000|  0%| F|  |TAMS 0x0000000089f00000, 0x0000000089f00000| Untracked 
| 160|0x000000008a000000, 0x000000008a000000, 0x000000008a100000|  0%| F|  |TAMS 0x000000008a000000, 0x000000008a000000| Untracked 
| 161|0x000000008a100000, 0x000000008a100000, 0x000000008a200000|  0%| F|  |TAMS 0x000000008a100000, 0x000000008a100000| Untracked 
| 162|0x000000008a200000, 0x000000008a200000, 0x000000008a300000|  0%| F|  |TAMS 0x000000008a200000, 0x000000008a200000| Untracked 
| 163|0x000000008a300000, 0x000000008a300000, 0x000000008a400000|  0%| F|  |TAMS 0x000000008a300000, 0x000000008a300000| Untracked 
| 164|0x000000008a400000, 0x000000008a400000, 0x000000008a500000|  0%| F|  |TAMS 0x000000008a400000, 0x000000008a400000| Untracked 
| 165|0x000000008a500000, 0x000000008a500000, 0x000000008a600000|  0%| F|  |TAMS 0x000000008a500000, 0x000000008a500000| Untracked 
| 166|0x000000008a600000, 0x000000008a700000, 0x000000008a700000|100%| O|  |TAMS 0x000000008a600000, 0x000000008a700000| Untracked 
| 167|0x000000008a700000, 0x000000008a800000, 0x000000008a800000|100%| O|  |TAMS 0x000000008a700000, 0x000000008a800000| Untracked 
| 168|0x000000008a800000, 0x000000008a880000, 0x000000008a900000| 50%| O|  |TAMS 0x000000008a800000, 0x000000008a880000| Untracked 
| 169|0x000000008a900000, 0x000000008a900000, 0x000000008aa00000|  0%| F|  |TAMS 0x000000008a900000, 0x000000008a900000| Untracked 
| 170|0x000000008aa00000, 0x000000008aa00000, 0x000000008ab00000|  0%| F|  |TAMS 0x000000008aa00000, 0x000000008aa00000| Untracked 
| 171|0x000000008ab00000, 0x000000008ab00000, 0x000000008ac00000|  0%| F|  |TAMS 0x000000008ab00000, 0x000000008ab00000| Untracked 
| 172|0x000000008ac00000, 0x000000008ac00000, 0x000000008ad00000|  0%| F|  |TAMS 0x000000008ac00000, 0x000000008ac00000| Untracked 
| 173|0x000000008ad00000, 0x000000008ad00000, 0x000000008ae00000|  0%| F|  |TAMS 0x000000008ad00000, 0x000000008ad00000| Untracked 
| 174|0x000000008ae00000, 0x000000008ae00000, 0x000000008af00000|  0%| F|  |TAMS 0x000000008ae00000, 0x000000008ae00000| Untracked 
| 175|0x000000008af00000, 0x000000008af00000, 0x000000008b000000|  0%| F|  |TAMS 0x000000008af00000, 0x000000008af00000| Untracked 
| 176|0x000000008b000000, 0x000000008b000000, 0x000000008b100000|  0%| F|  |TAMS 0x000000008b000000, 0x000000008b000000| Untracked 
| 177|0x000000008b100000, 0x000000008b100000, 0x000000008b200000|  0%| F|  |TAMS 0x000000008b100000, 0x000000008b100000| Untracked 
| 178|0x000000008b200000, 0x000000008b200000, 0x000000008b300000|  0%| F|  |TAMS 0x000000008b200000, 0x000000008b200000| Untracked 
| 179|0x000000008b300000, 0x000000008b300000, 0x000000008b400000|  0%| F|  |TAMS 0x000000008b300000, 0x000000008b300000| Untracked 
| 180|0x000000008b400000, 0x000000008b400000, 0x000000008b500000|  0%| F|  |TAMS 0x000000008b400000, 0x000000008b400000| Untracked 
| 181|0x000000008b500000, 0x000000008b500000, 0x000000008b600000|  0%| F|  |TAMS 0x000000008b500000, 0x000000008b500000| Untracked 
| 182|0x000000008b600000, 0x000000008b600000, 0x000000008b700000|  0%| F|  |TAMS 0x000000008b600000, 0x000000008b600000| Untracked 
| 183|0x000000008b700000, 0x000000008b700000, 0x000000008b800000|  0%| F|  |TAMS 0x000000008b700000, 0x000000008b700000| Untracked 
| 184|0x000000008b800000, 0x000000008b800000, 0x000000008b900000|  0%| F|  |TAMS 0x000000008b800000, 0x000000008b800000| Untracked 
| 185|0x000000008b900000, 0x000000008b900000, 0x000000008ba00000|  0%| F|  |TAMS 0x000000008b900000, 0x000000008b900000| Untracked 
| 186|0x000000008ba00000, 0x000000008ba00000, 0x000000008bb00000|  0%| F|  |TAMS 0x000000008ba00000, 0x000000008ba00000| Untracked 
| 187|0x000000008bb00000, 0x000000008bb00000, 0x000000008bc00000|  0%| F|  |TAMS 0x000000008bb00000, 0x000000008bb00000| Untracked 
| 188|0x000000008bc00000, 0x000000008bc00000, 0x000000008bd00000|  0%| F|  |TAMS 0x000000008bc00000, 0x000000008bc00000| Untracked 
| 189|0x000000008bd00000, 0x000000008bd00000, 0x000000008be00000|  0%| F|  |TAMS 0x000000008bd00000, 0x000000008bd00000| Untracked 
| 190|0x000000008be00000, 0x000000008be00000, 0x000000008bf00000|  0%| F|  |TAMS 0x000000008be00000, 0x000000008be00000| Untracked 
| 191|0x000000008bf00000, 0x000000008bf00000, 0x000000008c000000|  0%| F|  |TAMS 0x000000008bf00000, 0x000000008bf00000| Untracked 
| 192|0x000000008c000000, 0x000000008c000000, 0x000000008c100000|  0%| F|  |TAMS 0x000000008c000000, 0x000000008c000000| Untracked 
| 193|0x000000008c100000, 0x000000008c100000, 0x000000008c200000|  0%| F|  |TAMS 0x000000008c100000, 0x000000008c100000| Untracked 
| 194|0x000000008c200000, 0x000000008c200000, 0x000000008c300000|  0%| F|  |TAMS 0x000000008c200000, 0x000000008c200000| Untracked 
| 195|0x000000008c300000, 0x000000008c300000, 0x000000008c400000|  0%| F|  |TAMS 0x000000008c300000, 0x000000008c300000| Untracked 
| 196|0x000000008c400000, 0x000000008c400000, 0x000000008c500000|  0%| F|  |TAMS 0x000000008c400000, 0x000000008c400000| Untracked 
| 197|0x000000008c500000, 0x000000008c500000, 0x000000008c600000|  0%| F|  |TAMS 0x000000008c500000, 0x000000008c500000| Untracked 
| 198|0x000000008c600000, 0x000000008c600000, 0x000000008c700000|  0%| F|  |TAMS 0x000000008c600000, 0x000000008c600000| Untracked 
| 199|0x000000008c700000, 0x000000008c700000, 0x000000008c800000|  0%| F|  |TAMS 0x000000008c700000, 0x000000008c700000| Untracked 
| 200|0x000000008c800000, 0x000000008c800000, 0x000000008c900000|  0%| F|  |TAMS 0x000000008c800000, 0x000000008c800000| Untracked 
| 201|0x000000008c900000, 0x000000008c900000, 0x000000008ca00000|  0%| F|  |TAMS 0x000000008c900000, 0x000000008c900000| Untracked 
| 202|0x000000008ca00000, 0x000000008ca00000, 0x000000008cb00000|  0%| F|  |TAMS 0x000000008ca00000, 0x000000008ca00000| Untracked 
| 203|0x000000008cb00000, 0x000000008cb00000, 0x000000008cc00000|  0%| F|  |TAMS 0x000000008cb00000, 0x000000008cb00000| Untracked 
| 204|0x000000008cc00000, 0x000000008cc00000, 0x000000008cd00000|  0%| F|  |TAMS 0x000000008cc00000, 0x000000008cc00000| Untracked 
| 205|0x000000008cd00000, 0x000000008cd00000, 0x000000008ce00000|  0%| F|  |TAMS 0x000000008cd00000, 0x000000008cd00000| Untracked 
| 206|0x000000008ce00000, 0x000000008ce00000, 0x000000008cf00000|  0%| F|  |TAMS 0x000000008ce00000, 0x000000008ce00000| Untracked 
| 207|0x000000008cf00000, 0x000000008cf00000, 0x000000008d000000|  0%| F|  |TAMS 0x000000008cf00000, 0x000000008cf00000| Untracked 
| 208|0x000000008d000000, 0x000000008d000000, 0x000000008d100000|  0%| F|  |TAMS 0x000000008d000000, 0x000000008d000000| Untracked 
| 209|0x000000008d100000, 0x000000008d100000, 0x000000008d200000|  0%| F|  |TAMS 0x000000008d100000, 0x000000008d100000| Untracked 
| 210|0x000000008d200000, 0x000000008d200000, 0x000000008d300000|  0%| F|  |TAMS 0x000000008d200000, 0x000000008d200000| Untracked 
| 211|0x000000008d300000, 0x000000008d300000, 0x000000008d400000|  0%| F|  |TAMS 0x000000008d300000, 0x000000008d300000| Untracked 
| 212|0x000000008d400000, 0x000000008d400000, 0x000000008d500000|  0%| F|  |TAMS 0x000000008d400000, 0x000000008d400000| Untracked 
| 213|0x000000008d500000, 0x000000008d500000, 0x000000008d600000|  0%| F|  |TAMS 0x000000008d500000, 0x000000008d500000| Untracked 
| 214|0x000000008d600000, 0x000000008d600000, 0x000000008d700000|  0%| F|  |TAMS 0x000000008d600000, 0x000000008d600000| Untracked 
| 215|0x000000008d700000, 0x000000008d700000, 0x000000008d800000|  0%| F|  |TAMS 0x000000008d700000, 0x000000008d700000| Untracked 
| 216|0x000000008d800000, 0x000000008d800000, 0x000000008d900000|  0%| F|  |TAMS 0x000000008d800000, 0x000000008d800000| Untracked 
| 217|0x000000008d900000, 0x000000008d900000, 0x000000008da00000|  0%| F|  |TAMS 0x000000008d900000, 0x000000008d900000| Untracked 
| 218|0x000000008da00000, 0x000000008da00000, 0x000000008db00000|  0%| F|  |TAMS 0x000000008da00000, 0x000000008da00000| Untracked 
| 219|0x000000008db00000, 0x000000008db00000, 0x000000008dc00000|  0%| F|  |TAMS 0x000000008db00000, 0x000000008db00000| Untracked 
| 220|0x000000008dc00000, 0x000000008dc00000, 0x000000008dd00000|  0%| F|  |TAMS 0x000000008dc00000, 0x000000008dc00000| Untracked 
| 221|0x000000008dd00000, 0x000000008dd00000, 0x000000008de00000|  0%| F|  |TAMS 0x000000008dd00000, 0x000000008dd00000| Untracked 
| 222|0x000000008de00000, 0x000000008de00000, 0x000000008df00000|  0%| F|  |TAMS 0x000000008de00000, 0x000000008de00000| Untracked 
| 223|0x000000008df00000, 0x000000008df00000, 0x000000008e000000|  0%| F|  |TAMS 0x000000008df00000, 0x000000008df00000| Untracked 
| 224|0x000000008e000000, 0x000000008e000000, 0x000000008e100000|  0%| F|  |TAMS 0x000000008e000000, 0x000000008e000000| Untracked 
| 225|0x000000008e100000, 0x000000008e100000, 0x000000008e200000|  0%| F|  |TAMS 0x000000008e100000, 0x000000008e100000| Untracked 
| 226|0x000000008e200000, 0x000000008e200000, 0x000000008e300000|  0%| F|  |TAMS 0x000000008e200000, 0x000000008e200000| Untracked 
| 227|0x000000008e300000, 0x000000008e300000, 0x000000008e400000|  0%| F|  |TAMS 0x000000008e300000, 0x000000008e300000| Untracked 
| 228|0x000000008e400000, 0x000000008e400000, 0x000000008e500000|  0%| F|  |TAMS 0x000000008e400000, 0x000000008e400000| Untracked 
| 229|0x000000008e500000, 0x000000008e500000, 0x000000008e600000|  0%| F|  |TAMS 0x000000008e500000, 0x000000008e500000| Untracked 
| 230|0x000000008e600000, 0x000000008e700000, 0x000000008e700000|100%| S|CS|TAMS 0x000000008e600000, 0x000000008e600000| Complete 
| 231|0x000000008e700000, 0x000000008e800000, 0x000000008e800000|100%| S|CS|TAMS 0x000000008e700000, 0x000000008e700000| Complete 
| 232|0x000000008e800000, 0x000000008e900000, 0x000000008e900000|100%| S|CS|TAMS 0x000000008e800000, 0x000000008e800000| Complete 
| 233|0x000000008e900000, 0x000000008ea00000, 0x000000008ea00000|100%| S|CS|TAMS 0x000000008e900000, 0x000000008e900000| Complete 
| 234|0x000000008ea00000, 0x000000008eb00000, 0x000000008eb00000|100%| S|CS|TAMS 0x000000008ea00000, 0x000000008ea00000| Complete 
| 235|0x000000008eb00000, 0x000000008ec00000, 0x000000008ec00000|100%| S|CS|TAMS 0x000000008eb00000, 0x000000008eb00000| Complete 
| 236|0x000000008ec00000, 0x000000008ed00000, 0x000000008ed00000|100%| S|CS|TAMS 0x000000008ec00000, 0x000000008ec00000| Complete 
| 237|0x000000008ed00000, 0x000000008ed00000, 0x000000008ee00000|  0%| F|  |TAMS 0x000000008ed00000, 0x000000008ed00000| Untracked 
| 238|0x000000008ee00000, 0x000000008ee00000, 0x000000008ef00000|  0%| F|  |TAMS 0x000000008ee00000, 0x000000008ee00000| Untracked 
| 239|0x000000008ef00000, 0x000000008ef00000, 0x000000008f000000|  0%| F|  |TAMS 0x000000008ef00000, 0x000000008ef00000| Untracked 
| 240|0x000000008f000000, 0x000000008f000000, 0x000000008f100000|  0%| F|  |TAMS 0x000000008f000000, 0x000000008f000000| Untracked 
| 241|0x000000008f100000, 0x000000008f100000, 0x000000008f200000|  0%| F|  |TAMS 0x000000008f100000, 0x000000008f100000| Untracked 
| 242|0x000000008f200000, 0x000000008f200000, 0x000000008f300000|  0%| F|  |TAMS 0x000000008f200000, 0x000000008f200000| Untracked 
| 243|0x000000008f300000, 0x000000008f300000, 0x000000008f400000|  0%| F|  |TAMS 0x000000008f300000, 0x000000008f300000| Untracked 
| 244|0x000000008f400000, 0x000000008f4755e0, 0x000000008f500000| 45%| E|  |TAMS 0x000000008f400000, 0x000000008f400000| Complete 
| 245|0x000000008f500000, 0x000000008f600000, 0x000000008f600000|100%| E|CS|TAMS 0x000000008f500000, 0x000000008f500000| Complete 
| 246|0x000000008f600000, 0x000000008f700000, 0x000000008f700000|100%| E|CS|TAMS 0x000000008f600000, 0x000000008f600000| Complete 
| 247|0x000000008f700000, 0x000000008f800000, 0x000000008f800000|100%| E|CS|TAMS 0x000000008f700000, 0x000000008f700000| Complete 
| 248|0x000000008f800000, 0x000000008f900000, 0x000000008f900000|100%| E|CS|TAMS 0x000000008f800000, 0x000000008f800000| Complete 
| 249|0x000000008f900000, 0x000000008fa00000, 0x000000008fa00000|100%| E|CS|TAMS 0x000000008f900000, 0x000000008f900000| Complete 
| 250|0x000000008fa00000, 0x000000008fb00000, 0x000000008fb00000|100%| E|CS|TAMS 0x000000008fa00000, 0x000000008fa00000| Complete 
| 251|0x000000008fb00000, 0x000000008fc00000, 0x000000008fc00000|100%| E|CS|TAMS 0x000000008fb00000, 0x000000008fb00000| Complete 
| 252|0x000000008fc00000, 0x000000008fd00000, 0x000000008fd00000|100%| E|CS|TAMS 0x000000008fc00000, 0x000000008fc00000| Complete 
| 253|0x000000008fd00000, 0x000000008fe00000, 0x000000008fe00000|100%| E|CS|TAMS 0x000000008fd00000, 0x000000008fd00000| Complete 
| 254|0x000000008fe00000, 0x000000008ff00000, 0x000000008ff00000|100%| E|CS|TAMS 0x000000008fe00000, 0x000000008fe00000| Complete 
| 255|0x000000008ff00000, 0x0000000090000000, 0x0000000090000000|100%| E|CS|TAMS 0x000000008ff00000, 0x000000008ff00000| Complete 

Card table byte_map: [0x000001f2e3460000,0x000001f2e3860000] _byte_map_base: 0x000001f2e3060000

Marking Bits (Prev, Next): (CMBitMap*) 0x000001f2ce79ebc8, (CMBitMap*) 0x000001f2ce79ec00
 Prev Bits: [0x000001f2e3c60000, 0x000001f2e5c60000)
 Next Bits: [0x000001f2e5c60000, 0x000001f2e7c60000)

Polling page: 0x000001f2ce840000

Metaspace:

Usage:
  Non-class:     95.31 MB capacity,    93.96 MB ( 99%) used,     1.08 MB (  1%) free+waste,   287.38 KB ( <1%) overhead. 
      Class:     14.21 MB capacity,    13.29 MB ( 94%) used,   815.17 KB (  6%) free+waste,   124.44 KB ( <1%) overhead. 
       Both:    109.52 MB capacity,   107.25 MB ( 98%) used,     1.87 MB (  2%) free+waste,   411.81 KB ( <1%) overhead. 

Virtual space:
  Non-class space:       96.00 MB reserved,      95.54 MB (>99%) committed 
      Class space:        1.00 GB reserved,      14.25 MB (  1%) committed 
             Both:        1.09 GB reserved,     109.79 MB ( 10%) committed 

Chunk freelists:
   Non-Class:  35.00 KB
       Class:  10.00 KB
        Both:  45.00 KB

MaxMetaspaceSize: 17179869184.00 GB
CompressedClassSpaceSize: 1.00 GB

CodeHeap 'non-profiled nmethods': size=120064Kb used=8969Kb max_used=8969Kb free=111094Kb
 bounds [0x000001f2db4f0000, 0x000001f2dbdc0000, 0x000001f2e2a30000]
CodeHeap 'profiled nmethods': size=120000Kb used=30875Kb max_used=30875Kb free=89124Kb
 bounds [0x000001f2d3fc0000, 0x000001f2d5df0000, 0x000001f2db4f0000]
CodeHeap 'non-nmethods': size=5696Kb used=2353Kb max_used=2376Kb free=3342Kb
 bounds [0x000001f2d3a30000, 0x000001f2d3ca0000, 0x000001f2d3fc0000]
 total_blobs=14593 nmethods=13668 adapters=831
 compilation: enabled
              stopped_count=0, restarted_count=0
 full_count=0

Compilation events (20 events):
Event: 23.952 Thread 0x000001f2eab99800 13736       2       com.sun.xml.bind.v2.model.impl.PropertyInfoImpl::reader (8 bytes)
Event: 23.952 Thread 0x000001f2eab99800 nmethod 13736 0x000001f2d5de5610 code [0x000001f2d5de57c0, 0x000001f2d5de58d8]
Event: 23.954 Thread 0x000001f2eab99800 13737       2       com.sun.xml.bind.v2.model.impl.PropertyInfoImpl::nav (8 bytes)
Event: 23.954 Thread 0x000001f2eab99800 nmethod 13737 0x000001f2d5de5990 code [0x000001f2d5de5b40, 0x000001f2d5de5c58]
Event: 23.954 Thread 0x000001f2eab99800 13738       2       com.sun.xml.bind.v2.model.nav.TypeVisitor::visit (125 bytes)
Event: 23.954 Thread 0x000001f2eab99800 nmethod 13738 0x000001f2d5de5d10 code [0x000001f2d5de5f40, 0x000001f2d5de64f8]
Event: 23.954 Thread 0x000001f2eab99800 13739       2       com.sun.xml.bind.v2.model.annotation.RuntimeInlineAnnotationReader::getPackageAnnotation (11 bytes)
Event: 23.955 Thread 0x000001f2eab99800 nmethod 13739 0x000001f2d5de6690 code [0x000001f2d5de6840, 0x000001f2d5de6988]
Event: 23.955 Thread 0x000001f2eab99800 13740       2       com.sun.xml.bind.v2.model.impl.RuntimeClassInfoImpl$RuntimePropertySeed::readAnnotation (11 bytes)
Event: 23.955 Thread 0x000001f2eab99800 nmethod 13740 0x000001f2d5de6a90 code [0x000001f2d5de6c40, 0x000001f2d5de6d68]
Event: 23.955 Thread 0x000001f2eab99800 13741       1       com.sun.xml.bind.v2.model.impl.PropertyInfoImpl::isCollection (5 bytes)
Event: 23.955 Thread 0x000001f2eab99800 nmethod 13741 0x000001f2dbdabd90 code [0x000001f2dbdabf40, 0x000001f2dbdabff8]
Event: 23.957 Thread 0x000001f2ee10b800 nmethod 13636 0x000001f2dbdac090 code [0x000001f2dbdac260, 0x000001f2dbdacad8]
Event: 23.957 Thread 0x000001f2ee10b800 13641       4       org.apache.xerces.impl.XMLDocumentFragmentScannerImpl::scanAttribute (237 bytes)
Event: 23.980 Thread 0x000001f2eab92000 nmethod 13629 0x000001f2dbdad310 code [0x000001f2dbdad620, 0x000001f2dbdb11f8]
Event: 23.980 Thread 0x000001f2eab92000 13645       4       org.apache.xerces.util.AugmentationsImpl$SmallContainer::clear (41 bytes)
Event: 23.980 Thread 0x000001f2eab92000 nmethod 13645 0x000001f2dbdb1f10 code [0x000001f2dbdb20a0, 0x000001f2dbdb2118]
Event: 23.980 Thread 0x000001f2eab92000 13647       4       org.apache.xerces.util.XMLAttributesImpl::getQName (38 bytes)
Event: 23.981 Thread 0x000001f2eab92000 nmethod 13647 0x000001f2dbdb2190 code [0x000001f2dbdb2320, 0x000001f2dbdb2418]
Event: 23.981 Thread 0x000001f2eab92000 13648       4       org.apache.xerces.dom.DeferredDocumentImpl::setDeferredAttribute (227 bytes)

GC Heap History (20 events):
Event: 10.728 GC heap before
{Heap before GC invocations=10 (full 0):
 garbage-first heap   total 262144K, used 96165K [0x0000000080000000, 0x0000000100000000)
  region size 1024K, 64 young (65536K), 17 survivors (17408K)
 Metaspace       used 58383K, capacity 59829K, committed 59940K, reserved 1101824K
  class space    used 7360K, capacity 7893K, committed 7936K, reserved 1048576K
}
Event: 10.748 GC heap after
{Heap after GC invocations=11 (full 0):
 garbage-first heap   total 262144K, used 51712K [0x0000000080000000, 0x0000000100000000)
  region size 1024K, 3 young (3072K), 3 survivors (3072K)
 Metaspace       used 58383K, capacity 59829K, committed 59940K, reserved 1101824K
  class space    used 7360K, capacity 7893K, committed 7936K, reserved 1048576K
}
Event: 12.695 GC heap before
{Heap before GC invocations=12 (full 0):
 garbage-first heap   total 262144K, used 155136K [0x0000000080000000, 0x0000000100000000)
  region size 1024K, 104 young (106496K), 3 survivors (3072K)
 Metaspace       used 67588K, capacity 69113K, committed 69412K, reserved 1110016K
  class space    used 8515K, capacity 9092K, committed 9216K, reserved 1048576K
}
Event: 12.710 GC heap after
{Heap after GC invocations=13 (full 0):
 garbage-first heap   total 262144K, used 59062K [0x0000000080000000, 0x0000000100000000)
  region size 1024K, 10 young (10240K), 10 survivors (10240K)
 Metaspace       used 67588K, capacity 69113K, committed 69412K, reserved 1110016K
  class space    used 8515K, capacity 9092K, committed 9216K, reserved 1048576K
}
Event: 14.671 GC heap before
{Heap before GC invocations=14 (full 0):
 garbage-first heap   total 262144K, used 165558K [0x0000000080000000, 0x0000000100000000)
  region size 1024K, 114 young (116736K), 10 survivors (10240K)
 Metaspace       used 77411K, capacity 79100K, committed 79268K, reserved 1118208K
  class space    used 9941K, capacity 10560K, committed 10624K, reserved 1048576K
}
Event: 14.687 GC heap after
{Heap after GC invocations=15 (full 0):
 garbage-first heap   total 262144K, used 66086K [0x0000000080000000, 0x0000000100000000)
  region size 1024K, 8 young (8192K), 8 survivors (8192K)
 Metaspace       used 77411K, capacity 79100K, committed 79268K, reserved 1118208K
  class space    used 9941K, capacity 10560K, committed 10624K, reserved 1048576K
}
Event: 16.433 GC heap before
{Heap before GC invocations=15 (full 0):
 garbage-first heap   total 262144K, used 173606K [0x0000000080000000, 0x0000000100000000)
  region size 1024K, 114 young (116736K), 8 survivors (8192K)
 Metaspace       used 86424K, capacity 88342K, committed 88484K, reserved 1126400K
  class space    used 11131K, capacity 11859K, committed 11904K, reserved 1048576K
}
Event: 16.449 GC heap after
{Heap after GC invocations=16 (full 0):
 garbage-first heap   total 262144K, used 74752K [0x0000000080000000, 0x0000000100000000)
  region size 1024K, 15 young (15360K), 15 survivors (15360K)
 Metaspace       used 86424K, capacity 88342K, committed 88484K, reserved 1126400K
  class space    used 11131K, capacity 11859K, committed 11904K, reserved 1048576K
}
Event: 18.284 GC heap before
{Heap before GC invocations=16 (full 0):
 garbage-first heap   total 262144K, used 182272K [0x0000000080000000, 0x0000000100000000)
  region size 1024K, 121 young (123904K), 15 survivors (15360K)
 Metaspace       used 88361K, capacity 90399K, committed 90532K, reserved 1128448K
  class space    used 11290K, capacity 12052K, committed 12160K, reserved 1048576K
}
Event: 18.309 GC heap after
{Heap after GC invocations=17 (full 0):
 garbage-first heap   total 262144K, used 83318K [0x0000000080000000, 0x0000000100000000)
  region size 1024K, 9 young (9216K), 9 survivors (9216K)
 Metaspace       used 88361K, capacity 90399K, committed 90532K, reserved 1128448K
  class space    used 11290K, capacity 12052K, committed 12160K, reserved 1048576K
}
Event: 19.327 GC heap before
{Heap before GC invocations=17 (full 0):
 garbage-first heap   total 262144K, used 189814K [0x0000000080000000, 0x0000000100000000)
  region size 1024K, 114 young (116736K), 9 survivors (9216K)
 Metaspace       used 92349K, capacity 94458K, committed 94628K, reserved 1132544K
  class space    used 11808K, capacity 12578K, committed 12672K, reserved 1048576K
}
Event: 19.339 GC heap after
{Heap after GC invocations=18 (full 0):
 garbage-first heap   total 262144K, used 87785K [0x0000000080000000, 0x0000000100000000)
  region size 1024K, 13 young (13312K), 13 survivors (13312K)
 Metaspace       used 92349K, capacity 94458K, committed 94628K, reserved 1132544K
  class space    used 11808K, capacity 12578K, committed 12672K, reserved 1048576K
}
Event: 20.625 GC heap before
{Heap before GC invocations=18 (full 0):
 garbage-first heap   total 262144K, used 200425K [0x0000000080000000, 0x0000000100000000)
  region size 1024K, 119 young (121856K), 13 survivors (13312K)
 Metaspace       used 96313K, capacity 98529K, committed 98724K, reserved 1134592K
  class space    used 12245K, capacity 13114K, committed 13184K, reserved 1048576K
}
Event: 20.643 GC heap after
{Heap after GC invocations=19 (full 0):
 garbage-first heap   total 262144K, used 97425K [0x0000000080000000, 0x0000000100000000)
  region size 1024K, 12 young (12288K), 12 survivors (12288K)
 Metaspace       used 96313K, capacity 98529K, committed 98724K, reserved 1134592K
  class space    used 12245K, capacity 13114K, committed 13184K, reserved 1048576K
}
Event: 22.616 GC heap before
{Heap before GC invocations=19 (full 0):
 garbage-first heap   total 262144K, used 209041K [0x0000000080000000, 0x0000000100000000)
  region size 1024K, 115 young (117760K), 12 survivors (12288K)
 Metaspace       used 103711K, capacity 106095K, committed 106148K, reserved 1142784K
  class space    used 13009K, capacity 13909K, committed 13952K, reserved 1048576K
}
Event: 22.636 GC heap after
{Heap after GC invocations=20 (full 0):
 garbage-first heap   total 262144K, used 112223K [0x0000000080000000, 0x0000000100000000)
  region size 1024K, 15 young (15360K), 15 survivors (15360K)
 Metaspace       used 103711K, capacity 106095K, committed 106148K, reserved 1142784K
  class space    used 13009K, capacity 13909K, committed 13952K, reserved 1048576K
}
Event: 23.554 GC heap before
{Heap before GC invocations=20 (full 0):
 garbage-first heap   total 262144K, used 204383K [0x0000000080000000, 0x0000000100000000)
  region size 1024K, 105 young (107520K), 15 survivors (15360K)
 Metaspace       used 106982K, capacity 109291K, committed 109604K, reserved 1144832K
  class space    used 13282K, capacity 14218K, committed 14336K, reserved 1048576K
}
Event: 23.597 GC heap after
{Heap after GC invocations=21 (full 0):
 garbage-first heap   total 262144K, used 154624K [0x0000000080000000, 0x0000000100000000)
  region size 1024K, 14 young (14336K), 14 survivors (14336K)
 Metaspace       used 106982K, capacity 109291K, committed 109604K, reserved 1144832K
  class space    used 13282K, capacity 14218K, committed 14336K, reserved 1048576K
}
Event: 23.732 GC heap before
{Heap before GC invocations=21 (full 0):
 garbage-first heap   total 262144K, used 172032K [0x0000000080000000, 0x0000000100000000)
  region size 1024K, 33 young (33792K), 14 survivors (14336K)
 Metaspace       used 107538K, capacity 109899K, committed 110116K, reserved 1144832K
  class space    used 13350K, capacity 14291K, committed 14336K, reserved 1048576K
}
Event: 23.751 GC heap after
{Heap after GC invocations=22 (full 0):
 garbage-first heap   total 262144K, used 165376K [0x0000000080000000, 0x0000000100000000)
  region size 1024K, 7 young (7168K), 7 survivors (7168K)
 Metaspace       used 107538K, capacity 109899K, committed 110116K, reserved 1144832K
  class space    used 13350K, capacity 14291K, committed 14336K, reserved 1048576K
}

Deoptimization events (20 events):
Event: 23.134 Thread 0x000001f2ee102000 DEOPT PACKING pc=0x000001f2d56d24d5 sp=0x000000a9a1dfb110
Event: 23.134 Thread 0x000001f2ee102000 DEOPT UNPACKING pc=0x000001f2d3a56dde sp=0x000000a9a1dfa630 mode 0
Event: 23.170 Thread 0x000001f2ee102000 Uncommon trap: trap_request=0xffffffc6 fr.pc=0x000001f2dbb3fe7c relative=0x000000000000175c
Event: 23.170 Thread 0x000001f2ee102000 Uncommon trap: reason=bimorphic_or_optimized_type_check action=maybe_recompile pc=0x000001f2dbb3fe7c method=java.util.concurrent.ConcurrentHashMap.putVal(Ljava/lang/Object;Ljava/lang/Object;Z)Ljava/lang/Object; @ 242 c2
Event: 23.170 Thread 0x000001f2ee102000 DEOPT PACKING pc=0x000001f2dbb3fe7c sp=0x000000a9a1dfb350
Event: 23.170 Thread 0x000001f2ee102000 DEOPT UNPACKING pc=0x000001f2d3a5662f sp=0x000000a9a1dfb2e0 mode 2
Event: 23.193 Thread 0x000001f2ee102000 Uncommon trap: trap_request=0xffffff4d fr.pc=0x000001f2db846cdc relative=0x000000000000047c
Event: 23.193 Thread 0x000001f2ee102000 Uncommon trap: reason=unstable_if action=reinterpret pc=0x000001f2db846cdc method=org.apache.xerces.impl.XMLEntityScanner.scanLiteral(ILorg/apache/xerces/xni/XMLString;)I @ 606 c2
Event: 23.193 Thread 0x000001f2ee102000 DEOPT PACKING pc=0x000001f2db846cdc sp=0x000000a9a1dfba70
Event: 23.194 Thread 0x000001f2ee102000 DEOPT UNPACKING pc=0x000001f2d3a5662f sp=0x000000a9a1dfb9f8 mode 2
Event: 23.203 Thread 0x000001f2ee102000 DEOPT PACKING pc=0x000001f2d5d6fad4 sp=0x000000a9a1dfb9c0
Event: 23.203 Thread 0x000001f2ee102000 DEOPT UNPACKING pc=0x000001f2d3a56dde sp=0x000000a9a1dfae50 mode 0
Event: 23.275 Thread 0x000001f2ee102000 DEOPT PACKING pc=0x000001f2d5d8e821 sp=0x000000a9a1dfba00
Event: 23.275 Thread 0x000001f2ee102000 DEOPT UNPACKING pc=0x000001f2d3a56dde sp=0x000000a9a1dfae70 mode 0
Event: 23.476 Thread 0x000001f2ee102000 Uncommon trap: trap_request=0xffffff4d fr.pc=0x000001f2db849c24 relative=0x00000000000001e4
Event: 23.476 Thread 0x000001f2ee102000 Uncommon trap: reason=unstable_if action=reinterpret pc=0x000001f2db849c24 method=org.apache.xerces.dom.DeferredDocumentImpl.clearChunkValue([[Ljava/lang/Object;II)Ljava/lang/String; @ 59 c2
Event: 23.476 Thread 0x000001f2ee102000 DEOPT PACKING pc=0x000001f2db849c24 sp=0x000000a9a1dfbdf0
Event: 23.476 Thread 0x000001f2ee102000 DEOPT UNPACKING pc=0x000001f2d3a5662f sp=0x000000a9a1dfbd90 mode 2
Event: 23.510 Thread 0x000001f2ee102000 DEOPT PACKING pc=0x000001f2d5dcbe63 sp=0x000000a9a1dfbff0
Event: 23.510 Thread 0x000001f2ee102000 DEOPT UNPACKING pc=0x000001f2d3a56dde sp=0x000000a9a1dfb498 mode 0

Classes redefined (0 events):
No events

Internal exceptions (20 events):
Event: 19.607 Thread 0x000001f2ee103800 Implicit null exception at 0x000001f2db87f42c to 0x000001f2db87f46b
Event: 19.629 Thread 0x000001f2ee103800 Exception <a 'java/lang/NoSuchMethodError'{0x000000008e4e6d88}: 'int java.lang.invoke.DirectMethodHandle$Holder.invokeSpecial(java.lang.Object, java.lang.Object, java.lang.Object, java.lang.Object, java.lang.Object)'> (0x000000008e4e6d88) thrown at [./src/hotspot/share/interpreter/linkResolver.cpp, line 773]
Event: 19.875 Thread 0x000001f2ee103800 Exception <a 'java/lang/NoSuchMethodError'{0x000000008ce2dc40}: 'void java.lang.invoke.DirectMethodHandle$Holder.invokeVirtual(java.lang.Object, java.lang.Object)'> (0x000000008ce2dc40) thrown at [./src/hotspot/share/interpreter/linkResolver.cpp, line 773]
Event: 19.991 Thread 0x000001f2ee103800 Exception <a 'java/lang/NoSuchMethodError'{0x000000008cbdb3a8}: <clinit>> (0x000000008cbdb3a8) thrown at [./src/hotspot/share/prims/jni.cpp, line 1362]
Event: 20.217 Thread 0x000001f2ee103800 Exception <a 'java/lang/NoSuchMethodError'{0x000000008b9e4fc0}: <clinit>> (0x000000008b9e4fc0) thrown at [./src/hotspot/share/prims/jni.cpp, line 1362]
Event: 21.441 Thread 0x000001f2ee102000 Exception <a 'sun/nio/fs/WindowsException'{0x000000008c51a120}> (0x000000008c51a120) thrown at [./src/hotspot/share/prims/jni.cpp, line 615]
Event: 21.441 Thread 0x000001f2ee102000 Exception <a 'sun/nio/fs/WindowsException'{0x000000008c51a208}> (0x000000008c51a208) thrown at [./src/hotspot/share/prims/jni.cpp, line 615]
Event: 21.681 Thread 0x000001f2ee102000 Exception <a 'java/security/PrivilegedActionException'{0x000000008bca61a0}> (0x000000008bca61a0) thrown at [./src/hotspot/share/prims/jvm.cpp, line 1306]
Event: 21.681 Thread 0x000001f2ee102000 Exception <a 'java/security/PrivilegedActionException'{0x000000008bca6718}> (0x000000008bca6718) thrown at [./src/hotspot/share/prims/jvm.cpp, line 1306]
Event: 21.682 Thread 0x000001f2ee102000 Exception <a 'java/security/PrivilegedActionException'{0x000000008bca7968}> (0x000000008bca7968) thrown at [./src/hotspot/share/prims/jvm.cpp, line 1306]
Event: 21.682 Thread 0x000001f2ee102000 Exception <a 'java/security/PrivilegedActionException'{0x000000008bca7ee0}> (0x000000008bca7ee0) thrown at [./src/hotspot/share/prims/jvm.cpp, line 1306]
Event: 21.682 Thread 0x000001f2ee102000 Exception <a 'java/security/PrivilegedActionException'{0x000000008bca91f0}> (0x000000008bca91f0) thrown at [./src/hotspot/share/prims/jvm.cpp, line 1306]
Event: 21.682 Thread 0x000001f2ee102000 Exception <a 'java/security/PrivilegedActionException'{0x000000008bca9768}> (0x000000008bca9768) thrown at [./src/hotspot/share/prims/jvm.cpp, line 1306]
Event: 21.682 Thread 0x000001f2ee102000 Exception <a 'java/security/PrivilegedActionException'{0x000000008bcaa9e8}> (0x000000008bcaa9e8) thrown at [./src/hotspot/share/prims/jvm.cpp, line 1306]
Event: 21.682 Thread 0x000001f2ee102000 Exception <a 'java/security/PrivilegedActionException'{0x000000008bcaaf60}> (0x000000008bcaaf60) thrown at [./src/hotspot/share/prims/jvm.cpp, line 1306]
Event: 21.682 Thread 0x000001f2ee102000 Exception <a 'java/security/PrivilegedActionException'{0x000000008bcac208}> (0x000000008bcac208) thrown at [./src/hotspot/share/prims/jvm.cpp, line 1306]
Event: 21.682 Thread 0x000001f2ee102000 Exception <a 'java/security/PrivilegedActionException'{0x000000008bcac780}> (0x000000008bcac780) thrown at [./src/hotspot/share/prims/jvm.cpp, line 1306]
Event: 21.682 Thread 0x000001f2ee102000 Exception <a 'java/security/PrivilegedActionException'{0x000000008bcada90}> (0x000000008bcada90) thrown at [./src/hotspot/share/prims/jvm.cpp, line 1306]
Event: 21.682 Thread 0x000001f2ee102000 Exception <a 'java/security/PrivilegedActionException'{0x000000008bcae008}> (0x000000008bcae008) thrown at [./src/hotspot/share/prims/jvm.cpp, line 1306]
Event: 23.806 Thread 0x000001f2ee102000 Exception <a 'java/lang/NullPointerException'{0x000000008fdcdef8}> (0x000000008fdcdef8) thrown at [./src/hotspot/share/interpreter/linkResolver.cpp, line 1440]

Events (20 events):
Event: 23.988 loading class com/sun/xml/bind/v2/runtime/reflect/Lister$2
Event: 23.988 loading class com/sun/xml/bind/v2/runtime/reflect/Lister$2 done
Event: 23.988 loading class com/sun/xml/bind/v2/runtime/reflect/Utils
Event: 23.988 loading class com/sun/xml/bind/v2/runtime/reflect/Utils done
Event: 23.988 loading class com/sun/xml/bind/v2/runtime/reflect/Utils$1
Event: 23.988 loading class com/sun/xml/bind/v2/runtime/reflect/Utils$1 done
Event: 23.989 loading class com/sun/xml/bind/v2/ClassFactory
Event: 23.989 loading class com/sun/xml/bind/v2/ClassFactory done
Event: 23.989 loading class com/sun/xml/bind/v2/ClassFactory$1
Event: 23.989 loading class com/sun/xml/bind/v2/ClassFactory$1 done
Event: 23.991 loading class javax/xml/bind/JAXBElement
Event: 23.991 loading class javax/xml/bind/JAXBElement done
Event: 23.991 loading class com/sun/xml/bind/v2/runtime/ElementBeanInfoImpl$IntercepterLoader
Event: 23.991 loading class com/sun/xml/bind/v2/runtime/ElementBeanInfoImpl$IntercepterLoader done
Event: 23.994 loading class com/sun/xml/bind/v2/runtime/unmarshaller/Intercepter
Event: 23.994 loading class com/sun/xml/bind/v2/runtime/unmarshaller/Intercepter done
Event: 23.994 loading class com/sun/xml/bind/v2/runtime/ElementBeanInfoImpl$1
Event: 23.994 loading class com/sun/xml/bind/v2/runtime/ElementBeanInfoImpl$1 done
Event: 23.995 loading class com/sun/xml/bind/v2/runtime/CompositeStructureBeanInfo
Event: 23.995 loading class com/sun/xml/bind/v2/runtime/CompositeStructureBeanInfo done


Dynamic libraries:
0x00007ff6b7780000 - 0x00007ff6b778a000 	C:\Program Files\Android\Android Studio\jre\bin\java.exe
0x00007ffab91c0000 - 0x00007ffab93c9000 	C:\WINDOWS\SYSTEM32\ntdll.dll
0x00007ffab85c0000 - 0x00007ffab867d000 	C:\WINDOWS\System32\KERNEL32.DLL
0x00007ffab6750000 - 0x00007ffab6ac4000 	C:\WINDOWS\System32\KERNELBASE.dll
0x00007ffab6f40000 - 0x00007ffab7051000 	C:\WINDOWS\System32\ucrtbase.dll
0x00007ffab2110000 - 0x00007ffab2129000 	C:\Program Files\Android\Android Studio\jre\bin\jli.dll
0x00007ffaa6970000 - 0x00007ffaa6987000 	C:\Program Files\Android\Android Studio\jre\bin\VCRUNTIME140.dll
0x00007ffab7de0000 - 0x00007ffab7f8c000 	C:\WINDOWS\System32\USER32.dll
0x00007ffab6d60000 - 0x00007ffab6d86000 	C:\WINDOWS\System32\win32u.dll
0x00007ffa90520000 - 0x00007ffa907c5000 	C:\WINDOWS\WinSxS\amd64_microsoft.windows.common-controls_6595b64144ccf1df_6.0.22000.120_none_9d947278b86cc467\COMCTL32.dll
0x00007ffab7cf0000 - 0x00007ffab7d19000 	C:\WINDOWS\System32\GDI32.dll
0x00007ffab7480000 - 0x00007ffab7523000 	C:\WINDOWS\System32\msvcrt.dll
0x00007ffab6c40000 - 0x00007ffab6d52000 	C:\WINDOWS\System32\gdi32full.dll
0x00007ffab66b0000 - 0x00007ffab674d000 	C:\WINDOWS\System32\msvcp_win.dll
0x00007ffab7f90000 - 0x00007ffab7fc1000 	C:\WINDOWS\System32\IMM32.DLL
0x00007ffa8b880000 - 0x00007ffa8b91d000 	C:\Program Files\Android\Android Studio\jre\bin\msvcp140.dll
0x00007ffa78bb0000 - 0x00007ffa79685000 	C:\Program Files\Android\Android Studio\jre\bin\server\jvm.dll
0x00007ffab73d0000 - 0x00007ffab747e000 	C:\WINDOWS\System32\ADVAPI32.dll
0x00007ffab8a80000 - 0x00007ffab8b1e000 	C:\WINDOWS\System32\sechost.dll
0x00007ffab7fd0000 - 0x00007ffab80f0000 	C:\WINDOWS\System32\RPCRT4.dll
0x00007ffab8b20000 - 0x00007ffab8b28000 	C:\WINDOWS\System32\PSAPI.DLL
0x00007ffa9bb10000 - 0x00007ffa9bb19000 	C:\WINDOWS\SYSTEM32\WSOCK32.dll
0x00007ffab1b80000 - 0x00007ffab1bb3000 	C:\WINDOWS\SYSTEM32\WINMM.dll
0x00007ffab90e0000 - 0x00007ffab914f000 	C:\WINDOWS\System32\WS2_32.dll
0x00007ffab0170000 - 0x00007ffab017a000 	C:\WINDOWS\SYSTEM32\VERSION.dll
0x00007ffab57b0000 - 0x00007ffab57c8000 	C:\WINDOWS\SYSTEM32\kernel.appcore.dll
0x00007ffa86920000 - 0x00007ffa86931000 	C:\Program Files\Android\Android Studio\jre\bin\verify.dll
0x00007ffaae880000 - 0x00007ffaaeaa1000 	C:\WINDOWS\SYSTEM32\DBGHELP.DLL
0x00007ffaa18f0000 - 0x00007ffaa1921000 	C:\WINDOWS\SYSTEM32\dbgcore.DLL
0x00007ffab6ec0000 - 0x00007ffab6f3f000 	C:\WINDOWS\System32\bcryptPrimitives.dll
0x00007ffa7cd70000 - 0x00007ffa7cd99000 	C:\Program Files\Android\Android Studio\jre\bin\java.dll
0x00007ffa9b710000 - 0x00007ffa9b71b000 	C:\Program Files\Android\Android Studio\jre\bin\jimage.dll
0x00007ffa7b7e0000 - 0x00007ffa7b7f8000 	C:\Program Files\Android\Android Studio\jre\bin\zip.dll
0x00007ffab7530000 - 0x00007ffab7cde000 	C:\WINDOWS\System32\SHELL32.dll
0x00007ffab4820000 - 0x00007ffab5087000 	C:\WINDOWS\SYSTEM32\windows.storage.dll
0x00007ffab8680000 - 0x00007ffab89f8000 	C:\WINDOWS\System32\combase.dll
0x00007ffab46b0000 - 0x00007ffab4816000 	C:\WINDOWS\SYSTEM32\wintypes.dll
0x00007ffab7200000 - 0x00007ffab72ea000 	C:\WINDOWS\System32\SHCORE.dll
0x00007ffab8a20000 - 0x00007ffab8a7d000 	C:\WINDOWS\System32\shlwapi.dll
0x00007ffab65e0000 - 0x00007ffab6601000 	C:\WINDOWS\SYSTEM32\profapi.dll
0x00007ffa798a0000 - 0x00007ffa798ba000 	C:\Program Files\Android\Android Studio\jre\bin\net.dll
0x00007ffab0940000 - 0x00007ffab0a4c000 	C:\WINDOWS\SYSTEM32\WINHTTP.dll
0x00007ffab5be0000 - 0x00007ffab5c47000 	C:\WINDOWS\system32\mswsock.dll
0x00007ffa77fc0000 - 0x00007ffa77fd4000 	C:\Program Files\Android\Android Studio\jre\bin\nio.dll
0x00007ffab3880000 - 0x00007ffab38a7000 	C:\Users\syeds\.gradle\native\e1d6ef7f7dcc3fd88c89a11ec53ec762bb8ba0a96d01ffa2cd45eb1d1d8dd5c5\windows-amd64\native-platform.dll
0x00007ffa59ed0000 - 0x00007ffa5a014000 	C:\Users\syeds\.gradle\native\5664cfc778a61ccfe75a443a1ab52a65af34e5dc3c78e0209fed803814484fcb\windows-amd64\native-platform-file-events.dll
0x00007ffa99620000 - 0x00007ffa9962a000 	C:\Program Files\Android\Android Studio\jre\bin\management.dll
0x00007ffa91ba0000 - 0x00007ffa91bad000 	C:\Program Files\Android\Android Studio\jre\bin\management_ext.dll
0x00007ffab5e20000 - 0x00007ffab5e38000 	C:\WINDOWS\SYSTEM32\CRYPTSP.dll
0x00007ffab5710000 - 0x00007ffab5745000 	C:\WINDOWS\system32\rsaenh.dll
0x00007ffab5cd0000 - 0x00007ffab5cf9000 	C:\WINDOWS\SYSTEM32\USERENV.dll
0x00007ffab5fa0000 - 0x00007ffab5fc7000 	C:\WINDOWS\SYSTEM32\bcrypt.dll
0x00007ffab5e40000 - 0x00007ffab5e4c000 	C:\WINDOWS\SYSTEM32\CRYPTBASE.dll
0x00007ffab52e0000 - 0x00007ffab530d000 	C:\WINDOWS\SYSTEM32\IPHLPAPI.DLL
0x00007ffab7dd0000 - 0x00007ffab7dd9000 	C:\WINDOWS\System32\NSI.dll
0x00007ffab10e0000 - 0x00007ffab10f9000 	C:\WINDOWS\SYSTEM32\dhcpcsvc6.DLL
0x00007ffab17b0000 - 0x00007ffab17ce000 	C:\WINDOWS\SYSTEM32\dhcpcsvc.DLL
0x00007ffab5310000 - 0x00007ffab53f7000 	C:\WINDOWS\SYSTEM32\DNSAPI.dll

dbghelp: loaded successfully - version: 4.0.5 - missing functions: none
symbol engine: initialized successfully - sym options: 0x614 - pdb path: .;C:\Program Files\Android\Android Studio\jre\bin;C:\WINDOWS\SYSTEM32;C:\WINDOWS\WinSxS\amd64_microsoft.windows.common-controls_6595b64144ccf1df_6.0.22000.120_none_9d947278b86cc467;C:\Program Files\Android\Android Studio\jre\bin\server;C:\Users\syeds\.gradle\native\e1d6ef7f7dcc3fd88c89a11ec53ec762bb8ba0a96d01ffa2cd45eb1d1d8dd5c5\windows-amd64;C:\Users\syeds\.gradle\native\5664cfc778a61ccfe75a443a1ab52a65af34e5dc3c78e0209fed803814484fcb\windows-amd64

VM Arguments:
jvm_args: --add-opens=java.base/java.util=ALL-UNNAMED --add-opens=java.base/java.lang=ALL-UNNAMED --add-opens=java.base/java.lang.invoke=ALL-UNNAMED --add-opens=java.base/java.util=ALL-UNNAMED --add-opens=java.prefs/java.util.prefs=ALL-UNNAMED --add-opens=java.prefs/java.util.prefs=ALL-UNNAMED --add-opens=java.base/java.nio.charset=ALL-UNNAMED --add-opens=java.base/java.net=ALL-UNNAMED --add-opens=java.base/java.util.concurrent.atomic=ALL-UNNAMED -Xmx2048m -Dfile.encoding=UTF-8 -Duser.country=US -Duser.language=en -Duser.variant 
java_command: org.gradle.launcher.daemon.bootstrap.GradleDaemon 7.2
java_class_path (initial): C:\Users\syeds\.gradle\wrapper\dists\gradle-7.2-bin\2dnblmf4td7x66yl1d74lt32g\gradle-7.2\lib\gradle-launcher-7.2.jar
Launcher Type: SUN_STANDARD

[Global flags]
     intx CICompilerCount                          = 3                                         {product} {ergonomic}
     uint ConcGCThreads                            = 1                                         {product} {ergonomic}
     uint G1ConcRefinementThreads                  = 4                                         {product} {ergonomic}
   size_t G1HeapRegionSize                         = 1048576                                   {product} {ergonomic}
    uintx GCDrainStackTargetSize                   = 64                                        {product} {ergonomic}
   size_t InitialHeapSize                          = 268435456                                 {product} {ergonomic}
   size_t MarkStackSize                            = 4194304                                   {product} {ergonomic}
   size_t MaxHeapSize                              = 2147483648                                {product} {command line}
   size_t MaxNewSize                               = 1287651328                                {product} {ergonomic}
   size_t MinHeapDeltaBytes                        = 1048576                                   {product} {ergonomic}
    uintx NonNMethodCodeHeapSize                   = 5830732                                {pd product} {ergonomic}
    uintx NonProfiledCodeHeapSize                  = 122913754                              {pd product} {ergonomic}
    uintx ProfiledCodeHeapSize                     = 122913754                              {pd product} {ergonomic}
    uintx ReservedCodeCacheSize                    = 251658240                              {pd product} {ergonomic}
     bool SegmentedCodeCache                       = true                                      {product} {ergonomic}
     bool UseCompressedClassPointers               = true                                 {lp64_product} {ergonomic}
     bool UseCompressedOops                        = true                                 {lp64_product} {ergonomic}
     bool UseG1GC                                  = true                                      {product} {ergonomic}
     bool UseLargePagesIndividualAllocation        = false                                  {pd product} {ergonomic}

Logging:
Log output configuration:
 #0: stdout all=warning uptime,level,tags
 #1: stderr all=off uptime,level,tags

Environment Variables:
PATH=C:\Program Files\Common Files\Oracle\Java\javapath;C:\WINDOWS\system32;C:\WINDOWS;C:\WINDOWS\System32\Wbem;C:\WINDOWS\System32\WindowsPowerShell\v1.0\;C:\WINDOWS\System32\OpenSSH\;C:\Program Files\Git\cmd;C:\Users\syeds\AppData\Local\Microsoft\WindowsApps;C:\Users\syeds\AppData\Local\GitHubDesktop\bin;C:\Users\syeds\AppData\Local\Programs\Microsoft VS Code\bin
USERNAME=syeds
OS=Windows_NT
PROCESSOR_IDENTIFIER=Intel64 Family 6 Model 60 Stepping 3, GenuineIntel



---------------  S Y S T E M  ---------------

OS: Windows 10 , 64 bit Build 22000 (10.0.22000.434)
OS uptime: 0 days 2:35 hours

CPU:total 4 (initial active 4) (4 cores per cpu, 1 threads per core) family 6 model 60 stepping 3 microcode 0x28, cmov, cx8, fxsr, mmx, sse, sse2, sse3, ssse3, sse4.1, sse4.2, popcnt, avx, avx2, aes, clmul, erms, lzcnt, tsc, tscinvbit, bmi1, bmi2, fma

Memory: 4k page, system-wide physical 16284M (4961M free)
TotalPageFile size 18716M (AvailPageFile size 5236M)
current process WorkingSet (physical memory assigned to process): 566M, peak: 566M
current process commit charge ("private bytes"): 595M, peak: 595M

vm_info: OpenJDK 64-Bit Server VM (11.0.11+9-b60-7590822) for windows-amd64 JRE (11.0.11+9-b60-7590822), built on Jul 29 2021 21:43:44 by "builder" with MS VC++ 14.0 (VS2015)

END.
