#
# A fatal error has been detected by the Java Runtime Environment:
#
#  EXCEPTION_ACCESS_VIOLATION (0xc0000005) at pc=0x00007ffe6e9e505d, pid=4112, tid=9904
#
# JRE version: OpenJDK Runtime Environment (11.0.11+9) (build 11.0.11+9-b60-7590822)
# Java VM: OpenJDK 64-Bit Server VM (11.0.11+9-b60-7590822, mixed mode, tiered, compressed oops, g1 gc, windows-amd64)
# Problematic frame:
# V  [jvm.dll+0x2d505d]
#
# No core dump will be written. Minidumps are not enabled by default on client versions of Windows
#
# If you would like to submit a bug report, please visit:
#   https://bugreport.java.com/bugreport/crash.jsp
#

---------------  S U M M A R Y ------------

Command Line: --add-opens=java.base/java.util=ALL-UNNAMED --add-opens=java.base/java.lang=ALL-UNNAMED --add-opens=java.base/java.lang.invoke=ALL-UNNAMED --add-opens=java.base/java.util=ALL-UNNAMED --add-opens=java.prefs/java.util.prefs=ALL-UNNAMED --add-opens=java.prefs/java.util.prefs=ALL-UNNAMED --add-opens=java.base/java.nio.charset=ALL-UNNAMED --add-opens=java.base/java.net=ALL-UNNAMED --add-opens=java.base/java.util.concurrent.atomic=ALL-UNNAMED -Xmx2048m -Dfile.encoding=UTF-8 -Duser.country=US -Duser.language=en -Duser.variant org.gradle.launcher.daemon.bootstrap.GradleDaemon 7.2

Host: Intel(R) Core(TM) i5-4670T CPU @ 2.30GHz, 4 cores, 15G,  Windows 10 , 64 bit Build 22000 (10.0.22000.434)
Time: Sun Feb  6 22:04:40 2022 India Standard Time elapsed time: 77.876660 seconds (0d 0h 1m 17s)

---------------  T H R E A D  ---------------

Current thread (0x000001e646c05000):  GCTaskThread "GC Thread#0" [stack: 0x0000007670700000,0x0000007670800000] [id=9904]

Stack: [0x0000007670700000,0x0000007670800000],  sp=0x00000076707ff680,  free space=1021k
Native frames: (J=compiled Java code, j=interpreted, Vv=VM code, C=native code)
V  [jvm.dll+0x2d505d]
V  [jvm.dll+0x2d4a1b]
V  [jvm.dll+0x2d2848]
V  [jvm.dll+0x2fe938]
V  [jvm.dll+0x2fe64e]
V  [jvm.dll+0x30cf07]
V  [jvm.dll+0x2adade]
V  [jvm.dll+0x2ada01]
V  [jvm.dll+0x2db0db]
V  [jvm.dll+0x30e945]
V  [jvm.dll+0x30d78d]
V  [jvm.dll+0x2de268]
V  [jvm.dll+0x74d230]
V  [jvm.dll+0x6e80b5]
V  [jvm.dll+0x5f1036]
C  [ucrtbase.dll+0x26c0c]
C  [KERNEL32.DLL+0x154e0]
C  [ntdll.dll+0x485b]


siginfo: EXCEPTION_ACCESS_VIOLATION (0xc0000005), reading address 0x00000000000000f8


Register to memory mapping:

RIP=0x00007ffe6e9e505d jvm.dll
RAX=0x000001e646c16f00 points into unknown readable memory: 0x0000000000000000 | 00 00 00 00 00 00 00 00
RBX=0x000001e664c93d20 points into unknown readable memory: 0x00007ffe6ef371a8 | a8 71 f3 6e fe 7f 00 00
RCX=0x0 is NULL
RDX=0x000001e6606209d0 points into unknown readable memory: 0x00007ffe6ef3ec20 | 20 ec f3 6e fe 7f 00 00
RSP=0x00000076707ff680 points into unknown readable memory: 0x000001e664c93d20 | 20 3d c9 64 e6 01 00 00
RBP=0x000000000000000c is an unknown value
RSI=0x0000000088876268 is pointing into object: [Ljava.lang.Object; 
{0x0000000088875ce0} - klass: 'java/lang/Object'[]
 - length: 4096
RDI=0x000001e664c93e90 points into unknown readable memory: 0x00007ffe6ef37160 | 60 71 f3 6e fe 7f 00 00
R8 =0x00000000888761bc is pointing into object: [Ljava.lang.Object; 
{0x0000000088875ce0} - klass: 'java/lang/Object'[]
 - length: 4096
R9 =0x0 is NULL
R10=0x00000000888761bc is pointing into object: [Ljava.lang.Object; 
{0x0000000088875ce0} - klass: 'java/lang/Object'[]
 - length: 4096
R11=0x000001e664c93e90 points into unknown readable memory: 0x00007ffe6ef37160 | 60 71 f3 6e fe 7f 00 00
R12=0x0 is NULL
R13=0x0000000000000001 is an unknown value
R14=0x000001e646c07d10 points into unknown readable memory: 0x0000067c00000c48 | 48 0c 00 00 7c 06 00 00
R15=0x0000000000000040 is an unknown value


Registers:
RAX=0x000001e646c16f00, RBX=0x000001e664c93d20, RCX=0x0000000000000000, RDX=0x000001e6606209d0
RSP=0x00000076707ff680, RBP=0x000000000000000c, RSI=0x0000000088876268, RDI=0x000001e664c93e90
R8 =0x00000000888761bc, R9 =0x0000000000000000, R10=0x00000000888761bc, R11=0x000001e664c93e90
R12=0x0000000000000000, R13=0x0000000000000001, R14=0x000001e646c07d10, R15=0x0000000000000040
RIP=0x00007ffe6e9e505d, EFLAGS=0x0000000000010246

Top of Stack: (sp=0x00000076707ff680)
0x00000076707ff680:   000001e664c93d20 00000000888761a1
0x00000076707ff690:   000001e646c07c90 0000000087d2d200
0x00000076707ff6a0:   00000000888761bc 00007ffe6e9e4a1b
0x00000076707ff6b0:   00000000888761a0 000001e664c93d20
0x00000076707ff6c0:   0000000000000040 000001e646c07d10
0x00000076707ff6d0:   000001e646c07c90 00007ffe6e9e2848
0x00000076707ff6e0:   0000000000000c46 00000076707ff901
0x00000076707ff6f0:   000001e664c93d20 00007ffe6ea1ab01
0x00000076707ff700:   000000000000015e 000001e646c07d10
0x00000076707ff710:   000001e664c93d20 00007ffe6ea0e938
0x00000076707ff720:   000001e646c07c90 0000000000000c46
0x00000076707ff730:   00000076707ff901 0000000087d20600
0x00000076707ff740:   0000000086044de8 0000000086044e00
0x00000076707ff750:   0000000000000000 00007ffe6ecfc19f
0x00000076707ff760:   00000076707ff800 00007ffe6ea1c89d
0x00000076707ff770:   000001e646bfa140 0000000087d20600 

Instructions: (pc=0x00007ffe6e9e505d)
0x00007ffe6e9e4f5d:   74 24 38 48 83 c4 20 5f c3 cc cc cc cc cc cc cc
0x00007ffe6e9e4f6d:   cc cc cc 48 89 5c 24 08 57 48 83 ec 20 48 8b 41
0x00007ffe6e9e4f7d:   18 48 8b da 48 83 cb 01 48 8b d3 48 8b 78 10 48
0x00007ffe6e9e4f8d:   8b cf e8 5c 7b 00 00 84 c0 75 29 48 81 c7 90 00
0x00007ffe6e9e4f9d:   00 00 48 8b 47 08 48 39 47 20 75 08 48 8b cf e8
0x00007ffe6e9e4fad:   9f f3 f5 ff 48 8b 4f 20 48 8b 47 38 48 89 1c c8
0x00007ffe6e9e4fbd:   48 ff 47 20 48 8b 5c 24 30 48 83 c4 20 5f c3 cc
0x00007ffe6e9e4fcd:   cc cc cc 48 89 5c 24 08 57 48 83 ec 20 48 8b 79
0x00007ffe6e9e4fdd:   10 48 8b da 48 83 cb 01 48 8b cf 48 8b d3 e8 00
0x00007ffe6e9e4fed:   7b 00 00 84 c0 75 29 48 81 c7 90 00 00 00 48 8b
0x00007ffe6e9e4ffd:   47 08 48 39 47 20 75 08 48 8b cf e8 43 f3 f5 ff
0x00007ffe6e9e500d:   48 8b 4f 20 48 8b 47 38 48 89 1c c8 48 ff 47 20
0x00007ffe6e9e501d:   48 8b 5c 24 30 48 83 c4 20 5f c3 cc cc cc cc cc
0x00007ffe6e9e502d:   cc cc cc 40 53 48 83 ec 20 8b 82 04 01 00 00 48
0x00007ffe6e9e503d:   8b d9 d1 e8 a8 01 75 6b 48 8b 41 08 8b 88 c0 02
0x00007ffe6e9e504d:   00 00 48 8b 80 b0 02 00 00 49 d3 e9 4a 8b 0c c8
0x00007ffe6e9e505d:   48 8b 81 f8 00 00 00 83 b8 18 01 00 00 00 74 43
0x00007ffe6e9e506d:   48 8b 4b 50 48 89 7c 24 30 49 c1 e8 09 48 8b 79
0x00007ffe6e9e507d:   48 48 2b 79 40 49 03 f8 48 8b d7 e8 93 c1 ff ff
0x00007ffe6e9e508d:   84 c0 74 1a 80 7b 28 00 48 8d 4b 18 74 10 48 8b
0x00007ffe6e9e509d:   43 50 48 8b 50 40 48 03 d7 e8 95 67 36 00 48 8b
0x00007ffe6e9e50ad:   7c 24 30 48 83 c4 20 5b c3 cc cc cc cc cc cc cc
0x00007ffe6e9e50bd:   cc cc cc 48 89 5c 24 08 48 89 74 24 10 57 48 83
0x00007ffe6e9e50cd:   ec 20 48 63 fa 48 8d 05 b7 c3 54 00 45 33 c0 48
0x00007ffe6e9e50dd:   89 01 48 8b f1 89 79 08 48 8b df 48 8d 0c fd 00
0x00007ffe6e9e50ed:   00 00 00 41 8d 50 05 e8 77 e8 dd ff 45 33 db 48
0x00007ffe6e9e50fd:   89 46 10 4c 8d 4e 10 4c 8b d0 45 8b c3 85 ff 7e
0x00007ffe6e9e510d:   56 83 ff 02 72 51 8d 4f ff 48 63 d1 48 8d 04 d0
0x00007ffe6e9e511d:   4d 3b d1 77 05 49 3b c1 73 3d 8b c7 25 01 00 00
0x00007ffe6e9e512d:   80 7d 07 ff c8 83 c8 fe ff c0 2b f8 0f 1f 80 00
0x00007ffe6e9e513d:   00 00 00 41 83 c0 02 44 3b c7 7c f7 8d 47 01 49
0x00007ffe6e9e514d:   8b fa 99 2b c2 d1 f8 48 63 c8 48 c1 e1 04 48 c1 


Stack slot to memory mapping:
stack at sp + 0 slots: 0x000001e664c93d20 points into unknown readable memory: 0x00007ffe6ef371a8 | a8 71 f3 6e fe 7f 00 00
stack at sp + 1 slots: 0x00000000888761a1 is pointing into object: [Ljava.lang.Object; 
{0x0000000088875ce0} - klass: 'java/lang/Object'[]
 - length: 4096
stack at sp + 2 slots: 0x000001e646c07c90 points into unknown readable memory: 0x0000000000000c48 | 48 0c 00 00 00 00 00 00
stack at sp + 3 slots: 0x0000000087d2d200 is an oop: java.lang.Object 
{0x0000000087d2d200} - klass: 'java/lang/Object'
stack at sp + 4 slots: 0x00000000888761bc is pointing into object: [Ljava.lang.Object; 
{0x0000000088875ce0} - klass: 'java/lang/Object'[]
 - length: 4096
stack at sp + 5 slots: 0x00007ffe6e9e4a1b jvm.dll
stack at sp + 6 slots: 0x00000000888761a0 is pointing into object: [Ljava.lang.Object; 
{0x0000000088875ce0} - klass: 'java/lang/Object'[]
 - length: 4096
stack at sp + 7 slots: 0x000001e664c93d20 points into unknown readable memory: 0x00007ffe6ef371a8 | a8 71 f3 6e fe 7f 00 00


---------------  P R O C E S S  ---------------

Threads class SMR info:
_java_thread_list=0x000001e66d553e30, length=87, elements={
0x000001e646bec000, 0x000001e661041800, 0x000001e661046000, 0x000001e66109e800,
0x000001e6610a1800, 0x000001e6610a3000, 0x000001e6610a7800, 0x000001e6610ad000,
0x000001e6610b9800, 0x000001e66121a000, 0x000001e663175800, 0x000001e662b46000,
0x000001e6632e6800, 0x000001e6627fe000, 0x000001e663dc7000, 0x000001e663c96000,
0x000001e663c93800, 0x000001e663c92800, 0x000001e663c98000, 0x000001e663c94000,
0x000001e663c95000, 0x000001e66438a000, 0x000001e66438b000, 0x000001e664388800,
0x000001e664389800, 0x000001e664390800, 0x000001e6657a6800, 0x000001e6657a8800,
0x000001e667ffb000, 0x000001e667fff000, 0x000001e667ffa000, 0x000001e668000000,
0x000001e667ffb800, 0x000001e668001800, 0x000001e668000800, 0x000001e667ffd800,
0x000001e667ffe000, 0x000001e668002800, 0x000001e667ffc800, 0x000001e668004000,
0x000001e668003000, 0x000001e668008000, 0x000001e668007000, 0x000001e668005800,
0x000001e668006800, 0x000001e668004800, 0x000001e664385800, 0x000001e664387000,
0x000001e66438c000, 0x000001e66438d800, 0x000001e664387800, 0x000001e664394000,
0x000001e66438e800, 0x000001e66438f000, 0x000001e663c96800, 0x000001e663c91800,
0x000001e663c97800, 0x000001e6657a6000, 0x000001e6657ac800, 0x000001e6657a9000,
0x000001e66bb38800, 0x000001e66bb3b800, 0x000001e66bb39000, 0x000001e66bb3d000,
0x000001e66bb37800, 0x000001e66bb3c800, 0x000001e66bb3e000, 0x000001e66bb3a800,
0x000001e66bb3f000, 0x000001e66bb3a000, 0x000001e66bb43000, 0x000001e66bb45800,
0x000001e66bb44800, 0x000001e66bb3f800, 0x000001e66bb41800, 0x000001e66bb42000,
0x000001e66bb43800, 0x000001e66bb46000, 0x000001e66bb40800, 0x000001e668053800,
0x000001e668058000, 0x000001e668053000, 0x000001e668054800, 0x000001e668055800,
0x000001e668056000, 0x000001e668057000, 0x000001e668052000
}

Java Threads: ( => current thread )
  0x000001e646bec000 JavaThread "main" [_thread_blocked, id=1940, stack(0x0000007670600000,0x0000007670700000)]
  0x000001e661041800 JavaThread "Reference Handler" daemon [_thread_blocked, id=5480, stack(0x0000007670d00000,0x0000007670e00000)]
  0x000001e661046000 JavaThread "Finalizer" daemon [_thread_blocked, id=2304, stack(0x0000007670e00000,0x0000007670f00000)]
  0x000001e66109e800 JavaThread "Signal Dispatcher" daemon [_thread_blocked, id=2060, stack(0x0000007670f00000,0x0000007671000000)]
  0x000001e6610a1800 JavaThread "Attach Listener" daemon [_thread_blocked, id=2256, stack(0x0000007671000000,0x0000007671100000)]
  0x000001e6610a3000 JavaThread "Service Thread" daemon [_thread_blocked, id=2104, stack(0x0000007671100000,0x0000007671200000)]
  0x000001e6610a7800 JavaThread "C2 CompilerThread0" daemon [_thread_blocked, id=2116, stack(0x0000007671200000,0x0000007671300000)]
  0x000001e6610ad000 JavaThread "C1 CompilerThread0" daemon [_thread_blocked, id=2052, stack(0x0000007671300000,0x0000007671400000)]
  0x000001e6610b9800 JavaThread "Sweeper thread" daemon [_thread_blocked, id=2056, stack(0x0000007671400000,0x0000007671500000)]
  0x000001e66121a000 JavaThread "Common-Cleaner" daemon [_thread_blocked, id=2072, stack(0x0000007671500000,0x0000007671600000)]
  0x000001e663175800 JavaThread "Daemon health stats" [_thread_blocked, id=2452, stack(0x0000007671b00000,0x0000007671c00000)]
  0x000001e662b46000 JavaThread "Incoming local TCP Connector on port 50063" [_thread_in_native, id=9892, stack(0x0000007671700000,0x0000007671800000)]
  0x000001e6632e6800 JavaThread "Daemon periodic checks" [_thread_blocked, id=3268, stack(0x0000007671c00000,0x0000007671d00000)]
  0x000001e6627fe000 JavaThread "Daemon" [_thread_blocked, id=12140, stack(0x0000007671d00000,0x0000007671e00000)]
  0x000001e663dc7000 JavaThread "Daemon worker" [_thread_blocked, id=3232, stack(0x0000007672000000,0x0000007672100000)]
  0x000001e663c96000 JavaThread "Cache worker for journal cache (C:\Users\syeds\.gradle\caches\journal-1)" [_thread_blocked, id=7192, stack(0x0000007672400000,0x0000007672500000)]
  0x000001e663c93800 JavaThread "File lock request listener" [_thread_in_native, id=6652, stack(0x0000007672500000,0x0000007672600000)]
  0x000001e663c92800 JavaThread "Cache worker for file hash cache (C:\Users\syeds\.gradle\caches\7.2\fileHashes)" [_thread_blocked, id=5012, stack(0x0000007672600000,0x0000007672700000)]
  0x000001e663c98000 JavaThread "File watcher server" daemon [_thread_blocked, id=3236, stack(0x0000007672900000,0x0000007672a00000)]
  0x000001e663c94000 JavaThread "File watcher consumer" daemon [_thread_blocked, id=3172, stack(0x0000007672a00000,0x0000007672b00000)]
  0x000001e663c95000 JavaThread "jar transforms" [_thread_blocked, id=3092, stack(0x0000007672b00000,0x0000007672c00000)]
  0x000001e66438a000 JavaThread "jar transforms Thread 2" [_thread_blocked, id=5104, stack(0x0000007672c00000,0x0000007672d00000)]
  0x000001e66438b000 JavaThread "jar transforms Thread 3" [_thread_blocked, id=5100, stack(0x0000007672d00000,0x0000007672e00000)]
  0x000001e664388800 JavaThread "jar transforms Thread 4" [_thread_blocked, id=3424, stack(0x0000007672e00000,0x0000007672f00000)]
  0x000001e664389800 JavaThread "Cache worker for execution history cache (C:\Users\syeds\.gradle\caches\7.2\executionHistory)" [_thread_blocked, id=7952, stack(0x0000007673200000,0x0000007673300000)]
  0x000001e664390800 JavaThread "Cache worker for file content cache (C:\Users\syeds\.gradle\caches\7.2\fileContent)" [_thread_blocked, id=3240, stack(0x0000007673300000,0x0000007673400000)]
  0x000001e6657a6800 JavaThread "Memory manager" [_thread_blocked, id=5452, stack(0x0000007675e00000,0x0000007675f00000)]
  0x000001e6657a8800 JavaThread "pool-3-thread-1" [_thread_blocked, id=12108, stack(0x0000007675f00000,0x0000007676000000)]
  0x000001e667ffb000 JavaThread "Handler for socket connection from /127.0.0.1:50063 to /127.0.0.1:50096" [_thread_in_native, id=7776, stack(0x0000007670300000,0x0000007670400000)]
  0x000001e667fff000 JavaThread "Cancel handler" [_thread_blocked, id=7784, stack(0x0000007670400000,0x0000007670500000)]
  0x000001e667ffa000 JavaThread "Asynchronous log dispatcher for DefaultDaemonConnection: socket connection from /127.0.0.1:50063 to /127.0.0.1:50096" [_thread_blocked, id=7836, stack(0x0000007670500000,0x0000007670600000)]
  0x000001e668000000 JavaThread "Stdin handler" [_thread_blocked, id=7928, stack(0x0000007672100000,0x0000007672200000)]
  0x000001e667ffb800 JavaThread "Daemon client event forwarder" [_thread_blocked, id=8004, stack(0x0000007672200000,0x0000007672300000)]
  0x000001e668001800 JavaThread "Cache worker for file hash cache (C:\Users\syeds\OneDrive\Desktop\WorkSpace\Demo\practical-latest\.gradle\7.2\fileHashes)" [_thread_blocked, id=8108, stack(0x0000007672300000,0x0000007672400000)]
  0x000001e668000800 JavaThread "Cache worker for checksums cache (C:\Users\syeds\OneDrive\Desktop\WorkSpace\Demo\practical-latest\.gradle\checksums)" [_thread_blocked, id=6828, stack(0x0000007672700000,0x0000007672800000)]
  0x000001e667ffd800 JavaThread "Cache worker for cache directory md-supplier (C:\Users\syeds\.gradle\caches\7.2\md-supplier)" [_thread_blocked, id=7064, stack(0x0000007672800000,0x0000007672900000)]
  0x000001e667ffe000 JavaThread "Cache worker for cache directory md-rule (C:\Users\syeds\.gradle\caches\7.2\md-rule)" [_thread_blocked, id=8160, stack(0x0000007672f00000,0x0000007673000000)]
  0x000001e668002800 JavaThread "Cache worker for dependencies-accessors (C:\Users\syeds\OneDrive\Desktop\WorkSpace\Demo\practical-latest\.gradle\7.2\dependencies-accessors)" [_thread_blocked, id=8064, stack(0x0000007673000000,0x0000007673100000)]
  0x000001e667ffc800 JavaThread "Cache worker for Build Output Cleanup Cache (C:\Users\syeds\OneDrive\Desktop\WorkSpace\Demo\practical-latest\.gradle\buildOutputCleanup)" [_thread_blocked, id=8060, stack(0x0000007673100000,0x0000007673200000)]
  0x000001e668004000 JavaThread "C2 CompilerThread1" daemon [_thread_blocked, id=8100, stack(0x0000007673400000,0x0000007673500000)]
  0x000001e668003000 JavaThread "Unconstrained build operations" [_thread_blocked, id=8116, stack(0x0000007673500000,0x0000007673600000)]
  0x000001e668008000 JavaThread "Unconstrained build operations Thread 2" [_thread_blocked, id=8112, stack(0x0000007673600000,0x0000007673700000)]
  0x000001e668007000 JavaThread "Unconstrained build operations Thread 3" [_thread_blocked, id=5372, stack(0x0000007673700000,0x0000007673800000)]
  0x000001e668005800 JavaThread "Unconstrained build operations Thread 4" [_thread_blocked, id=9292, stack(0x0000007673800000,0x0000007673900000)]
  0x000001e668006800 JavaThread "Unconstrained build operations Thread 5" [_thread_blocked, id=6136, stack(0x0000007673900000,0x0000007673a00000)]
  0x000001e668004800 JavaThread "Unconstrained build operations Thread 6" [_thread_blocked, id=6708, stack(0x0000007673a00000,0x0000007673b00000)]
  0x000001e664385800 JavaThread "Unconstrained build operations Thread 7" [_thread_blocked, id=9796, stack(0x0000007673b00000,0x0000007673c00000)]
  0x000001e664387000 JavaThread "Unconstrained build operations Thread 8" [_thread_blocked, id=7024, stack(0x0000007673c00000,0x0000007673d00000)]
  0x000001e66438c000 JavaThread "Unconstrained build operations Thread 9" [_thread_blocked, id=9716, stack(0x0000007673d00000,0x0000007673e00000)]
  0x000001e66438d800 JavaThread "Unconstrained build operations Thread 10" [_thread_blocked, id=8652, stack(0x0000007673e00000,0x0000007673f00000)]
  0x000001e664387800 JavaThread "Unconstrained build operations Thread 11" [_thread_blocked, id=10164, stack(0x0000007673f00000,0x0000007674000000)]
  0x000001e664394000 JavaThread "Unconstrained build operations Thread 12" [_thread_blocked, id=8332, stack(0x0000007674000000,0x0000007674100000)]
  0x000001e66438e800 JavaThread "Unconstrained build operations Thread 13" [_thread_blocked, id=8780, stack(0x0000007674100000,0x0000007674200000)]
  0x000001e66438f000 JavaThread "Unconstrained build operations Thread 14" [_thread_blocked, id=8528, stack(0x0000007674200000,0x0000007674300000)]
  0x000001e663c96800 JavaThread "Unconstrained build operations Thread 15" [_thread_blocked, id=8572, stack(0x0000007674300000,0x0000007674400000)]
  0x000001e663c91800 JavaThread "Unconstrained build operations Thread 16" [_thread_blocked, id=8668, stack(0x0000007674400000,0x0000007674500000)]
  0x000001e663c97800 JavaThread "Unconstrained build operations Thread 17" [_thread_blocked, id=11424, stack(0x0000007674500000,0x0000007674600000)]
  0x000001e6657a6000 JavaThread "Unconstrained build operations Thread 18" [_thread_blocked, id=8484, stack(0x0000007674600000,0x0000007674700000)]
  0x000001e6657ac800 JavaThread "Unconstrained build operations Thread 19" [_thread_blocked, id=8560, stack(0x0000007674700000,0x0000007674800000)]
  0x000001e6657a9000 JavaThread "Unconstrained build operations Thread 20" [_thread_blocked, id=8304, stack(0x0000007674800000,0x0000007674900000)]
  0x000001e66bb38800 JavaThread "Unconstrained build operations Thread 21" [_thread_blocked, id=8736, stack(0x0000007674900000,0x0000007674a00000)]
  0x000001e66bb3b800 JavaThread "Unconstrained build operations Thread 22" [_thread_blocked, id=8876, stack(0x0000007674a00000,0x0000007674b00000)]
  0x000001e66bb39000 JavaThread "Unconstrained build operations Thread 23" [_thread_blocked, id=8804, stack(0x0000007674b00000,0x0000007674c00000)]
  0x000001e66bb3d000 JavaThread "Unconstrained build operations Thread 24" [_thread_blocked, id=10468, stack(0x0000007674c00000,0x0000007674d00000)]
  0x000001e66bb37800 JavaThread "Unconstrained build operations Thread 25" [_thread_blocked, id=6664, stack(0x0000007674d00000,0x0000007674e00000)]
  0x000001e66bb3c800 JavaThread "Unconstrained build operations Thread 26" [_thread_blocked, id=8800, stack(0x0000007674e00000,0x0000007674f00000)]
  0x000001e66bb3e000 JavaThread "Unconstrained build operations Thread 27" [_thread_blocked, id=6120, stack(0x0000007674f00000,0x0000007675000000)]
  0x000001e66bb3a800 JavaThread "Unconstrained build operations Thread 28" [_thread_blocked, id=8932, stack(0x0000007675000000,0x0000007675100000)]
  0x000001e66bb3f000 JavaThread "Unconstrained build operations Thread 29" [_thread_blocked, id=9084, stack(0x0000007675100000,0x0000007675200000)]
  0x000001e66bb3a000 JavaThread "Unconstrained build operations Thread 30" [_thread_blocked, id=5776, stack(0x0000007675200000,0x0000007675300000)]
  0x000001e66bb43000 JavaThread "Unconstrained build operations Thread 31" [_thread_blocked, id=9284, stack(0x0000007675300000,0x0000007675400000)]
  0x000001e66bb45800 JavaThread "Unconstrained build operations Thread 32" [_thread_blocked, id=8904, stack(0x0000007675400000,0x0000007675500000)]
  0x000001e66bb44800 JavaThread "Unconstrained build operations Thread 33" [_thread_blocked, id=5828, stack(0x0000007675500000,0x0000007675600000)]
  0x000001e66bb3f800 JavaThread "Unconstrained build operations Thread 34" [_thread_blocked, id=8900, stack(0x0000007675600000,0x0000007675700000)]
  0x000001e66bb41800 JavaThread "Unconstrained build operations Thread 35" [_thread_blocked, id=9620, stack(0x0000007675700000,0x0000007675800000)]
  0x000001e66bb42000 JavaThread "Unconstrained build operations Thread 36" [_thread_blocked, id=9068, stack(0x0000007675800000,0x0000007675900000)]
  0x000001e66bb43800 JavaThread "Unconstrained build operations Thread 37" [_thread_blocked, id=9104, stack(0x0000007675900000,0x0000007675a00000)]
  0x000001e66bb46000 JavaThread "Unconstrained build operations Thread 38" [_thread_blocked, id=9060, stack(0x0000007675a00000,0x0000007675b00000)]
  0x000001e66bb40800 JavaThread "Unconstrained build operations Thread 39" [_thread_blocked, id=9116, stack(0x0000007675b00000,0x0000007675c00000)]
  0x000001e668053800 JavaThread "Unconstrained build operations Thread 40" [_thread_blocked, id=9132, stack(0x0000007675c00000,0x0000007675d00000)]
  0x000001e668058000 JavaThread "build event listener" [_thread_blocked, id=8232, stack(0x0000007675d00000,0x0000007675e00000)]
  0x000001e668053000 JavaThread "pool-6-thread-1" [_thread_blocked, id=9360, stack(0x0000007676000000,0x0000007676100000)]
  0x000001e668054800 JavaThread "build event listener" [_thread_blocked, id=9232, stack(0x0000007676100000,0x0000007676200000)]
  0x000001e668055800 JavaThread "Execution worker for ':'" [_thread_blocked, id=9144, stack(0x0000007676200000,0x0000007676300000)]
  0x000001e668056000 JavaThread "Execution worker for ':' Thread 2" [_thread_blocked, id=9348, stack(0x0000007676300000,0x0000007676400000)]
  0x000001e668057000 JavaThread "Execution worker for ':' Thread 3" [_thread_blocked, id=8496, stack(0x0000007676400000,0x0000007676500000)]
  0x000001e668052000 JavaThread "Cache worker for execution history cache (C:\Users\syeds\OneDrive\Desktop\WorkSpace\Demo\practical-latest\.gradle\7.2\executionHistory)" [_thread_blocked, id=10408, stack(0x0000007676500000,0x0000007676600000)]

Other Threads:
  0x000001e66081a800 VMThread "VM Thread" [stack: 0x0000007670c00000,0x0000007670d00000] [id=11040]
  0x000001e66122f800 WatcherThread [stack: 0x0000007671600000,0x0000007671700000] [id=1888]
=>0x000001e646c05000 GCTaskThread "GC Thread#0" [stack: 0x0000007670700000,0x0000007670800000] [id=9904]
  0x000001e661dc8800 GCTaskThread "GC Thread#1" [stack: 0x0000007671800000,0x0000007671900000] [id=2152]
  0x000001e661b54800 GCTaskThread "GC Thread#2" [stack: 0x0000007671900000,0x0000007671a00000] [id=2212]
  0x000001e661b55800 GCTaskThread "GC Thread#3" [stack: 0x0000007671a00000,0x0000007671b00000] [id=9676]
  0x000001e646c37800 ConcurrentGCThread "G1 Main Marker" [stack: 0x0000007670800000,0x0000007670900000] [id=1900]
  0x000001e646c38800 ConcurrentGCThread "G1 Conc#0" [stack: 0x0000007670900000,0x0000007670a00000] [id=956]
  0x000001e660689000 ConcurrentGCThread "G1 Refine#0" [stack: 0x0000007670a00000,0x0000007670b00000] [id=7956]
  0x000001e66068a000 ConcurrentGCThread "G1 Young RemSet Sampling" [stack: 0x0000007670b00000,0x0000007670c00000] [id=6184]

Threads with active compile tasks:
C2 CompilerThread1  77979 15181       4       org.objectweb.asm.MethodWriter::visitLdcInsn (215 bytes)

VM state:at safepoint (normal execution)

VM Mutex/Monitor currently owned by a thread:  ([mutex/lock_event])
[0x000001e646be8520] Threads_lock - owner thread: 0x000001e66081a800
[0x000001e646be8640] Heap_lock - owner thread: 0x000001e664385800

Heap address: 0x0000000080000000, size: 2048 MB, Compressed Oops mode: 32-bit
Narrow klass base: 0x0000000000000000, Narrow klass shift: 3
Compressed class space size: 1073741824 Address: 0x0000000100000000

Heap:
 garbage-first heap   total 262144K, used 217351K [0x0000000080000000, 0x0000000100000000)
  region size 1024K, 78 young (79872K), 7 survivors (7168K)
 Metaspace       used 119620K, capacity 122879K, committed 123120K, reserved 1157120K
  class space    used 15040K, capacity 16205K, committed 16332K, reserved 1048576K
Heap Regions: E=young(eden), S=young(survivor), O=old, HS=humongous(starts), HC=humongous(continues), CS=collection set, F=free, A=archive, TAMS=top-at-mark-start (previous, next)
|   0|0x0000000080000000, 0x0000000080100000, 0x0000000080100000|100%| O|  |TAMS 0x0000000080100000, 0x0000000080100000| Untracked 
|   1|0x0000000080100000, 0x0000000080200000, 0x0000000080200000|100%| O|  |TAMS 0x0000000080200000, 0x0000000080200000| Untracked 
|   2|0x0000000080200000, 0x0000000080300000, 0x0000000080300000|100%| O|  |TAMS 0x0000000080300000, 0x0000000080300000| Untracked 
|   3|0x0000000080300000, 0x0000000080400000, 0x0000000080400000|100%|HS|  |TAMS 0x0000000080400000, 0x0000000080400000| Complete 
|   4|0x0000000080400000, 0x0000000080500000, 0x0000000080500000|100%|HC|  |TAMS 0x0000000080500000, 0x0000000080500000| Complete 
|   5|0x0000000080500000, 0x0000000080600000, 0x0000000080600000|100%|HC|  |TAMS 0x0000000080600000, 0x0000000080600000| Complete 
|   6|0x0000000080600000, 0x0000000080700000, 0x0000000080700000|100%| O|  |TAMS 0x0000000080700000, 0x0000000080700000| Untracked 
|   7|0x0000000080700000, 0x0000000080800000, 0x0000000080800000|100%| O|  |TAMS 0x0000000080800000, 0x0000000080800000| Untracked 
|   8|0x0000000080800000, 0x0000000080900000, 0x0000000080900000|100%| O|  |TAMS 0x0000000080900000, 0x0000000080900000| Untracked 
|   9|0x0000000080900000, 0x0000000080a00000, 0x0000000080a00000|100%| O|  |TAMS 0x0000000080a00000, 0x0000000080a00000| Untracked 
|  10|0x0000000080a00000, 0x0000000080b00000, 0x0000000080b00000|100%| O|  |TAMS 0x0000000080b00000, 0x0000000080b00000| Untracked 
|  11|0x0000000080b00000, 0x0000000080c00000, 0x0000000080c00000|100%| O|  |TAMS 0x0000000080c00000, 0x0000000080c00000| Untracked 
|  12|0x0000000080c00000, 0x0000000080d00000, 0x0000000080d00000|100%| O|  |TAMS 0x0000000080d00000, 0x0000000080d00000| Untracked 
|  13|0x0000000080d00000, 0x0000000080e00000, 0x0000000080e00000|100%| O|  |TAMS 0x0000000080e00000, 0x0000000080e00000| Untracked 
|  14|0x0000000080e00000, 0x0000000080f00000, 0x0000000080f00000|100%| O|  |TAMS 0x0000000080f00000, 0x0000000080f00000| Untracked 
|  15|0x0000000080f00000, 0x0000000081000000, 0x0000000081000000|100%| O|  |TAMS 0x0000000081000000, 0x0000000081000000| Untracked 
|  16|0x0000000081000000, 0x0000000081100000, 0x0000000081100000|100%| O|  |TAMS 0x0000000081100000, 0x0000000081100000| Untracked 
|  17|0x0000000081100000, 0x0000000081200000, 0x0000000081200000|100%|HS|  |TAMS 0x0000000081200000, 0x0000000081200000| Complete 
|  18|0x0000000081200000, 0x0000000081300000, 0x0000000081300000|100%|HC|  |TAMS 0x0000000081300000, 0x0000000081300000| Complete 
|  19|0x0000000081300000, 0x0000000081400000, 0x0000000081400000|100%|HS|  |TAMS 0x0000000081400000, 0x0000000081400000| Complete 
|  20|0x0000000081400000, 0x0000000081500000, 0x0000000081500000|100%|HC|  |TAMS 0x0000000081500000, 0x0000000081500000| Complete 
|  21|0x0000000081500000, 0x0000000081600000, 0x0000000081600000|100%|HC|  |TAMS 0x0000000081600000, 0x0000000081600000| Complete 
|  22|0x0000000081600000, 0x0000000081700000, 0x0000000081700000|100%|HS|  |TAMS 0x0000000081700000, 0x0000000081700000| Complete 
|  23|0x0000000081700000, 0x0000000081800000, 0x0000000081800000|100%|HC|  |TAMS 0x0000000081800000, 0x0000000081800000| Complete 
|  24|0x0000000081800000, 0x0000000081900000, 0x0000000081900000|100%|HC|  |TAMS 0x0000000081900000, 0x0000000081900000| Complete 
|  25|0x0000000081900000, 0x0000000081a00000, 0x0000000081a00000|100%|HC|  |TAMS 0x0000000081a00000, 0x0000000081a00000| Complete 
|  26|0x0000000081a00000, 0x0000000081b00000, 0x0000000081b00000|100%|HS|  |TAMS 0x0000000081b00000, 0x0000000081b00000| Complete 
|  27|0x0000000081b00000, 0x0000000081c00000, 0x0000000081c00000|100%|HC|  |TAMS 0x0000000081c00000, 0x0000000081c00000| Complete 
|  28|0x0000000081c00000, 0x0000000081d00000, 0x0000000081d00000|100%|HC|  |TAMS 0x0000000081d00000, 0x0000000081d00000| Complete 
|  29|0x0000000081d00000, 0x0000000081e00000, 0x0000000081e00000|100%| O|  |TAMS 0x0000000081e00000, 0x0000000081e00000| Untracked 
|  30|0x0000000081e00000, 0x0000000081f00000, 0x0000000081f00000|100%| O|  |TAMS 0x0000000081f00000, 0x0000000081f00000| Untracked 
|  31|0x0000000081f00000, 0x0000000082000000, 0x0000000082000000|100%| O|  |TAMS 0x0000000082000000, 0x0000000082000000| Untracked 
|  32|0x0000000082000000, 0x0000000082100000, 0x0000000082100000|100%| O|  |TAMS 0x0000000082100000, 0x0000000082100000| Untracked 
|  33|0x0000000082100000, 0x0000000082200000, 0x0000000082200000|100%| O|  |TAMS 0x0000000082200000, 0x0000000082200000| Untracked 
|  34|0x0000000082200000, 0x0000000082300000, 0x0000000082300000|100%| O|  |TAMS 0x0000000082300000, 0x0000000082300000| Untracked 
|  35|0x0000000082300000, 0x0000000082400000, 0x0000000082400000|100%| O|  |TAMS 0x0000000082400000, 0x0000000082400000| Untracked 
|  36|0x0000000082400000, 0x0000000082500000, 0x0000000082500000|100%|HS|  |TAMS 0x0000000082500000, 0x0000000082500000| Complete 
|  37|0x0000000082500000, 0x0000000082600000, 0x0000000082600000|100%|HS|  |TAMS 0x0000000082600000, 0x0000000082600000| Complete 
|  38|0x0000000082600000, 0x0000000082700000, 0x0000000082700000|100%|HC|  |TAMS 0x0000000082700000, 0x0000000082700000| Complete 
|  39|0x0000000082700000, 0x0000000082800000, 0x0000000082800000|100%|HC|  |TAMS 0x0000000082800000, 0x0000000082800000| Complete 
|  40|0x0000000082800000, 0x0000000082900000, 0x0000000082900000|100%|HC|  |TAMS 0x0000000082900000, 0x0000000082900000| Complete 
|  41|0x0000000082900000, 0x0000000082a00000, 0x0000000082a00000|100%| O|  |TAMS 0x0000000082a00000, 0x0000000082a00000| Untracked 
|  42|0x0000000082a00000, 0x0000000082b00000, 0x0000000082b00000|100%| O|  |TAMS 0x0000000082b00000, 0x0000000082b00000| Untracked 
|  43|0x0000000082b00000, 0x0000000082c00000, 0x0000000082c00000|100%| O|  |TAMS 0x0000000082c00000, 0x0000000082c00000| Untracked 
|  44|0x0000000082c00000, 0x0000000082d00000, 0x0000000082d00000|100%| O|  |TAMS 0x0000000082d00000, 0x0000000082d00000| Untracked 
|  45|0x0000000082d00000, 0x0000000082e00000, 0x0000000082e00000|100%| O|  |TAMS 0x0000000082e00000, 0x0000000082e00000| Untracked 
|  46|0x0000000082e00000, 0x0000000082f00000, 0x0000000082f00000|100%| O|  |TAMS 0x0000000082f00000, 0x0000000082f00000| Untracked 
|  47|0x0000000082f00000, 0x0000000083000000, 0x0000000083000000|100%|HS|  |TAMS 0x0000000083000000, 0x0000000083000000| Complete 
|  48|0x0000000083000000, 0x0000000083100000, 0x0000000083100000|100%|HS|  |TAMS 0x0000000083100000, 0x0000000083100000| Complete 
|  49|0x0000000083100000, 0x0000000083200000, 0x0000000083200000|100%|HS|  |TAMS 0x0000000083200000, 0x0000000083200000| Complete 
|  50|0x0000000083200000, 0x0000000083300000, 0x0000000083300000|100%|HC|  |TAMS 0x0000000083300000, 0x0000000083300000| Complete 
|  51|0x0000000083300000, 0x0000000083400000, 0x0000000083400000|100%|HC|  |TAMS 0x0000000083400000, 0x0000000083400000| Complete 
|  52|0x0000000083400000, 0x0000000083500000, 0x0000000083500000|100%|HS|  |TAMS 0x0000000083500000, 0x0000000083500000| Complete 
|  53|0x0000000083500000, 0x0000000083600000, 0x0000000083600000|100%|HC|  |TAMS 0x0000000083600000, 0x0000000083600000| Complete 
|  54|0x0000000083600000, 0x0000000083700000, 0x0000000083700000|100%| O|  |TAMS 0x0000000083700000, 0x0000000083700000| Untracked 
|  55|0x0000000083700000, 0x0000000083800000, 0x0000000083800000|100%| O|  |TAMS 0x0000000083800000, 0x0000000083800000| Untracked 
|  56|0x0000000083800000, 0x0000000083900000, 0x0000000083900000|100%| O|  |TAMS 0x0000000083900000, 0x0000000083900000| Untracked 
|  57|0x0000000083900000, 0x0000000083a00000, 0x0000000083a00000|100%| O|  |TAMS 0x0000000083a00000, 0x0000000083a00000| Untracked 
|  58|0x0000000083a00000, 0x0000000083b00000, 0x0000000083b00000|100%| O|  |TAMS 0x0000000083b00000, 0x0000000083b00000| Untracked 
|  59|0x0000000083b00000, 0x0000000083c00000, 0x0000000083c00000|100%| O|  |TAMS 0x0000000083c00000, 0x0000000083c00000| Untracked 
|  60|0x0000000083c00000, 0x0000000083d00000, 0x0000000083d00000|100%| O|  |TAMS 0x0000000083d00000, 0x0000000083d00000| Untracked 
|  61|0x0000000083d00000, 0x0000000083e00000, 0x0000000083e00000|100%| O|  |TAMS 0x0000000083e00000, 0x0000000083e00000| Untracked 
|  62|0x0000000083e00000, 0x0000000083f00000, 0x0000000083f00000|100%| O|  |TAMS 0x0000000083f00000, 0x0000000083f00000| Untracked 
|  63|0x0000000083f00000, 0x0000000084000000, 0x0000000084000000|100%| O|  |TAMS 0x0000000084000000, 0x0000000084000000| Untracked 
|  64|0x0000000084000000, 0x0000000084100000, 0x0000000084100000|100%| O|  |TAMS 0x0000000084100000, 0x0000000084100000| Untracked 
|  65|0x0000000084100000, 0x0000000084200000, 0x0000000084200000|100%| O|  |TAMS 0x0000000084200000, 0x0000000084200000| Untracked 
|  66|0x0000000084200000, 0x0000000084300000, 0x0000000084300000|100%| O|  |TAMS 0x0000000084300000, 0x0000000084300000| Untracked 
|  67|0x0000000084300000, 0x0000000084400000, 0x0000000084400000|100%| O|  |TAMS 0x0000000084400000, 0x0000000084400000| Untracked 
|  68|0x0000000084400000, 0x0000000084500000, 0x0000000084500000|100%| O|  |TAMS 0x0000000084500000, 0x0000000084500000| Untracked 
|  69|0x0000000084500000, 0x0000000084600000, 0x0000000084600000|100%| O|  |TAMS 0x0000000084600000, 0x0000000084600000| Untracked 
|  70|0x0000000084600000, 0x0000000084700000, 0x0000000084700000|100%| O|  |TAMS 0x0000000084700000, 0x0000000084700000| Untracked 
|  71|0x0000000084700000, 0x0000000084800000, 0x0000000084800000|100%| O|  |TAMS 0x0000000084800000, 0x0000000084800000| Untracked 
|  72|0x0000000084800000, 0x0000000084900000, 0x0000000084900000|100%| O|  |TAMS 0x0000000084900000, 0x0000000084900000| Untracked 
|  73|0x0000000084900000, 0x0000000084a00000, 0x0000000084a00000|100%| O|  |TAMS 0x0000000084a00000, 0x0000000084a00000| Untracked 
|  74|0x0000000084a00000, 0x0000000084b00000, 0x0000000084b00000|100%| O|  |TAMS 0x0000000084b00000, 0x0000000084b00000| Untracked 
|  75|0x0000000084b00000, 0x0000000084c00000, 0x0000000084c00000|100%| O|  |TAMS 0x0000000084c00000, 0x0000000084c00000| Untracked 
|  76|0x0000000084c00000, 0x0000000084d00000, 0x0000000084d00000|100%| O|  |TAMS 0x0000000084d00000, 0x0000000084d00000| Untracked 
|  77|0x0000000084d00000, 0x0000000084e00000, 0x0000000084e00000|100%| O|  |TAMS 0x0000000084e00000, 0x0000000084e00000| Untracked 
|  78|0x0000000084e00000, 0x0000000084f00000, 0x0000000084f00000|100%| O|  |TAMS 0x0000000084f00000, 0x0000000084f00000| Untracked 
|  79|0x0000000084f00000, 0x0000000085000000, 0x0000000085000000|100%| O|  |TAMS 0x0000000085000000, 0x0000000085000000| Untracked 
|  80|0x0000000085000000, 0x0000000085100000, 0x0000000085100000|100%| O|  |TAMS 0x0000000085100000, 0x0000000085100000| Untracked 
|  81|0x0000000085100000, 0x0000000085200000, 0x0000000085200000|100%| O|  |TAMS 0x0000000085200000, 0x0000000085200000| Untracked 
|  82|0x0000000085200000, 0x0000000085300000, 0x0000000085300000|100%| O|  |TAMS 0x0000000085300000, 0x0000000085300000| Untracked 
|  83|0x0000000085300000, 0x0000000085400000, 0x0000000085400000|100%|HS|  |TAMS 0x0000000085400000, 0x0000000085400000| Complete 
|  84|0x0000000085400000, 0x0000000085500000, 0x0000000085500000|100%|HC|  |TAMS 0x0000000085500000, 0x0000000085500000| Complete 
|  85|0x0000000085500000, 0x0000000085600000, 0x0000000085600000|100%|HS|  |TAMS 0x0000000085600000, 0x0000000085600000| Complete 
|  86|0x0000000085600000, 0x0000000085700000, 0x0000000085700000|100%|HC|  |TAMS 0x0000000085700000, 0x0000000085700000| Complete 
|  87|0x0000000085700000, 0x0000000085800000, 0x0000000085800000|100%|HC|  |TAMS 0x0000000085800000, 0x0000000085800000| Complete 
|  88|0x0000000085800000, 0x0000000085900000, 0x0000000085900000|100%|HS|  |TAMS 0x0000000085900000, 0x0000000085900000| Complete 
|  89|0x0000000085900000, 0x0000000085a00000, 0x0000000085a00000|100%|HC|  |TAMS 0x0000000085a00000, 0x0000000085a00000| Complete 
|  90|0x0000000085a00000, 0x0000000085b00000, 0x0000000085b00000|100%|HC|  |TAMS 0x0000000085b00000, 0x0000000085b00000| Complete 
|  91|0x0000000085b00000, 0x0000000085c00000, 0x0000000085c00000|100%|HC|  |TAMS 0x0000000085c00000, 0x0000000085c00000| Complete 
|  92|0x0000000085c00000, 0x0000000085d00000, 0x0000000085d00000|100%| O|  |TAMS 0x0000000085d00000, 0x0000000085d00000| Untracked 
|  93|0x0000000085d00000, 0x0000000085e00000, 0x0000000085e00000|100%| O|  |TAMS 0x0000000085e00000, 0x0000000085e00000| Untracked 
|  94|0x0000000085e00000, 0x0000000085f00000, 0x0000000085f00000|100%| O|  |TAMS 0x0000000085f00000, 0x0000000085f00000| Untracked 
|  95|0x0000000085f00000, 0x0000000086000000, 0x0000000086000000|100%| O|  |TAMS 0x0000000086000000, 0x0000000086000000| Untracked 
|  96|0x0000000086000000, 0x0000000086100000, 0x0000000086100000|100%| O|  |TAMS 0x0000000086100000, 0x0000000086100000| Untracked 
|  97|0x0000000086100000, 0x0000000086200000, 0x0000000086200000|100%| O|  |TAMS 0x0000000086200000, 0x0000000086200000| Untracked 
|  98|0x0000000086200000, 0x0000000086300000, 0x0000000086300000|100%| O|  |TAMS 0x0000000086300000, 0x0000000086300000| Untracked 
|  99|0x0000000086300000, 0x0000000086400000, 0x0000000086400000|100%| O|  |TAMS 0x0000000086400000, 0x0000000086400000| Untracked 
| 100|0x0000000086400000, 0x0000000086500000, 0x0000000086500000|100%| O|  |TAMS 0x0000000086500000, 0x0000000086500000| Untracked 
| 101|0x0000000086500000, 0x0000000086600000, 0x0000000086600000|100%| O|  |TAMS 0x0000000086600000, 0x0000000086600000| Untracked 
| 102|0x0000000086600000, 0x0000000086700000, 0x0000000086700000|100%| O|  |TAMS 0x0000000086700000, 0x0000000086700000| Untracked 
| 103|0x0000000086700000, 0x0000000086800000, 0x0000000086800000|100%| O|  |TAMS 0x0000000086800000, 0x0000000086800000| Untracked 
| 104|0x0000000086800000, 0x0000000086900000, 0x0000000086900000|100%| O|  |TAMS 0x0000000086900000, 0x0000000086900000| Untracked 
| 105|0x0000000086900000, 0x0000000086a00000, 0x0000000086a00000|100%| O|  |TAMS 0x0000000086a00000, 0x0000000086a00000| Untracked 
| 106|0x0000000086a00000, 0x0000000086b00000, 0x0000000086b00000|100%| O|  |TAMS 0x0000000086b00000, 0x0000000086b00000| Untracked 
| 107|0x0000000086b00000, 0x0000000086c00000, 0x0000000086c00000|100%| O|  |TAMS 0x0000000086c00000, 0x0000000086c00000| Untracked 
| 108|0x0000000086c00000, 0x0000000086d00000, 0x0000000086d00000|100%| O|  |TAMS 0x0000000086d00000, 0x0000000086d00000| Untracked 
| 109|0x0000000086d00000, 0x0000000086e00000, 0x0000000086e00000|100%| O|  |TAMS 0x0000000086e00000, 0x0000000086e00000| Untracked 
| 110|0x0000000086e00000, 0x0000000086f00000, 0x0000000086f00000|100%| O|  |TAMS 0x0000000086f00000, 0x0000000086f00000| Untracked 
| 111|0x0000000086f00000, 0x0000000087000000, 0x0000000087000000|100%| O|  |TAMS 0x0000000087000000, 0x0000000087000000| Untracked 
| 112|0x0000000087000000, 0x0000000087100000, 0x0000000087100000|100%| O|  |TAMS 0x0000000087100000, 0x0000000087100000| Untracked 
| 113|0x0000000087100000, 0x0000000087200000, 0x0000000087200000|100%| O|  |TAMS 0x0000000087200000, 0x0000000087200000| Untracked 
| 114|0x0000000087200000, 0x0000000087300000, 0x0000000087300000|100%| O|  |TAMS 0x0000000087300000, 0x0000000087300000| Untracked 
| 115|0x0000000087300000, 0x0000000087400000, 0x0000000087400000|100%| O|  |TAMS 0x0000000087400000, 0x0000000087400000| Untracked 
| 116|0x0000000087400000, 0x0000000087500000, 0x0000000087500000|100%| O|  |TAMS 0x0000000087500000, 0x0000000087500000| Untracked 
| 117|0x0000000087500000, 0x0000000087600000, 0x0000000087600000|100%| O|  |TAMS 0x0000000087600000, 0x0000000087600000| Untracked 
| 118|0x0000000087600000, 0x0000000087700000, 0x0000000087700000|100%| O|  |TAMS 0x0000000087700000, 0x0000000087700000| Untracked 
| 119|0x0000000087700000, 0x0000000087800000, 0x0000000087800000|100%| O|  |TAMS 0x0000000087800000, 0x0000000087800000| Untracked 
| 120|0x0000000087800000, 0x0000000087900000, 0x0000000087900000|100%| O|  |TAMS 0x0000000087900000, 0x0000000087900000| Untracked 
| 121|0x0000000087900000, 0x0000000087a00000, 0x0000000087a00000|100%| O|  |TAMS 0x0000000087a00000, 0x0000000087a00000| Untracked 
| 122|0x0000000087a00000, 0x0000000087b00000, 0x0000000087b00000|100%| O|  |TAMS 0x0000000087b00000, 0x0000000087b00000| Untracked 
| 123|0x0000000087b00000, 0x0000000087c00000, 0x0000000087c00000|100%| O|  |TAMS 0x0000000087c00000, 0x0000000087c00000| Untracked 
| 124|0x0000000087c00000, 0x0000000087d00000, 0x0000000087d00000|100%| O|  |TAMS 0x0000000087c32c00, 0x0000000087d00000| Untracked 
| 125|0x0000000087d00000, 0x0000000087e00000, 0x0000000087e00000|100%| O|  |TAMS 0x0000000087d00000, 0x0000000087e00000| Untracked 
| 126|0x0000000087e00000, 0x0000000087f00000, 0x0000000087f00000|100%| O|  |TAMS 0x0000000087e00000, 0x0000000087f00000| Untracked 
| 127|0x0000000087f00000, 0x0000000088000000, 0x0000000088000000|100%| O|  |TAMS 0x0000000087f00000, 0x0000000088000000| Untracked 
| 128|0x0000000088000000, 0x0000000088100000, 0x0000000088100000|100%| O|  |TAMS 0x0000000088000000, 0x0000000088100000| Untracked 
| 129|0x0000000088100000, 0x0000000088200000, 0x0000000088200000|100%| O|  |TAMS 0x0000000088100000, 0x0000000088200000| Untracked 
| 130|0x0000000088200000, 0x0000000088300000, 0x0000000088300000|100%| O|  |TAMS 0x0000000088200000, 0x0000000088300000| Untracked 
| 131|0x0000000088300000, 0x0000000088400000, 0x0000000088400000|100%| O|  |TAMS 0x0000000088300000, 0x0000000088400000| Untracked 
| 132|0x0000000088400000, 0x0000000088500000, 0x0000000088500000|100%| O|  |TAMS 0x0000000088400000, 0x0000000088500000| Untracked 
| 133|0x0000000088500000, 0x0000000088600000, 0x0000000088600000|100%| O|  |TAMS 0x0000000088500000, 0x0000000088600000| Untracked 
| 134|0x0000000088600000, 0x0000000088700000, 0x0000000088700000|100%| O|  |TAMS 0x0000000088600000, 0x0000000088700000| Untracked 
| 135|0x0000000088700000, 0x0000000088800000, 0x0000000088800000|100%| O|  |TAMS 0x0000000088700000, 0x0000000088800000| Untracked 
| 136|0x0000000088800000, 0x0000000088900000, 0x0000000088900000|100%| O|  |TAMS 0x0000000088800000, 0x0000000088900000| Untracked 
| 137|0x0000000088900000, 0x0000000088a00000, 0x0000000088a00000|100%| O|  |TAMS 0x0000000088900000, 0x0000000088a00000| Untracked 
| 138|0x0000000088a00000, 0x0000000088b00000, 0x0000000088b00000|100%| O|  |TAMS 0x0000000088a00000, 0x0000000088b00000| Untracked 
| 139|0x0000000088b00000, 0x0000000088c00000, 0x0000000088c00000|100%| O|  |TAMS 0x0000000088b00000, 0x0000000088c00000| Untracked 
| 140|0x0000000088c00000, 0x0000000088d00000, 0x0000000088d00000|100%| O|  |TAMS 0x0000000088c00000, 0x0000000088d00000| Untracked 
| 141|0x0000000088d00000, 0x0000000088d75ce0, 0x0000000088e00000| 46%| O|  |TAMS 0x0000000088d00000, 0x0000000088e00000| Untracked 
| 142|0x0000000088e00000, 0x0000000088e00000, 0x0000000088f00000|  0%| F|  |TAMS 0x0000000088e00000, 0x0000000088e00000| Untracked 
| 143|0x0000000088f00000, 0x0000000088f00000, 0x0000000089000000|  0%| F|  |TAMS 0x0000000088f00000, 0x0000000088f00000| Untracked 
| 144|0x0000000089000000, 0x0000000089000000, 0x0000000089100000|  0%| F|  |TAMS 0x0000000089000000, 0x0000000089000000| Untracked 
| 145|0x0000000089100000, 0x0000000089100000, 0x0000000089200000|  0%| F|  |TAMS 0x0000000089100000, 0x0000000089100000| Untracked 
| 146|0x0000000089200000, 0x0000000089200000, 0x0000000089300000|  0%| F|  |TAMS 0x0000000089200000, 0x0000000089200000| Untracked 
| 147|0x0000000089300000, 0x0000000089300000, 0x0000000089400000|  0%| F|  |TAMS 0x0000000089300000, 0x0000000089300000| Untracked 
| 148|0x0000000089400000, 0x0000000089400000, 0x0000000089500000|  0%| F|  |TAMS 0x0000000089400000, 0x0000000089400000| Untracked 
| 149|0x0000000089500000, 0x0000000089500000, 0x0000000089600000|  0%| F|  |TAMS 0x0000000089500000, 0x0000000089500000| Untracked 
| 150|0x0000000089600000, 0x0000000089600000, 0x0000000089700000|  0%| F|  |TAMS 0x0000000089600000, 0x0000000089600000| Untracked 
| 151|0x0000000089700000, 0x0000000089700000, 0x0000000089800000|  0%| F|  |TAMS 0x0000000089700000, 0x0000000089700000| Untracked 
| 152|0x0000000089800000, 0x0000000089800000, 0x0000000089900000|  0%| F|  |TAMS 0x0000000089800000, 0x0000000089800000| Untracked 
| 153|0x0000000089900000, 0x0000000089900000, 0x0000000089a00000|  0%| F|  |TAMS 0x0000000089900000, 0x0000000089900000| Untracked 
| 154|0x0000000089a00000, 0x0000000089a00000, 0x0000000089b00000|  0%| F|  |TAMS 0x0000000089a00000, 0x0000000089a00000| Untracked 
| 155|0x0000000089b00000, 0x0000000089c00000, 0x0000000089c00000|100%| E|CS|TAMS 0x0000000089b00000, 0x0000000089c00000| Complete 
| 156|0x0000000089c00000, 0x0000000089c00000, 0x0000000089d00000|  0%| F|  |TAMS 0x0000000089c00000, 0x0000000089c00000| Untracked 
| 157|0x0000000089d00000, 0x0000000089d00000, 0x0000000089e00000|  0%| F|  |TAMS 0x0000000089d00000, 0x0000000089d00000| Untracked 
| 158|0x0000000089e00000, 0x0000000089e00000, 0x0000000089f00000|  0%| F|  |TAMS 0x0000000089e00000, 0x0000000089e00000| Untracked 
| 159|0x0000000089f00000, 0x0000000089f00000, 0x000000008a000000|  0%| F|  |TAMS 0x0000000089f00000, 0x0000000089f00000| Untracked 
| 160|0x000000008a000000, 0x000000008a000000, 0x000000008a100000|  0%| F|  |TAMS 0x000000008a000000, 0x000000008a000000| Untracked 
| 161|0x000000008a100000, 0x000000008a100000, 0x000000008a200000|  0%| F|  |TAMS 0x000000008a100000, 0x000000008a100000| Untracked 
| 162|0x000000008a200000, 0x000000008a300000, 0x000000008a300000|100%| E|CS|TAMS 0x000000008a200000, 0x000000008a300000| Complete 
| 163|0x000000008a300000, 0x000000008a400000, 0x000000008a400000|100%| E|CS|TAMS 0x000000008a300000, 0x000000008a400000| Complete 
| 164|0x000000008a400000, 0x000000008a500000, 0x000000008a500000|100%| E|CS|TAMS 0x000000008a400000, 0x000000008a500000| Complete 
| 165|0x000000008a500000, 0x000000008a600000, 0x000000008a600000|100%| E|CS|TAMS 0x000000008a500000, 0x000000008a600000| Complete 
| 166|0x000000008a600000, 0x000000008a700000, 0x000000008a700000|100%| E|CS|TAMS 0x000000008a600000, 0x000000008a700000| Complete 
| 167|0x000000008a700000, 0x000000008a800000, 0x000000008a800000|100%| E|CS|TAMS 0x000000008a700000, 0x000000008a800000| Complete 
| 168|0x000000008a800000, 0x000000008a800000, 0x000000008a900000|  0%| F|  |TAMS 0x000000008a800000, 0x000000008a800000| Untracked 
| 169|0x000000008a900000, 0x000000008a900000, 0x000000008aa00000|  0%| F|  |TAMS 0x000000008a900000, 0x000000008a900000| Untracked 
| 170|0x000000008aa00000, 0x000000008ab00000, 0x000000008ab00000|100%| E|CS|TAMS 0x000000008aa00000, 0x000000008ab00000| Complete 
| 171|0x000000008ab00000, 0x000000008ac00000, 0x000000008ac00000|100%| E|CS|TAMS 0x000000008ab00000, 0x000000008ac00000| Complete 
| 172|0x000000008ac00000, 0x000000008ac00000, 0x000000008ad00000|  0%| F|  |TAMS 0x000000008ac00000, 0x000000008ac00000| Untracked 
| 173|0x000000008ad00000, 0x000000008ad00000, 0x000000008ae00000|  0%| F|  |TAMS 0x000000008ad00000, 0x000000008ad00000| Untracked 
| 174|0x000000008ae00000, 0x000000008af00000, 0x000000008af00000|100%| E|CS|TAMS 0x000000008ae00000, 0x000000008af00000| Complete 
| 175|0x000000008af00000, 0x000000008b000000, 0x000000008b000000|100%| E|CS|TAMS 0x000000008af00000, 0x000000008b000000| Complete 
| 176|0x000000008b000000, 0x000000008b100000, 0x000000008b100000|100%| E|CS|TAMS 0x000000008b000000, 0x000000008b100000| Complete 
| 177|0x000000008b100000, 0x000000008b100000, 0x000000008b200000|  0%| F|  |TAMS 0x000000008b100000, 0x000000008b100000| Untracked 
| 178|0x000000008b200000, 0x000000008b280000, 0x000000008b300000| 50%| S|  |TAMS 0x000000008b200000, 0x000000008b200000| Complete 
| 179|0x000000008b300000, 0x000000008b400000, 0x000000008b400000|100%| S|  |TAMS 0x000000008b300000, 0x000000008b300000| Complete 
| 180|0x000000008b400000, 0x000000008b500000, 0x000000008b500000|100%| S|  |TAMS 0x000000008b400000, 0x000000008b400000| Complete 
| 181|0x000000008b500000, 0x000000008b600000, 0x000000008b600000|100%| S|  |TAMS 0x000000008b500000, 0x000000008b500000| Complete 
| 182|0x000000008b600000, 0x000000008b700000, 0x000000008b700000|100%| S|  |TAMS 0x000000008b600000, 0x000000008b600000| Complete 
| 183|0x000000008b700000, 0x000000008b800000, 0x000000008b800000|100%| S|  |TAMS 0x000000008b700000, 0x000000008b700000| Complete 
| 184|0x000000008b800000, 0x000000008b900000, 0x000000008b900000|100%| S|  |TAMS 0x000000008b800000, 0x000000008b800000| Complete 
| 185|0x000000008b900000, 0x000000008ba00000, 0x000000008ba00000|100%| E|CS|TAMS 0x000000008b900000, 0x000000008ba00000| Complete 
| 186|0x000000008ba00000, 0x000000008bb00000, 0x000000008bb00000|100%| E|CS|TAMS 0x000000008ba00000, 0x000000008bb00000| Complete 
| 187|0x000000008bb00000, 0x000000008bc00000, 0x000000008bc00000|100%| E|CS|TAMS 0x000000008bb00000, 0x000000008bc00000| Complete 
| 188|0x000000008bc00000, 0x000000008bd00000, 0x000000008bd00000|100%| E|CS|TAMS 0x000000008bc00000, 0x000000008bd00000| Complete 
| 189|0x000000008bd00000, 0x000000008be00000, 0x000000008be00000|100%| E|CS|TAMS 0x000000008bd00000, 0x000000008be00000| Complete 
| 190|0x000000008be00000, 0x000000008bf00000, 0x000000008bf00000|100%| E|CS|TAMS 0x000000008be00000, 0x000000008bf00000| Complete 
| 191|0x000000008bf00000, 0x000000008c000000, 0x000000008c000000|100%| E|CS|TAMS 0x000000008bf00000, 0x000000008c000000| Complete 
| 192|0x000000008c000000, 0x000000008c100000, 0x000000008c100000|100%| E|CS|TAMS 0x000000008c000000, 0x000000008c100000| Complete 
| 193|0x000000008c100000, 0x000000008c200000, 0x000000008c200000|100%| E|CS|TAMS 0x000000008c100000, 0x000000008c200000| Complete 
| 194|0x000000008c200000, 0x000000008c300000, 0x000000008c300000|100%| E|CS|TAMS 0x000000008c200000, 0x000000008c300000| Complete 
| 195|0x000000008c300000, 0x000000008c400000, 0x000000008c400000|100%| E|CS|TAMS 0x000000008c300000, 0x000000008c400000| Complete 
| 196|0x000000008c400000, 0x000000008c500000, 0x000000008c500000|100%| E|CS|TAMS 0x000000008c400000, 0x000000008c500000| Complete 
| 197|0x000000008c500000, 0x000000008c600000, 0x000000008c600000|100%| E|CS|TAMS 0x000000008c500000, 0x000000008c600000| Complete 
| 198|0x000000008c600000, 0x000000008c700000, 0x000000008c700000|100%| E|CS|TAMS 0x000000008c600000, 0x000000008c700000| Complete 
| 199|0x000000008c700000, 0x000000008c800000, 0x000000008c800000|100%| E|CS|TAMS 0x000000008c700000, 0x000000008c800000| Complete 
| 200|0x000000008c800000, 0x000000008c900000, 0x000000008c900000|100%| E|CS|TAMS 0x000000008c800000, 0x000000008c900000| Complete 
| 201|0x000000008c900000, 0x000000008ca00000, 0x000000008ca00000|100%| E|CS|TAMS 0x000000008c900000, 0x000000008ca00000| Complete 
| 202|0x000000008ca00000, 0x000000008cb00000, 0x000000008cb00000|100%| E|CS|TAMS 0x000000008ca00000, 0x000000008cb00000| Complete 
| 203|0x000000008cb00000, 0x000000008cc00000, 0x000000008cc00000|100%| E|CS|TAMS 0x000000008cb00000, 0x000000008cc00000| Complete 
| 204|0x000000008cc00000, 0x000000008cd00000, 0x000000008cd00000|100%| E|CS|TAMS 0x000000008cc00000, 0x000000008cd00000| Complete 
| 205|0x000000008cd00000, 0x000000008ce00000, 0x000000008ce00000|100%| E|CS|TAMS 0x000000008cd00000, 0x000000008ce00000| Complete 
| 206|0x000000008ce00000, 0x000000008cf00000, 0x000000008cf00000|100%| E|CS|TAMS 0x000000008ce00000, 0x000000008cf00000| Complete 
| 207|0x000000008cf00000, 0x000000008d000000, 0x000000008d000000|100%| E|CS|TAMS 0x000000008cf00000, 0x000000008d000000| Complete 
| 208|0x000000008d000000, 0x000000008d100000, 0x000000008d100000|100%| E|CS|TAMS 0x000000008d000000, 0x000000008d100000| Complete 
| 209|0x000000008d100000, 0x000000008d200000, 0x000000008d200000|100%| E|CS|TAMS 0x000000008d100000, 0x000000008d200000| Complete 
| 210|0x000000008d200000, 0x000000008d300000, 0x000000008d300000|100%| E|CS|TAMS 0x000000008d200000, 0x000000008d300000| Complete 
| 211|0x000000008d300000, 0x000000008d400000, 0x000000008d400000|100%| E|CS|TAMS 0x000000008d300000, 0x000000008d400000| Complete 
| 212|0x000000008d400000, 0x000000008d500000, 0x000000008d500000|100%| E|CS|TAMS 0x000000008d400000, 0x000000008d500000| Complete 
| 213|0x000000008d500000, 0x000000008d600000, 0x000000008d600000|100%| E|CS|TAMS 0x000000008d500000, 0x000000008d600000| Complete 
| 214|0x000000008d600000, 0x000000008d700000, 0x000000008d700000|100%| E|CS|TAMS 0x000000008d600000, 0x000000008d700000| Complete 
| 215|0x000000008d700000, 0x000000008d800000, 0x000000008d800000|100%| E|CS|TAMS 0x000000008d700000, 0x000000008d800000| Complete 
| 216|0x000000008d800000, 0x000000008d900000, 0x000000008d900000|100%| E|CS|TAMS 0x000000008d800000, 0x000000008d900000| Complete 
| 217|0x000000008d900000, 0x000000008da00000, 0x000000008da00000|100%| E|CS|TAMS 0x000000008d900000, 0x000000008da00000| Complete 
| 218|0x000000008da00000, 0x000000008db00000, 0x000000008db00000|100%| E|CS|TAMS 0x000000008da00000, 0x000000008db00000| Complete 
| 219|0x000000008db00000, 0x000000008dc00000, 0x000000008dc00000|100%| E|CS|TAMS 0x000000008db00000, 0x000000008dc00000| Complete 
| 220|0x000000008dc00000, 0x000000008dd00000, 0x000000008dd00000|100%| E|CS|TAMS 0x000000008dc00000, 0x000000008dd00000| Complete 
| 221|0x000000008dd00000, 0x000000008de00000, 0x000000008de00000|100%| E|CS|TAMS 0x000000008dd00000, 0x000000008de00000| Complete 
| 222|0x000000008de00000, 0x000000008df00000, 0x000000008df00000|100%| E|CS|TAMS 0x000000008de00000, 0x000000008df00000| Complete 
| 223|0x000000008df00000, 0x000000008e000000, 0x000000008e000000|100%| E|CS|TAMS 0x000000008df00000, 0x000000008e000000| Complete 
| 224|0x000000008e000000, 0x000000008e100000, 0x000000008e100000|100%| E|CS|TAMS 0x000000008e000000, 0x000000008e100000| Complete 
| 225|0x000000008e100000, 0x000000008e200000, 0x000000008e200000|100%| E|CS|TAMS 0x000000008e100000, 0x000000008e200000| Complete 
| 226|0x000000008e200000, 0x000000008e300000, 0x000000008e300000|100%| E|CS|TAMS 0x000000008e200000, 0x000000008e300000| Complete 
| 227|0x000000008e300000, 0x000000008e400000, 0x000000008e400000|100%| E|CS|TAMS 0x000000008e300000, 0x000000008e400000| Complete 
| 228|0x000000008e400000, 0x000000008e500000, 0x000000008e500000|100%| E|CS|TAMS 0x000000008e400000, 0x000000008e500000| Complete 
| 229|0x000000008e500000, 0x000000008e600000, 0x000000008e600000|100%| E|CS|TAMS 0x000000008e500000, 0x000000008e600000| Complete 
| 230|0x000000008e600000, 0x000000008e700000, 0x000000008e700000|100%| E|CS|TAMS 0x000000008e600000, 0x000000008e700000| Complete 
| 231|0x000000008e700000, 0x000000008e800000, 0x000000008e800000|100%| E|CS|TAMS 0x000000008e700000, 0x000000008e800000| Complete 
| 232|0x000000008e800000, 0x000000008e900000, 0x000000008e900000|100%| E|CS|TAMS 0x000000008e800000, 0x000000008e900000| Complete 
| 233|0x000000008e900000, 0x000000008ea00000, 0x000000008ea00000|100%| E|CS|TAMS 0x000000008e900000, 0x000000008ea00000| Complete 
| 234|0x000000008ea00000, 0x000000008eb00000, 0x000000008eb00000|100%| E|CS|TAMS 0x000000008ea00000, 0x000000008eb00000| Complete 
| 235|0x000000008eb00000, 0x000000008ec00000, 0x000000008ec00000|100%| E|CS|TAMS 0x000000008eb00000, 0x000000008ec00000| Complete 
| 236|0x000000008ec00000, 0x000000008ed00000, 0x000000008ed00000|100%| E|CS|TAMS 0x000000008ec00000, 0x000000008ed00000| Complete 
| 237|0x000000008ed00000, 0x000000008ee00000, 0x000000008ee00000|100%| E|CS|TAMS 0x000000008ed00000, 0x000000008ee00000| Complete 
| 238|0x000000008ee00000, 0x000000008ef00000, 0x000000008ef00000|100%| E|CS|TAMS 0x000000008ee00000, 0x000000008ef00000| Complete 
| 239|0x000000008ef00000, 0x000000008f000000, 0x000000008f000000|100%| E|CS|TAMS 0x000000008ef00000, 0x000000008f000000| Complete 
| 240|0x000000008f000000, 0x000000008f100000, 0x000000008f100000|100%| E|CS|TAMS 0x000000008f000000, 0x000000008f100000| Complete 
| 241|0x000000008f100000, 0x000000008f200000, 0x000000008f200000|100%| E|CS|TAMS 0x000000008f100000, 0x000000008f200000| Complete 
| 242|0x000000008f200000, 0x000000008f300000, 0x000000008f300000|100%| E|CS|TAMS 0x000000008f200000, 0x000000008f300000| Complete 
| 243|0x000000008f300000, 0x000000008f400000, 0x000000008f400000|100%| E|CS|TAMS 0x000000008f300000, 0x000000008f400000| Complete 
| 244|0x000000008f400000, 0x000000008f500000, 0x000000008f500000|100%| E|CS|TAMS 0x000000008f400000, 0x000000008f500000| Complete 
| 245|0x000000008f500000, 0x000000008f600000, 0x000000008f600000|100%| E|CS|TAMS 0x000000008f500000, 0x000000008f600000| Complete 
| 246|0x000000008f600000, 0x000000008f700000, 0x000000008f700000|100%| E|CS|TAMS 0x000000008f600000, 0x000000008f700000| Complete 
| 247|0x000000008f700000, 0x000000008f800000, 0x000000008f800000|100%| E|CS|TAMS 0x000000008f700000, 0x000000008f800000| Complete 
| 248|0x000000008f800000, 0x000000008f900000, 0x000000008f900000|100%| E|CS|TAMS 0x000000008f800000, 0x000000008f900000| Complete 
| 249|0x000000008f900000, 0x000000008fa00000, 0x000000008fa00000|100%| E|CS|TAMS 0x000000008f900000, 0x000000008fa00000| Complete 
| 250|0x000000008fa00000, 0x000000008fb00000, 0x000000008fb00000|100%| E|CS|TAMS 0x000000008fa00000, 0x000000008fb00000| Complete 
| 251|0x000000008fb00000, 0x000000008fc00000, 0x000000008fc00000|100%| E|CS|TAMS 0x000000008fb00000, 0x000000008fc00000| Complete 
| 252|0x000000008fc00000, 0x000000008fd00000, 0x000000008fd00000|100%| E|CS|TAMS 0x000000008fc00000, 0x000000008fd00000| Complete 
| 253|0x000000008fd00000, 0x000000008fe00000, 0x000000008fe00000|100%| E|CS|TAMS 0x000000008fd00000, 0x000000008fe00000| Complete 
| 254|0x000000008fe00000, 0x000000008ff00000, 0x000000008ff00000|100%| E|CS|TAMS 0x000000008fe00000, 0x000000008ff00000| Complete 
| 255|0x000000008ff00000, 0x0000000090000000, 0x0000000090000000|100%| E|CS|TAMS 0x000000008ff00000, 0x0000000090000000| Complete 

Card table byte_map: [0x000001e659af0000,0x000001e659ef0000] _byte_map_base: 0x000001e6596f0000

Marking Bits (Prev, Next): (CMBitMap*) 0x000001e646c2e940, (CMBitMap*) 0x000001e646c2e908
 Prev Bits: [0x000001e65c2f0000, 0x000001e65e2f0000)
 Next Bits: [0x000001e65a2f0000, 0x000001e65c2f0000)

Polling page: 0x000001e6463d0000

Metaspace:

Usage:
  Non-class:    104.17 MB capacity,   102.13 MB ( 98%) used,     1.70 MB (  2%) free+waste,   354.19 KB ( <1%) overhead. 
      Class:     15.83 MB capacity,    14.69 MB ( 93%) used,  1004.41 KB (  6%) free+waste,   159.75 KB ( <1%) overhead. 
       Both:    120.00 MB capacity,   116.82 MB ( 97%) used,     2.68 MB (  2%) free+waste,   513.94 KB ( <1%) overhead. 

Virtual space:
  Non-class space:      106.00 MB reserved,     104.29 MB ( 98%) committed 
      Class space:        1.00 GB reserved,      15.95 MB (  2%) committed 
             Both:        1.10 GB reserved,     120.23 MB ( 11%) committed 

Chunk freelists:
   Non-Class:  50.00 KB
       Class:  0 bytes
        Both:  50.00 KB

MaxMetaspaceSize: 17179869184.00 GB
CompressedClassSpaceSize: 1.00 GB

CodeHeap 'non-profiled nmethods': size=120064Kb used=9581Kb max_used=9581Kb free=110482Kb
 bounds [0x000001e6521b0000, 0x000001e652b10000, 0x000001e6596f0000]
CodeHeap 'profiled nmethods': size=120000Kb used=33609Kb max_used=33609Kb free=86391Kb
 bounds [0x000001e64ac80000, 0x000001e64cd60000, 0x000001e6521b0000]
CodeHeap 'non-nmethods': size=5696Kb used=2353Kb max_used=2428Kb free=3342Kb
 bounds [0x000001e64a6f0000, 0x000001e64a960000, 0x000001e64ac80000]
 total_blobs=16082 nmethods=15115 adapters=877
 compilation: enabled
              stopped_count=0, restarted_count=0
 full_count=0

Compilation events (20 events):
Event: 77.772 Thread 0x000001e668004000 15172       4       java.io.ObjectOutputStream$BlockDataOutputStream::writeShort (47 bytes)
Event: 77.774 Thread 0x000001e6610a7800 nmethod 15171 0x000001e652b05010 code [0x000001e652b051c0, 0x000001e652b05698]
Event: 77.776 Thread 0x000001e668004000 nmethod 15172 0x000001e652b05810 code [0x000001e652b059a0, 0x000001e652b05ab8]
Event: 77.780 Thread 0x000001e6610a7800 15173 %     4       com.google.common.collect.MapMakerInternalMap$Segment::expand @ 128 (276 bytes)
Event: 77.785 Thread 0x000001e668004000 15174       4       com.google.common.collect.ImmutableMultimap$Builder::put (50 bytes)
Event: 77.805 Thread 0x000001e668004000 nmethod 15174 0x000001e652b05c10 code [0x000001e652b05e20, 0x000001e652b06ac8]
Event: 77.807 Thread 0x000001e6610ad000 15175       3       org.gradle.util.internal.DeferredUtil::unpackOrNull (8 bytes)
Event: 77.808 Thread 0x000001e6610ad000 nmethod 15175 0x000001e64cd4c690 code [0x000001e64cd4c840, 0x000001e64cd4c948]
Event: 77.816 Thread 0x000001e6610ad000 15176   !   3       jdk.internal.reflect.BootstrapConstructorAccessorImpl::newInstance (24 bytes)
Event: 77.817 Thread 0x000001e6610ad000 nmethod 15176 0x000001e64cd4ca10 code [0x000001e64cd4cbe0, 0x000001e64cd4ce18]
Event: 77.818 Thread 0x000001e6610ad000 15177   !   3       java.io.ObjectStreamClass::<init> (260 bytes)
Event: 77.819 Thread 0x000001e6610ad000 nmethod 15177 0x000001e64cd4cf90 code [0x000001e64cd4d3e0, 0x000001e64cd4f628]
Event: 77.824 Thread 0x000001e6610ad000 15178       3       org.gradle.api.internal.artifacts.transform.NoMatchConsumerVariantMatchResult::getInstance (4 bytes)
Event: 77.824 Thread 0x000001e6610ad000 nmethod 15178 0x000001e64cd4ff90 code [0x000001e64cd50140, 0x000001e64cd50238]
Event: 77.824 Thread 0x000001e668004000 15179       4       org.gradle.api.internal.artifacts.transform.TransformationChain::requiresDependencies (30 bytes)
Event: 77.827 Thread 0x000001e668004000 nmethod 15179 0x000001e652b07290 code [0x000001e652b07480, 0x000001e652b07708]
Event: 77.845 Thread 0x000001e6610a7800 nmethod 15173% 0x000001e652b07a10 code [0x000001e652b07d00, 0x000001e652b0a738]
Event: 77.848 Thread 0x000001e6610ad000 15180       3       org.gradle.internal.instantiation.generator.AsmBackedClassGenerator$ClassBuilderImpl::generateToStringSupport (229 bytes)
Event: 77.848 Thread 0x000001e668004000 15181       4       org.objectweb.asm.MethodWriter::visitLdcInsn (215 bytes)
Event: 77.849 Thread 0x000001e6610ad000 nmethod 15180 0x000001e64cd50310 code [0x000001e64cd506e0, 0x000001e64cd51e28]

GC Heap History (20 events):
Event: 10.133 GC heap after
{Heap after GC invocations=13 (full 0):
 garbage-first heap   total 262144K, used 61428K [0x0000000080000000, 0x0000000100000000)
  region size 1024K, 14 young (14336K), 14 survivors (14336K)
 Metaspace       used 55680K, capacity 57417K, committed 57544K, reserved 1099776K
  class space    used 7141K, capacity 7707K, committed 7808K, reserved 1048576K
}
Event: 15.357 GC heap before
{Heap before GC invocations=13 (full 0):
 garbage-first heap   total 262144K, used 207860K [0x0000000080000000, 0x0000000100000000)
  region size 1024K, 150 young (153600K), 14 survivors (14336K)
 Metaspace       used 69496K, capacity 71446K, committed 71496K, reserved 1112064K
  class space    used 8803K, capacity 9470K, committed 9472K, reserved 1048576K
}
Event: 15.378 GC heap after
{Heap after GC invocations=14 (full 0):
 garbage-first heap   total 262144K, used 82728K [0x0000000080000000, 0x0000000100000000)
  region size 1024K, 19 young (19456K), 19 survivors (19456K)
 Metaspace       used 69496K, capacity 71446K, committed 71496K, reserved 1112064K
  class space    used 8803K, capacity 9470K, committed 9472K, reserved 1048576K
}
Event: 16.618 GC heap before
{Heap before GC invocations=14 (full 0):
 garbage-first heap   total 262144K, used 166696K [0x0000000080000000, 0x0000000100000000)
  region size 1024K, 101 young (103424K), 19 survivors (19456K)
 Metaspace       used 75178K, capacity 77277K, committed 77348K, reserved 1116160K
  class space    used 9520K, capacity 10226K, committed 10240K, reserved 1048576K
}
Event: 16.645 GC heap after
{Heap after GC invocations=15 (full 0):
 garbage-first heap   total 262144K, used 90557K [0x0000000080000000, 0x0000000100000000)
  region size 1024K, 7 young (7168K), 7 survivors (7168K)
 Metaspace       used 75178K, capacity 77277K, committed 77348K, reserved 1116160K
  class space    used 9520K, capacity 10226K, committed 10240K, reserved 1048576K
}
Event: 17.909 GC heap before
{Heap before GC invocations=16 (full 0):
 garbage-first heap   total 262144K, used 191933K [0x0000000080000000, 0x0000000100000000)
  region size 1024K, 106 young (108544K), 7 survivors (7168K)
 Metaspace       used 85214K, capacity 87398K, committed 87664K, reserved 1126400K
  class space    used 10990K, capacity 11758K, committed 11852K, reserved 1048576K
}
Event: 17.924 GC heap after
{Heap after GC invocations=17 (full 0):
 garbage-first heap   total 262144K, used 95971K [0x0000000080000000, 0x0000000100000000)
  region size 1024K, 12 young (12288K), 12 survivors (12288K)
 Metaspace       used 85214K, capacity 87398K, committed 87664K, reserved 1126400K
  class space    used 10990K, capacity 11758K, committed 11852K, reserved 1048576K
}
Event: 19.731 GC heap before
{Heap before GC invocations=17 (full 0):
 garbage-first heap   total 262144K, used 205539K [0x0000000080000000, 0x0000000100000000)
  region size 1024K, 111 young (113664K), 12 survivors (12288K)
 Metaspace       used 92352K, capacity 94723K, committed 94960K, reserved 1132544K
  class space    used 11893K, capacity 12726K, committed 12748K, reserved 1048576K
}
Event: 19.747 GC heap after
{Heap after GC invocations=18 (full 0):
 garbage-first heap   total 262144K, used 115883K [0x0000000080000000, 0x0000000100000000)
  region size 1024K, 14 young (14336K), 14 survivors (14336K)
 Metaspace       used 92352K, capacity 94723K, committed 94960K, reserved 1132544K
  class space    used 11893K, capacity 12726K, committed 12748K, reserved 1048576K
}
Event: 20.817 GC heap before
{Heap before GC invocations=18 (full 0):
 garbage-first heap   total 262144K, used 207019K [0x0000000080000000, 0x0000000100000000)
  region size 1024K, 102 young (104448K), 14 survivors (14336K)
 Metaspace       used 100759K, capacity 103371K, committed 103408K, reserved 1138688K
  class space    used 12838K, capacity 13755K, committed 13772K, reserved 1048576K
}
Event: 20.832 GC heap after
{Heap after GC invocations=19 (full 0):
 garbage-first heap   total 262144K, used 122204K [0x0000000080000000, 0x0000000100000000)
  region size 1024K, 6 young (6144K), 6 survivors (6144K)
 Metaspace       used 100759K, capacity 103371K, committed 103408K, reserved 1138688K
  class space    used 12838K, capacity 13755K, committed 13772K, reserved 1048576K
}
Event: 22.708 GC heap before
{Heap before GC invocations=19 (full 0):
 garbage-first heap   total 262144K, used 209244K [0x0000000080000000, 0x0000000100000000)
  region size 1024K, 92 young (94208K), 6 survivors (6144K)
 Metaspace       used 102563K, capacity 105215K, committed 105456K, reserved 1140736K
  class space    used 13029K, capacity 14000K, committed 14028K, reserved 1048576K
}
Event: 22.724 GC heap after
{Heap after GC invocations=20 (full 0):
 garbage-first heap   total 262144K, used 126964K [0x0000000080000000, 0x0000000100000000)
  region size 1024K, 11 young (11264K), 11 survivors (11264K)
 Metaspace       used 102563K, capacity 105215K, committed 105456K, reserved 1140736K
  class space    used 13029K, capacity 14000K, committed 14028K, reserved 1048576K
}
Event: 24.040 GC heap before
{Heap before GC invocations=20 (full 0):
 garbage-first heap   total 262144K, used 211956K [0x0000000080000000, 0x0000000100000000)
  region size 1024K, 95 young (97280K), 11 survivors (11264K)
 Metaspace       used 107914K, capacity 110745K, committed 110832K, reserved 1144832K
  class space    used 13752K, capacity 14775K, committed 14796K, reserved 1048576K
}
Event: 24.054 GC heap after
{Heap after GC invocations=21 (full 0):
 garbage-first heap   total 262144K, used 131680K [0x0000000080000000, 0x0000000100000000)
  region size 1024K, 11 young (11264K), 11 survivors (11264K)
 Metaspace       used 107914K, capacity 110745K, committed 110832K, reserved 1144832K
  class space    used 13752K, capacity 14775K, committed 14796K, reserved 1048576K
}
Event: 24.900 GC heap before
{Heap before GC invocations=21 (full 0):
 garbage-first heap   total 262144K, used 215648K [0x0000000080000000, 0x0000000100000000)
  region size 1024K, 93 young (95232K), 11 survivors (11264K)
 Metaspace       used 113057K, capacity 116018K, committed 116208K, reserved 1150976K
  class space    used 14368K, capacity 15438K, committed 15564K, reserved 1048576K
}
Event: 24.919 GC heap after
{Heap after GC invocations=22 (full 0):
 garbage-first heap   total 262144K, used 137419K [0x0000000080000000, 0x0000000100000000)
  region size 1024K, 10 young (10240K), 10 survivors (10240K)
 Metaspace       used 113057K, capacity 116018K, committed 116208K, reserved 1150976K
  class space    used 14368K, capacity 15438K, committed 15564K, reserved 1048576K
}
Event: 76.443 GC heap before
{Heap before GC invocations=23 (full 0):
 garbage-first heap   total 262144K, used 218315K [0x0000000080000000, 0x0000000100000000)
  region size 1024K, 89 young (91136K), 10 survivors (10240K)
 Metaspace       used 118246K, capacity 121222K, committed 121584K, reserved 1155072K
  class space    used 14831K, capacity 15941K, committed 16076K, reserved 1048576K
}
Event: 76.460 GC heap after
{Heap after GC invocations=24 (full 0):
 garbage-first heap   total 262144K, used 144647K [0x0000000080000000, 0x0000000100000000)
  region size 1024K, 12 young (12288K), 12 survivors (12288K)
 Metaspace       used 118246K, capacity 121222K, committed 121584K, reserved 1155072K
  class space    used 14831K, capacity 15941K, committed 16076K, reserved 1048576K
}
Event: 77.853 GC heap before
{Heap before GC invocations=24 (full 0):
 garbage-first heap   total 262144K, used 216327K [0x0000000080000000, 0x0000000100000000)
  region size 1024K, 83 young (84992K), 12 survivors (12288K)
 Metaspace       used 119620K, capacity 122879K, committed 123120K, reserved 1157120K
  class space    used 15040K, capacity 16205K, committed 16332K, reserved 1048576K
}

Deoptimization events (20 events):
Event: 77.491 Thread 0x000001e663dc7000 DEOPT PACKING pc=0x000001e65287adc4 sp=0x00000076720f8f10
Event: 77.491 Thread 0x000001e663dc7000 DEOPT UNPACKING pc=0x000001e64a71662f sp=0x00000076720f8ed8 mode 2
Event: 77.711 Thread 0x000001e663dc7000 Uncommon trap: trap_request=0xffffffc6 fr.pc=0x000001e6529da5fc relative=0x000000000000047c
Event: 77.711 Thread 0x000001e663dc7000 Uncommon trap: reason=bimorphic_or_optimized_type_check action=maybe_recompile pc=0x000001e6529da5fc method=org.gradle.internal.snapshot.SnapshotUtil$1.handleAsDescendantOfChild(Lorg/gradle/internal/snapshot/VfsRelativePath;Lorg/gradle/internal/snapshot/F
Event: 77.711 Thread 0x000001e663dc7000 DEOPT PACKING pc=0x000001e6529da5fc sp=0x00000076720f7f70
Event: 77.711 Thread 0x000001e663dc7000 DEOPT UNPACKING pc=0x000001e64a71662f sp=0x00000076720f7ea8 mode 2
Event: 77.711 Thread 0x000001e663dc7000 Uncommon trap: trap_request=0xffffffde fr.pc=0x000001e652ab009c relative=0x0000000000000dbc
Event: 77.711 Thread 0x000001e663dc7000 Uncommon trap: reason=class_check action=maybe_recompile pc=0x000001e652ab009c method=org.gradle.internal.snapshot.SnapshotUtil$1.handleUnrelatedToAnyChild()Ljava/util/Optional; @ 4 c2
Event: 77.711 Thread 0x000001e663dc7000 DEOPT PACKING pc=0x000001e652ab009c sp=0x00000076720f7ec0
Event: 77.711 Thread 0x000001e663dc7000 DEOPT UNPACKING pc=0x000001e64a71662f sp=0x00000076720f7df0 mode 2
Event: 77.712 Thread 0x000001e663dc7000 Uncommon trap: trap_request=0xffffffde fr.pc=0x000001e652aad200 relative=0x0000000000001980
Event: 77.712 Thread 0x000001e663dc7000 Uncommon trap: reason=class_check action=maybe_recompile pc=0x000001e652aad200 method=org.gradle.internal.snapshot.AbstractListChildMap$2.withReplacedChild(Ljava/lang/Object;)Lorg/gradle/internal/snapshot/ChildMap; @ 12 c2
Event: 77.712 Thread 0x000001e663dc7000 DEOPT PACKING pc=0x000001e652aad200 sp=0x00000076720f8f50
Event: 77.712 Thread 0x000001e663dc7000 DEOPT UNPACKING pc=0x000001e64a71662f sp=0x00000076720f8d38 mode 2
Event: 77.724 Thread 0x000001e663dc7000 DEOPT PACKING pc=0x000001e64c827576 sp=0x00000076720f81e0
Event: 77.724 Thread 0x000001e663dc7000 DEOPT UNPACKING pc=0x000001e64a716dde sp=0x00000076720f7700 mode 0
Event: 77.822 Thread 0x000001e663dc7000 Uncommon trap: trap_request=0xffffffc6 fr.pc=0x000001e652adf190 relative=0x00000000000000b0
Event: 77.822 Thread 0x000001e663dc7000 Uncommon trap: reason=bimorphic_or_optimized_type_check action=maybe_recompile pc=0x000001e652adf190 method=org.gradle.internal.snapshot.DirectorySnapshot.accept(Lorg/gradle/internal/snapshot/FileSystemSnapshotHierarchyVisitor;)Lorg/gradle/internal/snapsh
Event: 77.822 Thread 0x000001e663dc7000 DEOPT PACKING pc=0x000001e652adf190 sp=0x00000076720f8e70
Event: 77.823 Thread 0x000001e663dc7000 DEOPT UNPACKING pc=0x000001e64a71662f sp=0x00000076720f8e10 mode 2

Classes redefined (0 events):
No events

Internal exceptions (20 events):
Event: 76.023 Thread 0x000001e663dc7000 Implicit null exception at 0x000001e652a23351 to 0x000001e652a23e4c
Event: 76.516 Thread 0x000001e663dc7000 Exception <a 'java/lang/NoSuchMethodError'{0x000000008fdc5c90}: <clinit>> (0x000000008fdc5c90) thrown at [./src/hotspot/share/prims/jni.cpp, line 1362]
Event: 76.526 Thread 0x000001e663dc7000 Exception <a 'sun/nio/fs/WindowsException'{0x000000008fc4d0f8}> (0x000000008fc4d0f8) thrown at [./src/hotspot/share/prims/jni.cpp, line 615]
Event: 76.561 Thread 0x000001e667ffb800 Exception <a 'java/lang/NoSuchMethodError'{0x000000008ff07960}: <clinit>> (0x000000008ff07960) thrown at [./src/hotspot/share/prims/jni.cpp, line 1362]
Event: 76.562 Thread 0x000001e667ffb800 Exception <a 'java/lang/NoSuchMethodError'{0x000000008fa89d98}: <clinit>> (0x000000008fa89d98) thrown at [./src/hotspot/share/prims/jni.cpp, line 1362]
Event: 76.568 Thread 0x000001e667ffb800 Exception <a 'java/lang/NoSuchMethodError'{0x000000008fa9dbc8}: <clinit>> (0x000000008fa9dbc8) thrown at [./src/hotspot/share/prims/jni.cpp, line 1362]
Event: 76.570 Thread 0x000001e667ffb800 Exception <a 'java/lang/NoSuchMethodError'{0x000000008faf6d00}: <clinit>> (0x000000008faf6d00) thrown at [./src/hotspot/share/prims/jni.cpp, line 1362]
Event: 76.570 Thread 0x000001e667ffb800 Exception <a 'java/lang/NoSuchMethodError'{0x000000008faf7fd8}: <clinit>> (0x000000008faf7fd8) thrown at [./src/hotspot/share/prims/jni.cpp, line 1362]
Event: 76.587 Thread 0x000001e668058000 Exception <a 'java/lang/NoSuchMethodError'{0x000000008f707cb0}: <clinit>> (0x000000008f707cb0) thrown at [./src/hotspot/share/prims/jni.cpp, line 1362]
Event: 76.589 Thread 0x000001e668058000 Exception <a 'java/lang/NoSuchMethodError'{0x000000008f744360}: <clinit>> (0x000000008f744360) thrown at [./src/hotspot/share/prims/jni.cpp, line 1362]
Event: 76.592 Thread 0x000001e668058000 Exception <a 'java/lang/NoSuchMethodError'{0x000000008f7666b8}: <clinit>> (0x000000008f7666b8) thrown at [./src/hotspot/share/prims/jni.cpp, line 1362]
Event: 76.616 Thread 0x000001e667ffb800 Exception <a 'java/lang/NoSuchMethodError'{0x000000008f6ec000}: <clinit>> (0x000000008f6ec000) thrown at [./src/hotspot/share/prims/jni.cpp, line 1362]
Event: 76.616 Thread 0x000001e663dc7000 Exception <a 'java/lang/NoSuchMethodError'{0x000000008f6f3390}: 'java.lang.Object java.lang.invoke.DirectMethodHandle$Holder.invokeInterface(java.lang.Object, java.lang.Object, int)'> (0x000000008f6f3390) thrown at [./src/hotspot/share/interpreter/linkResolver.cpp, line 773]
Event: 76.618 Thread 0x000001e663dc7000 Exception <a 'java/lang/NoSuchMethodError'{0x000000008f50a228}: 'void java.lang.invoke.DirectMethodHandle$Holder.invokeStatic(java.lang.Object, java.lang.Object, java.lang.Object, int)'> (0x000000008f50a228) thrown at [./src/hotspot/share/interpreter/linkResolver.cpp, line 773]
Event: 77.503 Thread 0x000001e663dc7000 Exception <a 'java/lang/NoSuchMethodError'{0x000000008c742680}: <clinit>> (0x000000008c742680) thrown at [./src/hotspot/share/prims/jni.cpp, line 1362]
Event: 77.817 Thread 0x000001e663dc7000 Exception <a 'java/lang/NoSuchMethodError'{0x000000008bbf5190}: <clinit>> (0x000000008bbf5190) thrown at [./src/hotspot/share/prims/jni.cpp, line 1362]
Event: 77.817 Thread 0x000001e663dc7000 Exception <a 'java/lang/NoSuchMethodError'{0x000000008bbf7220}: <clinit>> (0x000000008bbf7220) thrown at [./src/hotspot/share/prims/jni.cpp, line 1362]
Event: 77.817 Thread 0x000001e663dc7000 Exception <a 'java/lang/NoSuchMethodError'{0x000000008bbf9e60}: <clinit>> (0x000000008bbf9e60) thrown at [./src/hotspot/share/prims/jni.cpp, line 1362]
Event: 77.821 Thread 0x000001e663dc7000 Exception <a 'java/lang/NoSuchMethodError'{0x000000008ba2de98}: <clinit>> (0x000000008ba2de98) thrown at [./src/hotspot/share/prims/jni.cpp, line 1362]
Event: 77.821 Thread 0x000001e663dc7000 Exception <a 'java/lang/NoSuchMethodError'{0x000000008ba2fb70}: <clinit>> (0x000000008ba2fb70) thrown at [./src/hotspot/share/prims/jni.cpp, line 1362]

Events (20 events):
Event: 77.463 loading class com/google/common/collect/ForwardingMapEntry done
Event: 77.464 loading class org/gradle/internal/execution/history/changes/DefaultIncrementalInputProperties
Event: 77.464 loading class org/gradle/internal/execution/history/changes/DefaultIncrementalInputProperties done
Event: 77.464 loading class org/gradle/internal/execution/history/changes/DefaultIncrementalInputProperties
Event: 77.464 loading class org/gradle/internal/execution/history/changes/DefaultIncrementalInputProperties done
Event: 77.821 loading class org/gradle/internal/snapshot/FileSystemLocationSnapshot
Event: 77.821 loading class org/gradle/internal/snapshot/FileSystemLocationSnapshot done
Event: 77.821 loading class org/gradle/internal/fingerprint/impl/IgnoredPathFingerprintingStrategy
Event: 77.821 loading class org/gradle/internal/fingerprint/impl/IgnoredPathFingerprintingStrategy done
Event: 77.822 loading class org/gradle/internal/fingerprint/impl/IgnoredPathFingerprintingStrategy$1
Event: 77.822 loading class org/gradle/internal/fingerprint/impl/IgnoredPathFingerprintingStrategy$1 done
Event: 77.823 Executing VM operation: ICBufferFull
Event: 77.823 Executing VM operation: ICBufferFull done
Event: 77.834 loading class org/gradle/api/internal/artifacts/ivyservice/clientmodule/ClientModuleResolver$ClientModuleComponentResolveMetadata
Event: 77.834 loading class org/gradle/api/internal/artifacts/ivyservice/clientmodule/ClientModuleResolver$ClientModuleComponentResolveMetadata done
Event: 77.835 loading class org/gradle/api/internal/artifacts/ivyservice/clientmodule/ClientModuleResolver$ClientModuleConfigurationMetadata
Event: 77.835 loading class org/gradle/api/internal/artifacts/ivyservice/clientmodule/ClientModuleResolver$ClientModuleConfigurationMetadata done
Event: 77.836 Executing VM operation: Deoptimize
Event: 77.837 Executing VM operation: Deoptimize done
Event: 77.853 Executing VM operation: G1CollectForAllocation


Dynamic libraries:
0x00007ff6b9ec0000 - 0x00007ff6b9eca000 	C:\Program Files\Android\Android Studio\jre\bin\java.exe
0x00007ffeb1520000 - 0x00007ffeb1729000 	C:\WINDOWS\SYSTEM32\ntdll.dll
0x00007ffeafb00000 - 0x00007ffeafbbd000 	C:\WINDOWS\System32\KERNEL32.DLL
0x00007ffeaebe0000 - 0x00007ffeaef54000 	C:\WINDOWS\System32\KERNELBASE.dll
0x00007ffeaf190000 - 0x00007ffeaf2a1000 	C:\WINDOWS\System32\ucrtbase.dll
0x00007ffe773b0000 - 0x00007ffe773c7000 	C:\Program Files\Android\Android Studio\jre\bin\VCRUNTIME140.dll
0x00007ffe773d0000 - 0x00007ffe773e9000 	C:\Program Files\Android\Android Studio\jre\bin\jli.dll
0x00007ffeaf710000 - 0x00007ffeaf8bc000 	C:\WINDOWS\System32\USER32.dll
0x00007ffe8aa50000 - 0x00007ffe8acf5000 	C:\WINDOWS\WinSxS\amd64_microsoft.windows.common-controls_6595b64144ccf1df_6.0.22000.120_none_9d947278b86cc467\COMCTL32.dll
0x00007ffeaea90000 - 0x00007ffeaeab6000 	C:\WINDOWS\System32\win32u.dll
0x00007ffeb0bf0000 - 0x00007ffeb0c93000 	C:\WINDOWS\System32\msvcrt.dll
0x00007ffeaf580000 - 0x00007ffeaf5a9000 	C:\WINDOWS\System32\GDI32.dll
0x00007ffeaeac0000 - 0x00007ffeaebd2000 	C:\WINDOWS\System32\gdi32full.dll
0x00007ffeaf320000 - 0x00007ffeaf3bd000 	C:\WINDOWS\System32\msvcp_win.dll
0x00007ffeaf8c0000 - 0x00007ffeaf8f1000 	C:\WINDOWS\System32\IMM32.DLL
0x00007ffe76970000 - 0x00007ffe76a0d000 	C:\Program Files\Android\Android Studio\jre\bin\msvcp140.dll
0x00007ffe6e710000 - 0x00007ffe6f1e5000 	C:\Program Files\Android\Android Studio\jre\bin\server\jvm.dll
0x00007ffeaf900000 - 0x00007ffeaf9ae000 	C:\WINDOWS\System32\ADVAPI32.dll
0x00007ffeb02c0000 - 0x00007ffeb035e000 	C:\WINDOWS\System32\sechost.dll
0x00007ffeb0e50000 - 0x00007ffeb0f70000 	C:\WINDOWS\System32\RPCRT4.dll
0x00007ffeb0170000 - 0x00007ffeb0178000 	C:\WINDOWS\System32\PSAPI.DLL
0x00007ffea9790000 - 0x00007ffea97c3000 	C:\WINDOWS\SYSTEM32\WINMM.dll
0x00007ffe94300000 - 0x00007ffe94309000 	C:\WINDOWS\SYSTEM32\WSOCK32.dll
0x00007ffea7ff0000 - 0x00007ffea7ffa000 	C:\WINDOWS\SYSTEM32\VERSION.dll
0x00007ffeb0f70000 - 0x00007ffeb0fdf000 	C:\WINDOWS\System32\WS2_32.dll
0x00007ffeadb10000 - 0x00007ffeadb28000 	C:\WINDOWS\SYSTEM32\kernel.appcore.dll
0x00007ffe7c750000 - 0x00007ffe7c761000 	C:\Program Files\Android\Android Studio\jre\bin\verify.dll
0x00007ffea6b00000 - 0x00007ffea6d21000 	C:\WINDOWS\SYSTEM32\DBGHELP.DLL
0x00007ffe9b200000 - 0x00007ffe9b231000 	C:\WINDOWS\SYSTEM32\dbgcore.DLL
0x00007ffeaea10000 - 0x00007ffeaea8f000 	C:\WINDOWS\System32\bcryptPrimitives.dll
0x00007ffe7c720000 - 0x00007ffe7c749000 	C:\Program Files\Android\Android Studio\jre\bin\java.dll
0x00007ffe93fc0000 - 0x00007ffe93fcb000 	C:\Program Files\Android\Android Studio\jre\bin\jimage.dll
0x00007ffe7c700000 - 0x00007ffe7c718000 	C:\Program Files\Android\Android Studio\jre\bin\zip.dll
0x00007ffeb0440000 - 0x00007ffeb0bee000 	C:\WINDOWS\System32\SHELL32.dll
0x00007ffeacb80000 - 0x00007ffead3e7000 	C:\WINDOWS\SYSTEM32\windows.storage.dll
0x00007ffeafdf0000 - 0x00007ffeb0168000 	C:\WINDOWS\System32\combase.dll
0x00007ffeaca10000 - 0x00007ffeacb76000 	C:\WINDOWS\SYSTEM32\wintypes.dll
0x00007ffeaf5b0000 - 0x00007ffeaf69a000 	C:\WINDOWS\System32\SHCORE.dll
0x00007ffeafaa0000 - 0x00007ffeafafd000 	C:\WINDOWS\System32\shlwapi.dll
0x00007ffeae940000 - 0x00007ffeae961000 	C:\WINDOWS\SYSTEM32\profapi.dll
0x00007ffe7c6e0000 - 0x00007ffe7c6fa000 	C:\Program Files\Android\Android Studio\jre\bin\net.dll
0x00007ffea9220000 - 0x00007ffea932c000 	C:\WINDOWS\SYSTEM32\WINHTTP.dll
0x00007ffeadf40000 - 0x00007ffeadfa7000 	C:\WINDOWS\system32\mswsock.dll
0x00007ffe7b0c0000 - 0x00007ffe7b0d4000 	C:\Program Files\Android\Android Studio\jre\bin\nio.dll
0x00007ffe93990000 - 0x00007ffe939b7000 	C:\Users\syeds\.gradle\native\e1d6ef7f7dcc3fd88c89a11ec53ec762bb8ba0a96d01ffa2cd45eb1d1d8dd5c5\windows-amd64\native-platform.dll
0x00007ffe64880000 - 0x00007ffe649c4000 	C:\Users\syeds\.gradle\native\5664cfc778a61ccfe75a443a1ab52a65af34e5dc3c78e0209fed803814484fcb\windows-amd64\native-platform-file-events.dll
0x00007ffe93370000 - 0x00007ffe9337a000 	C:\Program Files\Android\Android Studio\jre\bin\management.dll
0x00007ffe91c80000 - 0x00007ffe91c8d000 	C:\Program Files\Android\Android Studio\jre\bin\management_ext.dll
0x00007ffeae180000 - 0x00007ffeae198000 	C:\WINDOWS\SYSTEM32\CRYPTSP.dll
0x00007ffeada70000 - 0x00007ffeadaa5000 	C:\WINDOWS\system32\rsaenh.dll
0x00007ffeae030000 - 0x00007ffeae059000 	C:\WINDOWS\SYSTEM32\USERENV.dll
0x00007ffeae300000 - 0x00007ffeae327000 	C:\WINDOWS\SYSTEM32\bcrypt.dll
0x00007ffeae1a0000 - 0x00007ffeae1ac000 	C:\WINDOWS\SYSTEM32\CRYPTBASE.dll
0x00007ffead640000 - 0x00007ffead66d000 	C:\WINDOWS\SYSTEM32\IPHLPAPI.DLL
0x00007ffeb0de0000 - 0x00007ffeb0de9000 	C:\WINDOWS\System32\NSI.dll
0x00007ffea91d0000 - 0x00007ffea91e9000 	C:\WINDOWS\SYSTEM32\dhcpcsvc6.DLL
0x00007ffea9700000 - 0x00007ffea971e000 	C:\WINDOWS\SYSTEM32\dhcpcsvc.DLL
0x00007ffead670000 - 0x00007ffead757000 	C:\WINDOWS\SYSTEM32\DNSAPI.dll

dbghelp: loaded successfully - version: 4.0.5 - missing functions: none
symbol engine: initialized successfully - sym options: 0x614 - pdb path: .;C:\Program Files\Android\Android Studio\jre\bin;C:\WINDOWS\SYSTEM32;C:\WINDOWS\WinSxS\amd64_microsoft.windows.common-controls_6595b64144ccf1df_6.0.22000.120_none_9d947278b86cc467;C:\Program Files\Android\Android Studio\jre\bin\server;C:\Users\syeds\.gradle\native\e1d6ef7f7dcc3fd88c89a11ec53ec762bb8ba0a96d01ffa2cd45eb1d1d8dd5c5\windows-amd64;C:\Users\syeds\.gradle\native\5664cfc778a61ccfe75a443a1ab52a65af34e5dc3c78e0209fed803814484fcb\windows-amd64

VM Arguments:
jvm_args: --add-opens=java.base/java.util=ALL-UNNAMED --add-opens=java.base/java.lang=ALL-UNNAMED --add-opens=java.base/java.lang.invoke=ALL-UNNAMED --add-opens=java.base/java.util=ALL-UNNAMED --add-opens=java.prefs/java.util.prefs=ALL-UNNAMED --add-opens=java.prefs/java.util.prefs=ALL-UNNAMED --add-opens=java.base/java.nio.charset=ALL-UNNAMED --add-opens=java.base/java.net=ALL-UNNAMED --add-opens=java.base/java.util.concurrent.atomic=ALL-UNNAMED -Xmx2048m -Dfile.encoding=UTF-8 -Duser.country=US -Duser.language=en -Duser.variant 
java_command: org.gradle.launcher.daemon.bootstrap.GradleDaemon 7.2
java_class_path (initial): C:\Users\syeds\.gradle\wrapper\dists\gradle-7.2-bin\2dnblmf4td7x66yl1d74lt32g\gradle-7.2\lib\gradle-launcher-7.2.jar
Launcher Type: SUN_STANDARD

[Global flags]
     intx CICompilerCount                          = 3                                         {product} {ergonomic}
     uint ConcGCThreads                            = 1                                         {product} {ergonomic}
     uint G1ConcRefinementThreads                  = 4                                         {product} {ergonomic}
   size_t G1HeapRegionSize                         = 1048576                                   {product} {ergonomic}
    uintx GCDrainStackTargetSize                   = 64                                        {product} {ergonomic}
   size_t InitialHeapSize                          = 268435456                                 {product} {ergonomic}
   size_t MarkStackSize                            = 4194304                                   {product} {ergonomic}
   size_t MaxHeapSize                              = 2147483648                                {product} {command line}
   size_t MaxNewSize                               = 1287651328                                {product} {ergonomic}
   size_t MinHeapDeltaBytes                        = 1048576                                   {product} {ergonomic}
    uintx NonNMethodCodeHeapSize                   = 5830732                                {pd product} {ergonomic}
    uintx NonProfiledCodeHeapSize                  = 122913754                              {pd product} {ergonomic}
    uintx ProfiledCodeHeapSize                     = 122913754                              {pd product} {ergonomic}
    uintx ReservedCodeCacheSize                    = 251658240                              {pd product} {ergonomic}
     bool SegmentedCodeCache                       = true                                      {product} {ergonomic}
     bool UseCompressedClassPointers               = true                                 {lp64_product} {ergonomic}
     bool UseCompressedOops                        = true                                 {lp64_product} {ergonomic}
     bool UseG1GC                                  = true                                      {product} {ergonomic}
     bool UseLargePagesIndividualAllocation        = false                                  {pd product} {ergonomic}

Logging:
Log output configuration:
 #0: stdout all=warning uptime,level,tags
 #1: stderr all=off uptime,level,tags

Environment Variables:
PATH=C:\Program Files\Common Files\Oracle\Java\javapath;C:\WINDOWS\system32;C:\WINDOWS;C:\WINDOWS\System32\Wbem;C:\WINDOWS\System32\WindowsPowerShell\v1.0\;C:\WINDOWS\System32\OpenSSH\;C:\Program Files\Git\cmd;C:\Users\syeds\AppData\Local\Microsoft\WindowsApps;C:\Users\syeds\AppData\Local\GitHubDesktop\bin;C:\Users\syeds\AppData\Local\Programs\Microsoft VS Code\bin
USERNAME=syeds
OS=Windows_NT
PROCESSOR_IDENTIFIER=Intel64 Family 6 Model 60 Stepping 3, GenuineIntel



---------------  S Y S T E M  ---------------

OS: Windows 10 , 64 bit Build 22000 (10.0.22000.434)
OS uptime: 0 days 0:04 hours

CPU:total 4 (initial active 4) (4 cores per cpu, 1 threads per core) family 6 model 60 stepping 3 microcode 0x28, cmov, cx8, fxsr, mmx, sse, sse2, sse3, ssse3, sse4.1, sse4.2, popcnt, avx, avx2, aes, clmul, erms, lzcnt, tsc, tscinvbit, bmi1, bmi2, fma

Memory: 4k page, system-wide physical 16284M (7801M free)
TotalPageFile size 18716M (AvailPageFile size 10296M)
current process WorkingSet (physical memory assigned to process): 575M, peak: 575M
current process commit charge ("private bytes"): 608M, peak: 609M

vm_info: OpenJDK 64-Bit Server VM (11.0.11+9-b60-7590822) for windows-amd64 JRE (11.0.11+9-b60-7590822), built on Jul 29 2021 21:43:44 by "builder" with MS VC++ 14.0 (VS2015)

END.
